#
# There is insufficient memory for the Java Runtime Environment to continue.
# Native memory allocation (malloc) failed to allocate 809936 bytes. Error detail: Chunk::new
# Possible reasons:
#   The system is out of physical RAM or swap space
#   This process is running with CompressedOops enabled, and the Java Heap may be blocking the growth of the native heap
# Possible solutions:
#   Reduce memory load on the system
#   Increase physical memory or swap space
#   Check if swap backing store is full
#   Decrease Java heap size (-Xmx/-Xms)
#   Decrease number of Java threads
#   Decrease Java thread stack sizes (-Xss)
#   Set larger code cache with -XX:ReservedCodeCacheSize=
#   JVM is running with Unscaled Compressed Oops mode in which the Java heap is
#     placed in the first 4GB address space. The Java Heap base address is the
#     maximum limit for the native heap growth. Please use -XX:HeapBaseMinAddress
#     to set the Java Heap base and to place the Java Heap above 4GB virtual address.
# This output file may be truncated or incomplete.
#
#  Out of Memory Error (arena.cpp:191), pid=25264, tid=13588
#
# JRE version: OpenJDK Runtime Environment Temurin-17.0.12+7 (17.0.12+7) (build 17.0.12+7)
# Java VM: OpenJDK 64-Bit Server VM Temurin-17.0.12+7 (17.0.12+7, mixed mode, tiered, compressed oops, compressed class ptrs, parallel gc, windows-amd64)
# No core dump will be written. Minidumps are not enabled by default on client versions of Windows
#

---------------  S U M M A R Y ------------

Command Line: --add-modules=ALL-SYSTEM --add-opens=java.base/java.util=ALL-UNNAMED --add-opens=java.base/java.lang=ALL-UNNAMED --add-opens=java.base/sun.nio.fs=ALL-UNNAMED -Declipse.application=org.eclipse.jdt.ls.core.id1 -Dosgi.bundles.defaultStartLevel=4 -Declipse.product=org.eclipse.jdt.ls.core.product -Djava.import.generatesMetadataFilesAtProjectRoot=false -DDetectVMInstallationsJob.disabled=true -Dfile.encoding=utf8 -XX:+UseParallelGC -XX:GCTimeRatio=4 -XX:AdaptiveSizePolicyWeight=90 -Dsun.zip.disableMemoryMapping=true -Xmx1G -Xms100m -Xlog:disable -javaagent:c:\Users\HP\.vscode\extensions\redhat.java-1.34.0-win32-x64\lombok\lombok-1.18.33.jar -XX:+HeapDumpOnOutOfMemoryError -XX:HeapDumpPath=c:\Users\HP\AppData\Roaming\Code\User\workspaceStorage\fdfb1d2a9fd6f7975dfe5310c4bfaddf\redhat.java -Daether.dependencyCollector.impl=bf c:\Users\HP\.vscode\extensions\redhat.java-1.34.0-win32-x64\server\plugins\org.eclipse.equinox.launcher_1.6.900.v20240613-2009.jar -configuration c:\Users\HP\AppData\Roaming\Code\User\globalStorage\redhat.java\1.34.0\config_win -data c:\Users\HP\AppData\Roaming\Code\User\workspaceStorage\fdfb1d2a9fd6f7975dfe5310c4bfaddf\redhat.java\jdt_ws --pipe=\\.\pipe\lsp-af5b61d1dfd75e3b466bb893f6f43d58-sock

Host: Intel(R) Core(TM) i7-10510U CPU @ 1.80GHz, 8 cores, 7G,  Windows 11 , 64 bit Build 22621 (10.0.22621.3958)
Time: Tue Sep  3 00:01:31 2024 Arabian Standard Time elapsed time: 17.386856 seconds (0d 0h 0m 17s)

---------------  T H R E A D  ---------------

Current thread (0x0000024b61f68920):  JavaThread "C2 CompilerThread0" daemon [_thread_in_native, id=13588, stack(0x000000a3f4300000,0x000000a3f4400000)]


Current CompileTask:
C2:  17387 6074   !   4       org.eclipse.osgi.internal.loader.classpath.ClasspathManager::findLocalClass (210 bytes)

Stack: [0x000000a3f4300000,0x000000a3f4400000]
Native frames: (J=compiled Java code, j=interpreted, Vv=VM code, C=native code)
V  [jvm.dll+0x67f929]
V  [jvm.dll+0x8371ba]
V  [jvm.dll+0x838c7e]
V  [jvm.dll+0x8392e3]
V  [jvm.dll+0x24834f]
V  [jvm.dll+0xac9d4]
V  [jvm.dll+0xad01c]
V  [jvm.dll+0x2af96f]
V  [jvm.dll+0x5868d7]
V  [jvm.dll+0x2231c2]
V  [jvm.dll+0x21c37f]
V  [jvm.dll+0x219be1]
V  [jvm.dll+0x1a58bd]
V  [jvm.dll+0x229a2d]
V  [jvm.dll+0x227bdc]
V  [jvm.dll+0x7ec1f7]
V  [jvm.dll+0x7e65dc]
V  [jvm.dll+0x67e7f7]
C  [ucrtbase.dll+0x29333]
C  [KERNEL32.DLL+0x1257d]
C  [ntdll.dll+0x5af28]


---------------  P R O C E S S  ---------------

Threads class SMR info:
_java_thread_list=0x0000024b64e80320, length=37, elements={
0x0000024b48df0200, 0x0000024b5cc7bbd0, 0x0000024b5cc7c860, 0x0000024b61f5d310,
0x0000024b61f5f0b0, 0x0000024b61f63e90, 0x0000024b61f652d0, 0x0000024b61f68920,
0x0000024b61f7d740, 0x0000024b61fcbf20, 0x0000024b61f643a0, 0x0000024b61f657e0,
0x0000024b61f648b0, 0x0000024b61f63470, 0x0000024b61f64dc0, 0x0000024b61f63980,
0x0000024b61f65cf0, 0x0000024b63ff0590, 0x0000024b63fef660, 0x0000024b63feaf80,
0x0000024b63febeb0, 0x0000024b63fec3c0, 0x0000024b63ff14c0, 0x0000024b63fedd10,
0x0000024b63fefb70, 0x0000024b63feec40, 0x0000024b63ff19d0, 0x0000024b63ff0080,
0x0000024b63ff1ee0, 0x0000024b63fee730, 0x0000024b63feaa70, 0x0000024b63fecde0,
0x0000024b63ff23f0, 0x0000024b63feb490, 0x0000024b63feb9a0, 0x0000024b63fed2f0,
0x0000024b63fef150
}
_to_delete_list=0x0000024b63d1dab0, length=36, elements={
0x0000024b48df0200, 0x0000024b5cc7bbd0, 0x0000024b5cc7c860, 0x0000024b61f5d310,
0x0000024b61f5f0b0, 0x0000024b61f63e90, 0x0000024b61f652d0, 0x0000024b61f68920,
0x0000024b61f7d740, 0x0000024b61fcbf20, 0x0000024b61f643a0, 0x0000024b61f657e0,
0x0000024b61f648b0, 0x0000024b61f63470, 0x0000024b61f64dc0, 0x0000024b61f63980,
0x0000024b61f65cf0, 0x0000024b63ff0590, 0x0000024b63fef660, 0x0000024b63feaf80,
0x0000024b63febeb0, 0x0000024b63fec3c0, 0x0000024b63ff14c0, 0x0000024b63fedd10,
0x0000024b63fefb70, 0x0000024b63feec40, 0x0000024b63ff19d0, 0x0000024b63ff0080,
0x0000024b63ff1ee0, 0x0000024b63fee730, 0x0000024b63feaa70, 0x0000024b63fecde0,
0x0000024b63ff23f0, 0x0000024b63feb490, 0x0000024b63feb9a0, 0x0000024b63fed2f0
}

Java Threads: ( => current thread )
  0x0000024b48df0200 JavaThread "main" [_thread_blocked, id=4620, stack(0x000000a3f3a00000,0x000000a3f3b00000)]
  0x0000024b5cc7bbd0 JavaThread "Reference Handler" daemon [_thread_blocked, id=25976, stack(0x000000a3f3d00000,0x000000a3f3e00000)]
  0x0000024b5cc7c860 JavaThread "Finalizer" daemon [_thread_blocked, id=28048, stack(0x000000a3f3e00000,0x000000a3f3f00000)]
  0x0000024b61f5d310 JavaThread "Signal Dispatcher" daemon [_thread_blocked, id=20852, stack(0x000000a3f3f00000,0x000000a3f4000000)]
  0x0000024b61f5f0b0 JavaThread "Attach Listener" daemon [_thread_blocked, id=10180, stack(0x000000a3f4000000,0x000000a3f4100000)]
  0x0000024b61f63e90 JavaThread "Service Thread" daemon [_thread_blocked, id=20912, stack(0x000000a3f4100000,0x000000a3f4200000)]
  0x0000024b61f652d0 JavaThread "Monitor Deflation Thread" daemon [_thread_blocked, id=17344, stack(0x000000a3f4200000,0x000000a3f4300000)]
=>0x0000024b61f68920 JavaThread "C2 CompilerThread0" daemon [_thread_in_native, id=13588, stack(0x000000a3f4300000,0x000000a3f4400000)]
  0x0000024b61f7d740 JavaThread "C1 CompilerThread0" daemon [_thread_in_native, id=25332, stack(0x000000a3f4400000,0x000000a3f4500000)]
  0x0000024b61fcbf20 JavaThread "Sweeper thread" daemon [_thread_blocked, id=10704, stack(0x000000a3f4500000,0x000000a3f4600000)]
  0x0000024b61f643a0 JavaThread "Common-Cleaner" daemon [_thread_blocked, id=7368, stack(0x000000a3f4600000,0x000000a3f4700000)]
  0x0000024b61f657e0 JavaThread "Notification Thread" daemon [_thread_blocked, id=19888, stack(0x000000a3f4700000,0x000000a3f4800000)]
  0x0000024b61f648b0 JavaThread "Active Thread: Equinox Container: acf51af0-d4e0-4c03-b5ce-345c428bb9d4" [_thread_blocked, id=28768, stack(0x000000a3f5000000,0x000000a3f5100000)]
  0x0000024b61f63470 JavaThread "Framework Event Dispatcher: Equinox Container: acf51af0-d4e0-4c03-b5ce-345c428bb9d4" daemon [_thread_blocked, id=15320, stack(0x000000a3f5100000,0x000000a3f5200000)]
  0x0000024b61f64dc0 JavaThread "Start Level: Equinox Container: acf51af0-d4e0-4c03-b5ce-345c428bb9d4" daemon [_thread_blocked, id=25888, stack(0x000000a3f5200000,0x000000a3f5300000)]
  0x0000024b61f63980 JavaThread "Bundle File Closer" daemon [_thread_blocked, id=25788, stack(0x000000a3f5400000,0x000000a3f5500000)]
  0x0000024b61f65cf0 JavaThread "SCR Component Actor" daemon [_thread_blocked, id=6664, stack(0x000000a3f4f00000,0x000000a3f5000000)]
  0x0000024b63ff0590 JavaThread "Worker-JM" [_thread_blocked, id=5740, stack(0x000000a3f5600000,0x000000a3f5700000)]
  0x0000024b63fef660 JavaThread "JNA Cleaner" daemon [_thread_blocked, id=12428, stack(0x000000a3f5700000,0x000000a3f5800000)]
  0x0000024b63feaf80 JavaThread "Worker-0" [_thread_blocked, id=23904, stack(0x000000a3f5800000,0x000000a3f5900000)]
  0x0000024b63febeb0 JavaThread "Worker-1: Initialize workspace" [_thread_blocked, id=5096, stack(0x000000a3f5900000,0x000000a3f5a00000)]
  0x0000024b63fec3c0 JavaThread "Worker-2: Initialize Workspace" [_thread_in_Java, id=21616, stack(0x000000a3f5a00000,0x000000a3f5b00000)]
  0x0000024b63ff14c0 JavaThread "Java indexing" daemon [_thread_blocked, id=24064, stack(0x000000a3f5b00000,0x000000a3f5c00000)]
  0x0000024b63fedd10 JavaThread "Thread-2" daemon [_thread_in_native, id=14952, stack(0x000000a3f5e00000,0x000000a3f5f00000)]
  0x0000024b63fefb70 JavaThread "Thread-3" daemon [_thread_in_native, id=15988, stack(0x000000a3f5f00000,0x000000a3f6000000)]
  0x0000024b63feec40 JavaThread "Thread-4" daemon [_thread_in_native, id=20536, stack(0x000000a3f6000000,0x000000a3f6100000)]
  0x0000024b63ff19d0 JavaThread "Thread-5" daemon [_thread_in_native, id=15652, stack(0x000000a3f6100000,0x000000a3f6200000)]
  0x0000024b63ff0080 JavaThread "Thread-6" daemon [_thread_in_native, id=3796, stack(0x000000a3f6200000,0x000000a3f6300000)]
  0x0000024b63ff1ee0 JavaThread "Thread-7" daemon [_thread_in_native, id=26140, stack(0x000000a3f6300000,0x000000a3f6400000)]
  0x0000024b63fee730 JavaThread "Thread-8" daemon [_thread_in_native, id=15248, stack(0x000000a3f6400000,0x000000a3f6500000)]
  0x0000024b63feaa70 JavaThread "Thread-9" daemon [_thread_in_native, id=22240, stack(0x000000a3f6500000,0x000000a3f6600000)]
  0x0000024b63fecde0 JavaThread "Thread-10" daemon [_thread_in_native, id=23492, stack(0x000000a3f6600000,0x000000a3f6700000)]
  0x0000024b63ff23f0 JavaThread "pool-2-thread-1" [_thread_blocked, id=26532, stack(0x000000a3f6700000,0x000000a3f6800000)]
  0x0000024b63feb490 JavaThread "WorkspaceEventsHandler" [_thread_blocked, id=27580, stack(0x000000a3f5500000,0x000000a3f5600000)]
  0x0000024b63feb9a0 JavaThread "pool-1-thread-1" [_thread_blocked, id=11960, stack(0x000000a3f6800000,0x000000a3f6900000)]
  0x0000024b63fed2f0 JavaThread "Worker-3" [_thread_blocked, id=11472, stack(0x000000a3f6900000,0x000000a3f6a00000)]
  0x0000024b63fef150 JavaThread "Worker-4" [_thread_blocked, id=24728, stack(0x000000a3f6a00000,0x000000a3f6b00000)]

Other Threads:
  0x0000024b61f10c20 VMThread "VM Thread" [stack: 0x000000a3f3c00000,0x000000a3f3d00000] [id=12840]
  0x0000024b62ec8b10 WatcherThread [stack: 0x000000a3f4800000,0x000000a3f4900000] [id=3396]
  0x0000024b48e04c80 GCTaskThread "GC Thread#0" [stack: 0x000000a3f3b00000,0x000000a3f3c00000] [id=5036]
  0x0000024b631ca7f0 GCTaskThread "GC Thread#1" [stack: 0x000000a3f4900000,0x000000a3f4a00000] [id=14676]
  0x0000024b631caab0 GCTaskThread "GC Thread#2" [stack: 0x000000a3f4a00000,0x000000a3f4b00000] [id=21848]
  0x0000024b631cad70 GCTaskThread "GC Thread#3" [stack: 0x000000a3f4b00000,0x000000a3f4c00000] [id=15880]
  0x0000024b631cb030 GCTaskThread "GC Thread#4" [stack: 0x000000a3f4c00000,0x000000a3f4d00000] [id=10096]
  0x0000024b631cb2f0 GCTaskThread "GC Thread#5" [stack: 0x000000a3f4d00000,0x000000a3f4e00000] [id=24844]
  0x0000024b631cb5b0 GCTaskThread "GC Thread#6" [stack: 0x000000a3f4e00000,0x000000a3f4f00000] [id=25124]
  0x0000024b634f4990 GCTaskThread "GC Thread#7" [stack: 0x000000a3f5300000,0x000000a3f5400000] [id=17328]

Threads with active compile tasks:
C2 CompilerThread0    17431 6074   !   4       org.eclipse.osgi.internal.loader.classpath.ClasspathManager::findLocalClass (210 bytes)
C1 CompilerThread0    17431 6220       3       java.text.MessageFormat::applyPattern (422 bytes)

VM state: not at safepoint (normal execution)

VM Mutex/Monitor currently owned by a thread: None

Heap address: 0x00000000c0000000, size: 1024 MB, Compressed Oops mode: 32-bit

CDS archive(s) not mapped
Compressed class space mapped at: 0x0000000100000000-0x0000000140000000, reserved size: 1073741824
Narrow klass base: 0x0000000000000000, Narrow klass shift: 3, Narrow klass range: 0x140000000

GC Precious Log:
 CPUs: 8 total, 8 available
 Memory: 8029M
 Large Page Support: Disabled
 NUMA Support: Disabled
 Compressed Oops: Enabled (32-bit)
 Alignments: Space 512K, Generation 512K, Heap 2M
 Heap Min Capacity: 100M
 Heap Initial Capacity: 100M
 Heap Max Capacity: 1G
 Pre-touch: Disabled
 Parallel Workers: 8

Heap:
 PSYoungGen      total 23552K, used 9665K [0x00000000eab00000, 0x00000000ec600000, 0x0000000100000000)
  eden space 22016K, 39% used [0x00000000eab00000,0x00000000eb36c550,0x00000000ec080000)
  from space 1536K, 67% used [0x00000000ec480000,0x00000000ec584010,0x00000000ec600000)
  to   space 2048K, 0% used [0x00000000ec200000,0x00000000ec200000,0x00000000ec400000)
 ParOldGen       total 68608K, used 22706K [0x00000000c0000000, 0x00000000c4300000, 0x00000000eab00000)
  object space 68608K, 33% used [0x00000000c0000000,0x00000000c162c930,0x00000000c4300000)
 Metaspace       used 53336K, committed 54464K, reserved 1114112K
  class space    used 5742K, committed 6208K, reserved 1048576K

Card table byte_map: [0x0000024b487b0000,0x0000024b489c0000] _byte_map_base: 0x0000024b481b0000

Marking Bits: (ParMarkBitMap*) 0x00007ffb021858b0
 Begin Bits: [0x0000024b5aa80000, 0x0000024b5ba80000)
 End Bits:   [0x0000024b5ba80000, 0x0000024b5ca80000)

Polling page: 0x0000024b485a0000

Metaspace:

Usage:
  Non-class:     46.48 MB used.
      Class:      5.61 MB used.
       Both:     52.09 MB used.

Virtual space:
  Non-class space:       64.00 MB reserved,      47.12 MB ( 74%) committed,  1 nodes.
      Class space:        1.00 GB reserved,       6.06 MB ( <1%) committed,  1 nodes.
             Both:        1.06 GB reserved,      53.19 MB (  5%) committed. 

Chunk freelists:
   Non-Class:  480.00 KB
       Class:  9.94 MB
        Both:  10.41 MB

MaxMetaspaceSize: unlimited
CompressedClassSpaceSize: 1.00 GB
Initial GC threshold: 21.00 MB
Current GC threshold: 58.38 MB
CDS: off
MetaspaceReclaimPolicy: balanced
 - commit_granule_bytes: 65536.
 - commit_granule_words: 8192.
 - virtual_space_node_default_size: 8388608.
 - enlarge_chunks_in_place: 1.
 - new_chunks_are_fully_committed: 0.
 - uncommit_free_chunks: 1.
 - use_allocation_guard: 0.
 - handle_deallocations: 1.


Internal statistics:

num_allocs_failed_limit: 6.
num_arena_births: 726.
num_arena_deaths: 14.
num_vsnodes_births: 2.
num_vsnodes_deaths: 0.
num_space_committed: 851.
num_space_uncommitted: 0.
num_chunks_returned_to_freelist: 20.
num_chunks_taken_from_freelist: 2841.
num_chunk_merges: 9.
num_chunk_splits: 1736.
num_chunks_enlarged: 958.
num_inconsistent_stats: 0.

CodeHeap 'non-profiled nmethods': size=120000Kb used=2240Kb max_used=2453Kb free=117759Kb
 bounds [0x0000024b53550000, 0x0000024b537c0000, 0x0000024b5aa80000]
CodeHeap 'profiled nmethods': size=120000Kb used=10786Kb max_used=11483Kb free=109213Kb
 bounds [0x0000024b4ba80000, 0x0000024b4c5c0000, 0x0000024b52fb0000]
CodeHeap 'non-nmethods': size=5760Kb used=1303Kb max_used=1370Kb free=4457Kb
 bounds [0x0000024b52fb0000, 0x0000024b53220000, 0x0000024b53550000]
 total_blobs=6000 nmethods=5366 adapters=548
 compilation: enabled
              stopped_count=0, restarted_count=0
 full_count=0

Compilation events (20 events):
Event: 17.359 Thread 0x0000024b61f7d740 nmethod 6189 0x0000024b4c496790 code [0x0000024b4c496940, 0x0000024b4c496b18]
Event: 17.362 Thread 0x0000024b61f7d740 6190  s    3       java.lang.StringBuffer::append (13 bytes)
Event: 17.363 Thread 0x0000024b61f7d740 nmethod 6190 0x0000024b4c496310 code [0x0000024b4c4964c0, 0x0000024b4c4966c8]
Event: 17.370 Thread 0x0000024b61f7d740 6191       2       java.util.HashSet::add (20 bytes)
Event: 17.371 Thread 0x0000024b61f7d740 nmethod 6191 0x0000024b4bb44810 code [0x0000024b4bb449a0, 0x0000024b4bb44ae8]
Event: 17.371 Thread 0x0000024b61f7d740 6192       3       java.util.WeakHashMap::keySet (25 bytes)
Event: 17.372 Thread 0x0000024b61f7d740 nmethod 6192 0x0000024b4c495c90 code [0x0000024b4c495e40, 0x0000024b4c496178]
Event: 17.372 Thread 0x0000024b61f7d740 6193       3       java.util.WeakHashMap$KeySet::<init> (10 bytes)
Event: 17.372 Thread 0x0000024b61f7d740 nmethod 6193 0x0000024b4bccda90 code [0x0000024b4bccdc40, 0x0000024b4bccde78]
Event: 17.372 Thread 0x0000024b61f7d740 6194   !   3       java.util.zip.ZipFile$Source::get (190 bytes)
Event: 17.374 Thread 0x0000024b61f7d740 nmethod 6194 0x0000024b4bccbb90 code [0x0000024b4bccbe80, 0x0000024b4bccd1a8]
Event: 17.374 Thread 0x0000024b61f7d740 6195       3       java.util.zip.ZipFile$Source$Key::<init> (23 bytes)
Event: 17.374 Thread 0x0000024b61f7d740 nmethod 6195 0x0000024b4bccb690 code [0x0000024b4bccb840, 0x0000024b4bccbaa8]
Event: 17.374 Thread 0x0000024b61f7d740 6196       1       org.eclipse.core.runtime.Status::getCode (5 bytes)
Event: 17.375 Thread 0x0000024b61f7d740 nmethod 6196 0x0000024b5369cd10 code [0x0000024b5369cea0, 0x0000024b5369cf78]
Event: 17.378 Thread 0x0000024b61f7d740 6197       3       java.io.RandomAccessFile$1::close (11 bytes)
Event: 17.378 Thread 0x0000024b61f7d740 nmethod 6197 0x0000024b4bccad90 code [0x0000024b4bccaf60, 0x0000024b4bccb458]
Event: 17.379 Thread 0x0000024b61f7d740 6198       3       org.eclipse.core.internal.dtree.DataTreeLookup::<init> (26 bytes)
Event: 17.379 Thread 0x0000024b61f7d740 nmethod 6198 0x0000024b4bd71510 code [0x0000024b4bd716a0, 0x0000024b4bd71858]
Event: 17.383 Thread 0x0000024b61f7d740 6199       3       org.eclipse.core.internal.localstore.FileSystemResourceManager::getStoreRoot (229 bytes)

GC Heap History (20 events):
Event: 11.286 GC heap before
{Heap before GC invocations=11 (full 1):
 PSYoungGen      total 24576K, used 17877K [0x00000000eab00000, 0x00000000ec880000, 0x0000000100000000)
  eden space 22016K, 69% used [0x00000000eab00000,0x00000000eb9fa460,0x00000000ec080000)
  from space 2560K, 99% used [0x00000000ec100000,0x00000000ec37b310,0x00000000ec380000)
  to   space 4096K, 0% used [0x00000000ec480000,0x00000000ec480000,0x00000000ec880000)
 ParOldGen       total 68608K, used 14450K [0x00000000c0000000, 0x00000000c4300000, 0x00000000eab00000)
  object space 68608K, 21% used [0x00000000c0000000,0x00000000c0e1c840,0x00000000c4300000)
 Metaspace       used 35030K, committed 35840K, reserved 1114112K
  class space    used 3501K, committed 3840K, reserved 1048576K
}
Event: 11.290 GC heap after
{Heap after GC invocations=11 (full 1):
 PSYoungGen      total 25088K, used 2561K [0x00000000eab00000, 0x00000000ec780000, 0x0000000100000000)
  eden space 22016K, 0% used [0x00000000eab00000,0x00000000eab00000,0x00000000ec080000)
  from space 3072K, 83% used [0x00000000ec480000,0x00000000ec7006f0,0x00000000ec780000)
  to   space 3072K, 0% used [0x00000000ec180000,0x00000000ec180000,0x00000000ec480000)
 ParOldGen       total 68608K, used 16491K [0x00000000c0000000, 0x00000000c4300000, 0x00000000eab00000)
  object space 68608K, 24% used [0x00000000c0000000,0x00000000c101ad80,0x00000000c4300000)
 Metaspace       used 35030K, committed 35840K, reserved 1114112K
  class space    used 3501K, committed 3840K, reserved 1048576K
}
Event: 11.290 GC heap before
{Heap before GC invocations=12 (full 2):
 PSYoungGen      total 25088K, used 2561K [0x00000000eab00000, 0x00000000ec780000, 0x0000000100000000)
  eden space 22016K, 0% used [0x00000000eab00000,0x00000000eab00000,0x00000000ec080000)
  from space 3072K, 83% used [0x00000000ec480000,0x00000000ec7006f0,0x00000000ec780000)
  to   space 3072K, 0% used [0x00000000ec180000,0x00000000ec180000,0x00000000ec480000)
 ParOldGen       total 68608K, used 16491K [0x00000000c0000000, 0x00000000c4300000, 0x00000000eab00000)
  object space 68608K, 24% used [0x00000000c0000000,0x00000000c101ad80,0x00000000c4300000)
 Metaspace       used 35030K, committed 35840K, reserved 1114112K
  class space    used 3501K, committed 3840K, reserved 1048576K
}
Event: 11.340 GC heap after
{Heap after GC invocations=12 (full 2):
 PSYoungGen      total 25088K, used 0K [0x00000000eab00000, 0x00000000ec780000, 0x0000000100000000)
  eden space 22016K, 0% used [0x00000000eab00000,0x00000000eab00000,0x00000000ec080000)
  from space 3072K, 0% used [0x00000000ec480000,0x00000000ec480000,0x00000000ec780000)
  to   space 3072K, 0% used [0x00000000ec180000,0x00000000ec180000,0x00000000ec480000)
 ParOldGen       total 68608K, used 15125K [0x00000000c0000000, 0x00000000c4300000, 0x00000000eab00000)
  object space 68608K, 22% used [0x00000000c0000000,0x00000000c0ec55c8,0x00000000c4300000)
 Metaspace       used 35017K, committed 35840K, reserved 1114112K
  class space    used 3498K, committed 3840K, reserved 1048576K
}
Event: 11.581 GC heap before
{Heap before GC invocations=13 (full 2):
 PSYoungGen      total 25088K, used 22016K [0x00000000eab00000, 0x00000000ec780000, 0x0000000100000000)
  eden space 22016K, 100% used [0x00000000eab00000,0x00000000ec080000,0x00000000ec080000)
  from space 3072K, 0% used [0x00000000ec480000,0x00000000ec480000,0x00000000ec780000)
  to   space 3072K, 0% used [0x00000000ec180000,0x00000000ec180000,0x00000000ec480000)
 ParOldGen       total 68608K, used 15125K [0x00000000c0000000, 0x00000000c4300000, 0x00000000eab00000)
  object space 68608K, 22% used [0x00000000c0000000,0x00000000c0ec55c8,0x00000000c4300000)
 Metaspace       used 36352K, committed 37184K, reserved 1114112K
  class space    used 3683K, committed 4032K, reserved 1048576K
}
Event: 11.583 GC heap after
{Heap after GC invocations=13 (full 2):
 PSYoungGen      total 22528K, used 512K [0x00000000eab00000, 0x00000000ec500000, 0x0000000100000000)
  eden space 22016K, 0% used [0x00000000eab00000,0x00000000eab00000,0x00000000ec080000)
  from space 512K, 100% used [0x00000000ec180000,0x00000000ec200000,0x00000000ec200000)
  to   space 1536K, 0% used [0x00000000ec380000,0x00000000ec380000,0x00000000ec500000)
 ParOldGen       total 68608K, used 15133K [0x00000000c0000000, 0x00000000c4300000, 0x00000000eab00000)
  object space 68608K, 22% used [0x00000000c0000000,0x00000000c0ec75c8,0x00000000c4300000)
 Metaspace       used 36352K, committed 37184K, reserved 1114112K
  class space    used 3683K, committed 4032K, reserved 1048576K
}
Event: 12.081 GC heap before
{Heap before GC invocations=14 (full 2):
 PSYoungGen      total 22528K, used 22528K [0x00000000eab00000, 0x00000000ec500000, 0x0000000100000000)
  eden space 22016K, 100% used [0x00000000eab00000,0x00000000ec080000,0x00000000ec080000)
  from space 512K, 100% used [0x00000000ec180000,0x00000000ec200000,0x00000000ec200000)
  to   space 1536K, 0% used [0x00000000ec380000,0x00000000ec380000,0x00000000ec500000)
 ParOldGen       total 68608K, used 15133K [0x00000000c0000000, 0x00000000c4300000, 0x00000000eab00000)
  object space 68608K, 22% used [0x00000000c0000000,0x00000000c0ec75c8,0x00000000c4300000)
 Metaspace       used 38468K, committed 39424K, reserved 1114112K
  class space    used 3898K, committed 4288K, reserved 1048576K
}
Event: 12.083 GC heap after
{Heap after GC invocations=14 (full 2):
 PSYoungGen      total 23552K, used 1116K [0x00000000eab00000, 0x00000000ec500000, 0x0000000100000000)
  eden space 22016K, 0% used [0x00000000eab00000,0x00000000eab00000,0x00000000ec080000)
  from space 1536K, 72% used [0x00000000ec380000,0x00000000ec4973b0,0x00000000ec500000)
  to   space 1536K, 0% used [0x00000000ec200000,0x00000000ec200000,0x00000000ec380000)
 ParOldGen       total 68608K, used 15469K [0x00000000c0000000, 0x00000000c4300000, 0x00000000eab00000)
  object space 68608K, 22% used [0x00000000c0000000,0x00000000c0f1b608,0x00000000c4300000)
 Metaspace       used 38468K, committed 39424K, reserved 1114112K
  class space    used 3898K, committed 4288K, reserved 1048576K
}
Event: 12.909 GC heap before
{Heap before GC invocations=15 (full 2):
 PSYoungGen      total 23552K, used 23132K [0x00000000eab00000, 0x00000000ec500000, 0x0000000100000000)
  eden space 22016K, 100% used [0x00000000eab00000,0x00000000ec080000,0x00000000ec080000)
  from space 1536K, 72% used [0x00000000ec380000,0x00000000ec4973b0,0x00000000ec500000)
  to   space 1536K, 0% used [0x00000000ec200000,0x00000000ec200000,0x00000000ec380000)
 ParOldGen       total 68608K, used 15469K [0x00000000c0000000, 0x00000000c4300000, 0x00000000eab00000)
  object space 68608K, 22% used [0x00000000c0000000,0x00000000c0f1b608,0x00000000c4300000)
 Metaspace       used 40888K, committed 41792K, reserved 1114112K
  class space    used 4198K, committed 4608K, reserved 1048576K
}
Event: 12.917 GC heap after
{Heap after GC invocations=15 (full 2):
 PSYoungGen      total 23040K, used 768K [0x00000000eab00000, 0x00000000ec400000, 0x0000000100000000)
  eden space 22016K, 0% used [0x00000000eab00000,0x00000000eab00000,0x00000000ec080000)
  from space 1024K, 75% used [0x00000000ec200000,0x00000000ec2c0000,0x00000000ec300000)
  to   space 1024K, 0% used [0x00000000ec300000,0x00000000ec300000,0x00000000ec400000)
 ParOldGen       total 68608K, used 16406K [0x00000000c0000000, 0x00000000c4300000, 0x00000000eab00000)
  object space 68608K, 23% used [0x00000000c0000000,0x00000000c1005978,0x00000000c4300000)
 Metaspace       used 40888K, committed 41792K, reserved 1114112K
  class space    used 4198K, committed 4608K, reserved 1048576K
}
Event: 13.575 GC heap before
{Heap before GC invocations=16 (full 2):
 PSYoungGen      total 23040K, used 22784K [0x00000000eab00000, 0x00000000ec400000, 0x0000000100000000)
  eden space 22016K, 100% used [0x00000000eab00000,0x00000000ec080000,0x00000000ec080000)
  from space 1024K, 75% used [0x00000000ec200000,0x00000000ec2c0000,0x00000000ec300000)
  to   space 1024K, 0% used [0x00000000ec300000,0x00000000ec300000,0x00000000ec400000)
 ParOldGen       total 68608K, used 16406K [0x00000000c0000000, 0x00000000c4300000, 0x00000000eab00000)
  object space 68608K, 23% used [0x00000000c0000000,0x00000000c1005978,0x00000000c4300000)
 Metaspace       used 43401K, committed 44288K, reserved 1114112K
  class space    used 4539K, committed 4928K, reserved 1048576K
}
Event: 13.579 GC heap after
{Heap after GC invocations=16 (full 2):
 PSYoungGen      total 23040K, used 1024K [0x00000000eab00000, 0x00000000ec480000, 0x0000000100000000)
  eden space 22016K, 0% used [0x00000000eab00000,0x00000000eab00000,0x00000000ec080000)
  from space 1024K, 100% used [0x00000000ec300000,0x00000000ec400000,0x00000000ec400000)
  to   space 2048K, 0% used [0x00000000ec080000,0x00000000ec080000,0x00000000ec280000)
 ParOldGen       total 68608K, used 17123K [0x00000000c0000000, 0x00000000c4300000, 0x00000000eab00000)
  object space 68608K, 24% used [0x00000000c0000000,0x00000000c10b8c00,0x00000000c4300000)
 Metaspace       used 43401K, committed 44288K, reserved 1114112K
  class space    used 4539K, committed 4928K, reserved 1048576K
}
Event: 14.341 GC heap before
{Heap before GC invocations=17 (full 2):
 PSYoungGen      total 23040K, used 23040K [0x00000000eab00000, 0x00000000ec480000, 0x0000000100000000)
  eden space 22016K, 100% used [0x00000000eab00000,0x00000000ec080000,0x00000000ec080000)
  from space 1024K, 100% used [0x00000000ec300000,0x00000000ec400000,0x00000000ec400000)
  to   space 2048K, 0% used [0x00000000ec080000,0x00000000ec080000,0x00000000ec280000)
 ParOldGen       total 68608K, used 17123K [0x00000000c0000000, 0x00000000c4300000, 0x00000000eab00000)
  object space 68608K, 24% used [0x00000000c0000000,0x00000000c10b8c00,0x00000000c4300000)
 Metaspace       used 46209K, committed 47232K, reserved 1114112K
  class space    used 4906K, committed 5312K, reserved 1048576K
}
Event: 14.346 GC heap after
{Heap after GC invocations=17 (full 2):
 PSYoungGen      total 23552K, used 1424K [0x00000000eab00000, 0x00000000ec380000, 0x0000000100000000)
  eden space 22016K, 0% used [0x00000000eab00000,0x00000000eab00000,0x00000000ec080000)
  from space 1536K, 92% used [0x00000000ec080000,0x00000000ec1e4010,0x00000000ec200000)
  to   space 1536K, 0% used [0x00000000ec200000,0x00000000ec200000,0x00000000ec380000)
 ParOldGen       total 68608K, used 18086K [0x00000000c0000000, 0x00000000c4300000, 0x00000000eab00000)
  object space 68608K, 26% used [0x00000000c0000000,0x00000000c11a9b20,0x00000000c4300000)
 Metaspace       used 46209K, committed 47232K, reserved 1114112K
  class space    used 4906K, committed 5312K, reserved 1048576K
}
Event: 15.130 GC heap before
{Heap before GC invocations=18 (full 2):
 PSYoungGen      total 23552K, used 23433K [0x00000000eab00000, 0x00000000ec380000, 0x0000000100000000)
  eden space 22016K, 99% used [0x00000000eab00000,0x00000000ec07e640,0x00000000ec080000)
  from space 1536K, 92% used [0x00000000ec080000,0x00000000ec1e4010,0x00000000ec200000)
  to   space 1536K, 0% used [0x00000000ec200000,0x00000000ec200000,0x00000000ec380000)
 ParOldGen       total 68608K, used 18086K [0x00000000c0000000, 0x00000000c4300000, 0x00000000eab00000)
  object space 68608K, 26% used [0x00000000c0000000,0x00000000c11a9b20,0x00000000c4300000)
 Metaspace       used 48619K, committed 49728K, reserved 1114112K
  class space    used 5200K, committed 5632K, reserved 1048576K
}
Event: 15.144 GC heap after
{Heap after GC invocations=18 (full 2):
 PSYoungGen      total 23552K, used 1147K [0x00000000eab00000, 0x00000000ec380000, 0x0000000100000000)
  eden space 22016K, 0% used [0x00000000eab00000,0x00000000eab00000,0x00000000ec080000)
  from space 1536K, 74% used [0x00000000ec200000,0x00000000ec31ec50,0x00000000ec380000)
  to   space 1536K, 0% used [0x00000000ec080000,0x00000000ec080000,0x00000000ec200000)
 ParOldGen       total 68608K, used 19367K [0x00000000c0000000, 0x00000000c4300000, 0x00000000eab00000)
  object space 68608K, 28% used [0x00000000c0000000,0x00000000c12e9ea0,0x00000000c4300000)
 Metaspace       used 48619K, committed 49728K, reserved 1114112K
  class space    used 5200K, committed 5632K, reserved 1048576K
}
Event: 16.058 GC heap before
{Heap before GC invocations=19 (full 2):
 PSYoungGen      total 23552K, used 23163K [0x00000000eab00000, 0x00000000ec380000, 0x0000000100000000)
  eden space 22016K, 100% used [0x00000000eab00000,0x00000000ec080000,0x00000000ec080000)
  from space 1536K, 74% used [0x00000000ec200000,0x00000000ec31ec50,0x00000000ec380000)
  to   space 1536K, 0% used [0x00000000ec080000,0x00000000ec080000,0x00000000ec200000)
 ParOldGen       total 68608K, used 19367K [0x00000000c0000000, 0x00000000c4300000, 0x00000000eab00000)
  object space 68608K, 28% used [0x00000000c0000000,0x00000000c12e9ea0,0x00000000c4300000)
 Metaspace       used 50739K, committed 51840K, reserved 1114112K
  class space    used 5452K, committed 5888K, reserved 1048576K
}
Event: 16.068 GC heap after
{Heap after GC invocations=19 (full 2):
 PSYoungGen      total 23552K, used 1517K [0x00000000eab00000, 0x00000000ec880000, 0x0000000100000000)
  eden space 22016K, 0% used [0x00000000eab00000,0x00000000eab00000,0x00000000ec080000)
  from space 1536K, 98% used [0x00000000ec080000,0x00000000ec1fb6d0,0x00000000ec200000)
  to   space 4096K, 0% used [0x00000000ec480000,0x00000000ec480000,0x00000000ec880000)
 ParOldGen       total 68608K, used 21175K [0x00000000c0000000, 0x00000000c4300000, 0x00000000eab00000)
  object space 68608K, 30% used [0x00000000c0000000,0x00000000c14ade98,0x00000000c4300000)
 Metaspace       used 50739K, committed 51840K, reserved 1114112K
  class space    used 5452K, committed 5888K, reserved 1048576K
}
Event: 17.267 GC heap before
{Heap before GC invocations=20 (full 2):
 PSYoungGen      total 23552K, used 23533K [0x00000000eab00000, 0x00000000ec880000, 0x0000000100000000)
  eden space 22016K, 100% used [0x00000000eab00000,0x00000000ec080000,0x00000000ec080000)
  from space 1536K, 98% used [0x00000000ec080000,0x00000000ec1fb6d0,0x00000000ec200000)
  to   space 4096K, 0% used [0x00000000ec480000,0x00000000ec480000,0x00000000ec880000)
 ParOldGen       total 68608K, used 21175K [0x00000000c0000000, 0x00000000c4300000, 0x00000000eab00000)
  object space 68608K, 30% used [0x00000000c0000000,0x00000000c14ade98,0x00000000c4300000)
 Metaspace       used 53025K, committed 54208K, reserved 1114112K
  class space    used 5715K, committed 6208K, reserved 1048576K
}
Event: 17.272 GC heap after
{Heap after GC invocations=20 (full 2):
 PSYoungGen      total 23552K, used 1040K [0x00000000eab00000, 0x00000000ec600000, 0x0000000100000000)
  eden space 22016K, 0% used [0x00000000eab00000,0x00000000eab00000,0x00000000ec080000)
  from space 1536K, 67% used [0x00000000ec480000,0x00000000ec584010,0x00000000ec600000)
  to   space 2048K, 0% used [0x00000000ec200000,0x00000000ec200000,0x00000000ec400000)
 ParOldGen       total 68608K, used 22706K [0x00000000c0000000, 0x00000000c4300000, 0x00000000eab00000)
  object space 68608K, 33% used [0x00000000c0000000,0x00000000c162c930,0x00000000c4300000)
 Metaspace       used 53025K, committed 54208K, reserved 1114112K
  class space    used 5715K, committed 6208K, reserved 1048576K
}

Dll operation events (10 events):
Event: 0.072 Loaded shared library c:\Users\HP\.vscode\extensions\redhat.java-1.34.0-win32-x64\jre\17.0.12-win32-x86_64\bin\java.dll
Event: 0.468 Loaded shared library c:\Users\HP\.vscode\extensions\redhat.java-1.34.0-win32-x64\jre\17.0.12-win32-x86_64\bin\zip.dll
Event: 0.476 Loaded shared library C:\Users\HP\.vscode\extensions\redhat.java-1.34.0-win32-x64\jre\17.0.12-win32-x86_64\bin\instrument.dll
Event: 0.499 Loaded shared library C:\Users\HP\.vscode\extensions\redhat.java-1.34.0-win32-x64\jre\17.0.12-win32-x86_64\bin\net.dll
Event: 0.503 Loaded shared library C:\Users\HP\.vscode\extensions\redhat.java-1.34.0-win32-x64\jre\17.0.12-win32-x86_64\bin\nio.dll
Event: 0.542 Loaded shared library C:\Users\HP\.vscode\extensions\redhat.java-1.34.0-win32-x64\jre\17.0.12-win32-x86_64\bin\zip.dll
Event: 0.593 Loaded shared library C:\Users\HP\.vscode\extensions\redhat.java-1.34.0-win32-x64\jre\17.0.12-win32-x86_64\bin\jimage.dll
Event: 0.744 Loaded shared library c:\Users\HP\.vscode\extensions\redhat.java-1.34.0-win32-x64\jre\17.0.12-win32-x86_64\bin\verify.dll
Event: 3.608 Loaded shared library C:\Users\HP\AppData\Roaming\Code\User\globalStorage\redhat.java\1.34.0\config_win\org.eclipse.equinox.launcher\org.eclipse.equinox.launcher.win32.win32.x86_64_1.2.1100.v20240722-2106\eclipse_11904.dll
Event: 8.035 Loaded shared library C:\Users\HP\AppData\Local\Temp\jna-2312\jna2252347404618875404.dll

Deoptimization events (20 events):
Event: 17.211 Thread 0x0000024b63feb9a0 Uncommon trap: trap_request=0xffffff45 fr.pc=0x0000024b5371ddcc relative=0x00000000000001ac
Event: 17.211 Thread 0x0000024b63feb9a0 Uncommon trap: reason=unstable_if action=reinterpret pc=0x0000024b5371ddcc method=java.util.concurrent.locks.ReentrantReadWriteLock$Sync.tryAcquireShared(I)I @ 81 c2
Event: 17.211 Thread 0x0000024b63feb9a0 DEOPT PACKING pc=0x0000024b5371ddcc sp=0x000000a3f68fe380
Event: 17.211 Thread 0x0000024b63feb9a0 DEOPT UNPACKING pc=0x0000024b530066a3 sp=0x000000a3f68fe2a0 mode 2
Event: 17.219 Thread 0x0000024b63feb9a0 Uncommon trap: trap_request=0xffffff45 fr.pc=0x0000024b537071cc relative=0x00000000000000cc
Event: 17.219 Thread 0x0000024b63febeb0 Uncommon trap: trap_request=0xffffff45 fr.pc=0x0000024b537071cc relative=0x00000000000000cc
Event: 17.219 Thread 0x0000024b63febeb0 Uncommon trap: reason=unstable_if action=reinterpret pc=0x0000024b537071cc method=java.util.concurrent.locks.ReentrantReadWriteLock$Sync.tryReleaseShared(I)Z @ 9 c2
Event: 17.219 Thread 0x0000024b63feb9a0 Uncommon trap: reason=unstable_if action=reinterpret pc=0x0000024b537071cc method=java.util.concurrent.locks.ReentrantReadWriteLock$Sync.tryReleaseShared(I)Z @ 9 c2
Event: 17.219 Thread 0x0000024b63febeb0 DEOPT PACKING pc=0x0000024b537071cc sp=0x000000a3f59febe0
Event: 17.219 Thread 0x0000024b63feb9a0 DEOPT PACKING pc=0x0000024b537071cc sp=0x000000a3f68fe380
Event: 17.219 Thread 0x0000024b63febeb0 DEOPT UNPACKING pc=0x0000024b530066a3 sp=0x000000a3f59feb60 mode 2
Event: 17.219 Thread 0x0000024b63feb9a0 DEOPT UNPACKING pc=0x0000024b530066a3 sp=0x000000a3f68fe300 mode 2
Event: 17.299 Thread 0x0000024b63fec3c0 DEOPT PACKING pc=0x0000024b4bc46e0c sp=0x000000a3f5afd8a0
Event: 17.299 Thread 0x0000024b63fec3c0 DEOPT UNPACKING pc=0x0000024b53006e43 sp=0x000000a3f5afce20 mode 0
Event: 17.321 Thread 0x0000024b63fec3c0 DEOPT PACKING pc=0x0000024b4bc46e0c sp=0x000000a3f5afd8a0
Event: 17.321 Thread 0x0000024b63fec3c0 DEOPT UNPACKING pc=0x0000024b53006e43 sp=0x000000a3f5afce20 mode 0
Event: 17.344 Thread 0x0000024b63fec3c0 DEOPT PACKING pc=0x0000024b4bdeb13d sp=0x000000a3f5afdc20
Event: 17.344 Thread 0x0000024b63fec3c0 DEOPT UNPACKING pc=0x0000024b53006e43 sp=0x000000a3f5afd0a8 mode 0
Event: 17.382 Thread 0x0000024b63fec3c0 DEOPT PACKING pc=0x0000024b4bc46e0c sp=0x000000a3f5afdb20
Event: 17.382 Thread 0x0000024b63fec3c0 DEOPT UNPACKING pc=0x0000024b53006e43 sp=0x000000a3f5afd0a0 mode 0

Classes loaded (20 events):
Event: 16.767 Loading class sun/nio/fs/WindowsFileSystem$2
Event: 16.768 Loading class java/nio/file/PathMatcher
Event: 16.768 Loading class java/nio/file/PathMatcher done
Event: 16.768 Loading class sun/nio/fs/WindowsFileSystem$2 done
Event: 16.768 Loading class sun/nio/fs/WindowsException
Event: 16.769 Loading class sun/nio/fs/WindowsException done
Event: 16.769 Loading class java/nio/file/FileVisitResult
Event: 16.769 Loading class java/nio/file/FileVisitResult done
Event: 17.051 Loading class sun/net/www/protocol/https/Handler
Event: 17.052 Loading class sun/net/www/protocol/http/Handler
Event: 17.052 Loading class sun/net/www/protocol/http/Handler done
Event: 17.052 Loading class sun/net/www/protocol/https/Handler done
Event: 17.113 Loading class java/util/regex/PatternSyntaxException
Event: 17.113 Loading class java/util/regex/PatternSyntaxException done
Event: 17.165 Loading class java/util/Collections$SynchronizedRandomAccessList
Event: 17.165 Loading class java/util/Collections$SynchronizedList
Event: 17.165 Loading class java/util/Collections$SynchronizedList done
Event: 17.165 Loading class java/util/Collections$SynchronizedRandomAccessList done
Event: 17.218 Loading class java/util/concurrent/locks/ReentrantReadWriteLock$Sync$HoldCounter
Event: 17.219 Loading class java/util/concurrent/locks/ReentrantReadWriteLock$Sync$HoldCounter done

Classes unloaded (7 events):
Event: 11.298 Thread 0x0000024b61f10c20 Unloading class 0x0000000100250400 'java/lang/invoke/LambdaForm$MH+0x0000000100250400'
Event: 11.298 Thread 0x0000024b61f10c20 Unloading class 0x0000000100250000 'java/lang/invoke/LambdaForm$MH+0x0000000100250000'
Event: 11.298 Thread 0x0000024b61f10c20 Unloading class 0x000000010024bc00 'java/lang/invoke/LambdaForm$MH+0x000000010024bc00'
Event: 11.298 Thread 0x0000024b61f10c20 Unloading class 0x000000010024b800 'java/lang/invoke/LambdaForm$MH+0x000000010024b800'
Event: 11.298 Thread 0x0000024b61f10c20 Unloading class 0x000000010024b400 'java/lang/invoke/LambdaForm$BMH+0x000000010024b400'
Event: 11.298 Thread 0x0000024b61f10c20 Unloading class 0x000000010024b000 'java/lang/invoke/LambdaForm$DMH+0x000000010024b000'
Event: 11.298 Thread 0x0000024b61f10c20 Unloading class 0x0000000100248400 'java/lang/invoke/LambdaForm$DMH+0x0000000100248400'

Classes redefined (0 events):
No events

Internal exceptions (20 events):
Event: 17.063 Thread 0x0000024b63fec3c0 Exception <a 'sun/nio/fs/WindowsException'{0x00000000eba839f0}> (0x00000000eba839f0) 
thrown [s\src\hotspot\share\prims\jni.cpp, line 516]
Event: 17.063 Thread 0x0000024b63fec3c0 Exception <a 'sun/nio/fs/WindowsException'{0x00000000eba84038}> (0x00000000eba84038) 
thrown [s\src\hotspot\share\prims\jni.cpp, line 516]
Event: 17.064 Thread 0x0000024b63fec3c0 Exception <a 'sun/nio/fs/WindowsException'{0x00000000eba84ac0}> (0x00000000eba84ac0) 
thrown [s\src\hotspot\share\prims\jni.cpp, line 516]
Event: 17.064 Thread 0x0000024b63fec3c0 Exception <a 'sun/nio/fs/WindowsException'{0x00000000eba853b0}> (0x00000000eba853b0) 
thrown [s\src\hotspot\share\prims\jni.cpp, line 516]
Event: 17.065 Thread 0x0000024b63fec3c0 Exception <a 'sun/nio/fs/WindowsException'{0x00000000eba86ce8}> (0x00000000eba86ce8) 
thrown [s\src\hotspot\share\prims\jni.cpp, line 516]
Event: 17.065 Thread 0x0000024b63fec3c0 Exception <a 'sun/nio/fs/WindowsException'{0x00000000eba875d8}> (0x00000000eba875d8) 
thrown [s\src\hotspot\share\prims\jni.cpp, line 516]
Event: 17.069 Thread 0x0000024b63fec3c0 Exception <a 'java/lang/NoSuchMethodError'{0x00000000eba9cf20}: 'void java.lang.invoke.DirectMethodHandle$Holder.invokeVirtual(java.lang.Object, java.lang.Object, java.lang.Object, java.lang.Object)'> (0x00000000eba9cf20) 
thrown [s\src\hotspot\share\interpreter\linkResolver.cpp, line 759]
Event: 17.118 Thread 0x0000024b63fec3c0 Exception <a 'sun/nio/fs/WindowsException'{0x00000000ebbda798}> (0x00000000ebbda798) 
thrown [s\src\hotspot\share\prims\jni.cpp, line 516]
Event: 17.118 Thread 0x0000024b63fec3c0 Exception <a 'sun/nio/fs/WindowsException'{0x00000000ebbdd958}> (0x00000000ebbdd958) 
thrown [s\src\hotspot\share\prims\jni.cpp, line 516]
Event: 17.194 Thread 0x0000024b63fec3c0 Exception <a 'sun/nio/fs/WindowsException'{0x00000000ebde1c18}> (0x00000000ebde1c18) 
thrown [s\src\hotspot\share\prims\jni.cpp, line 516]
Event: 17.195 Thread 0x0000024b63fec3c0 Exception <a 'sun/nio/fs/WindowsException'{0x00000000ebde8e80}> (0x00000000ebde8e80) 
thrown [s\src\hotspot\share\prims\jni.cpp, line 516]
Event: 17.196 Thread 0x0000024b63fec3c0 Exception <a 'sun/nio/fs/WindowsException'{0x00000000ebdf2838}> (0x00000000ebdf2838) 
thrown [s\src\hotspot\share\prims\jni.cpp, line 516]
Event: 17.196 Thread 0x0000024b63fec3c0 Exception <a 'sun/nio/fs/WindowsException'{0x00000000ebdf3128}> (0x00000000ebdf3128) 
thrown [s\src\hotspot\share\prims\jni.cpp, line 516]
Event: 17.208 Thread 0x0000024b63fec3c0 Exception <a 'sun/nio/fs/WindowsException'{0x00000000ebe70ae0}> (0x00000000ebe70ae0) 
thrown [s\src\hotspot\share\prims\jni.cpp, line 516]
Event: 17.208 Thread 0x0000024b63fec3c0 Exception <a 'sun/nio/fs/WindowsException'{0x00000000ebe713c0}> (0x00000000ebe713c0) 
thrown [s\src\hotspot\share\prims\jni.cpp, line 516]
Event: 17.218 Thread 0x0000024b63fec3c0 Exception <a 'sun/nio/fs/WindowsException'{0x00000000ebeadd50}> (0x00000000ebeadd50) 
thrown [s\src\hotspot\share\prims\jni.cpp, line 516]
Event: 17.218 Thread 0x0000024b63fec3c0 Exception <a 'sun/nio/fs/WindowsException'{0x00000000ebeae630}> (0x00000000ebeae630) 
thrown [s\src\hotspot\share\prims\jni.cpp, line 516]
Event: 17.224 Thread 0x0000024b63fec3c0 Exception <a 'java/io/FileNotFoundException'{0x00000000ebefd230}> (0x00000000ebefd230) 
thrown [s\src\hotspot\share\prims\jni.cpp, line 516]
Event: 17.284 Thread 0x0000024b63fec3c0 Exception <a 'sun/nio/fs/WindowsException'{0x00000000eac57590}> (0x00000000eac57590) 
thrown [s\src\hotspot\share\prims\jni.cpp, line 516]
Event: 17.285 Thread 0x0000024b63fec3c0 Exception <a 'sun/nio/fs/WindowsException'{0x00000000eac57e70}> (0x00000000eac57e70) 
thrown [s\src\hotspot\share\prims\jni.cpp, line 516]

VM Operations (20 events):
Event: 15.277 Executing VM operation: HandshakeAllThreads
Event: 15.292 Executing VM operation: HandshakeAllThreads done
Event: 15.309 Executing VM operation: HandshakeAllThreads
Event: 15.310 Executing VM operation: HandshakeAllThreads done
Event: 15.365 Executing VM operation: HandshakeAllThreads
Event: 15.460 Executing VM operation: HandshakeAllThreads done
Event: 16.047 Executing VM operation: ParallelGCFailedAllocation
Event: 16.073 Executing VM operation: ParallelGCFailedAllocation done
Event: 16.098 Executing VM operation: HandshakeAllThreads
Event: 16.098 Executing VM operation: HandshakeAllThreads done
Event: 17.102 Executing VM operation: Cleanup
Event: 17.102 Executing VM operation: Cleanup done
Event: 17.109 Executing VM operation: HandshakeAllThreads
Event: 17.109 Executing VM operation: HandshakeAllThreads done
Event: 17.264 Executing VM operation: ParallelGCFailedAllocation
Event: 17.272 Executing VM operation: ParallelGCFailedAllocation done
Event: 17.345 Executing VM operation: HandshakeAllThreads
Event: 17.345 Executing VM operation: HandshakeAllThreads done
Event: 17.346 Executing VM operation: HandshakeAllThreads
Event: 17.346 Executing VM operation: HandshakeAllThreads done

Events (20 events):
Event: 15.471 Thread 0x0000024b61fcbf20 flushing nmethod 0x0000024b4c4e1a90
Event: 15.471 Thread 0x0000024b61fcbf20 flushing nmethod 0x0000024b4c4e2310
Event: 15.471 Thread 0x0000024b61fcbf20 flushing nmethod 0x0000024b4c4e2890
Event: 15.471 Thread 0x0000024b61fcbf20 flushing nmethod 0x0000024b4c4e3590
Event: 15.471 Thread 0x0000024b61fcbf20 flushing nmethod 0x0000024b4c4e3c10
Event: 15.471 Thread 0x0000024b61fcbf20 flushing nmethod 0x0000024b4c4e4f10
Event: 15.471 Thread 0x0000024b61fcbf20 flushing nmethod 0x0000024b4c4e5490
Event: 15.471 Thread 0x0000024b61fcbf20 flushing nmethod 0x0000024b4c4e5f10
Event: 15.471 Thread 0x0000024b61fcbf20 flushing nmethod 0x0000024b4c4e6b90
Event: 15.471 Thread 0x0000024b61fcbf20 flushing nmethod 0x0000024b4c4e9a90
Event: 15.471 Thread 0x0000024b61fcbf20 flushing nmethod 0x0000024b4c4ed390
Event: 15.471 Thread 0x0000024b61fcbf20 flushing nmethod 0x0000024b4c4f1690
Event: 15.471 Thread 0x0000024b61fcbf20 flushing nmethod 0x0000024b4c4f3d10
Event: 15.471 Thread 0x0000024b61fcbf20 flushing nmethod 0x0000024b4c532e90
Event: 15.471 Thread 0x0000024b61fcbf20 flushing nmethod 0x0000024b4c53b610
Event: 15.471 Thread 0x0000024b61fcbf20 flushing nmethod 0x0000024b4c53b990
Event: 15.471 Thread 0x0000024b61fcbf20 flushing nmethod 0x0000024b4c53be10
Event: 15.471 Thread 0x0000024b61fcbf20 flushing nmethod 0x0000024b4c53c790
Event: 17.243 Thread 0x0000024b63fed2f0 Thread added: 0x0000024b63fed2f0
Event: 17.261 Thread 0x0000024b63fef150 Thread added: 0x0000024b63fef150


Dynamic libraries:
0x00007ff608ff0000 - 0x00007ff608ffe000 	c:\Users\HP\.vscode\extensions\redhat.java-1.34.0-win32-x64\jre\17.0.12-win32-x86_64\bin\java.exe
0x00007ffb81e50000 - 0x00007ffb82067000 	C:\WINDOWS\SYSTEM32\ntdll.dll
0x00007ffb81270000 - 0x00007ffb81334000 	C:\WINDOWS\System32\KERNEL32.DLL
0x00007ffb7f400000 - 0x00007ffb7f7ad000 	C:\WINDOWS\System32\KERNELBASE.dll
0x00007ffb7fa60000 - 0x00007ffb7fb71000 	C:\WINDOWS\System32\ucrtbase.dll
0x00007ffb75f00000 - 0x00007ffb75f17000 	c:\Users\HP\.vscode\extensions\redhat.java-1.34.0-win32-x64\jre\17.0.12-win32-x86_64\bin\jli.dll
0x00007ffb77200000 - 0x00007ffb7721b000 	c:\Users\HP\.vscode\extensions\redhat.java-1.34.0-win32-x64\jre\17.0.12-win32-x86_64\bin\VCRUNTIME140.dll
0x00007ffb81440000 - 0x00007ffb815ee000 	C:\WINDOWS\System32\USER32.dll
0x00007ffb5d780000 - 0x00007ffb5da13000 	C:\WINDOWS\WinSxS\amd64_microsoft.windows.common-controls_6595b64144ccf1df_6.0.22621.3672_none_2713b9d173822955\COMCTL32.dll
0x00007ffb7f350000 - 0x00007ffb7f376000 	C:\WINDOWS\System32\win32u.dll
0x00007ffb7fb90000 - 0x00007ffb7fc37000 	C:\WINDOWS\System32\msvcrt.dll
0x00007ffb81ae0000 - 0x00007ffb81b09000 	C:\WINDOWS\System32\GDI32.dll
0x00007ffb7f170000 - 0x00007ffb7f289000 	C:\WINDOWS\System32\gdi32full.dll
0x00007ffb7f820000 - 0x00007ffb7f8ba000 	C:\WINDOWS\System32\msvcp_win.dll
0x00007ffb81400000 - 0x00007ffb81431000 	C:\WINDOWS\System32\IMM32.DLL
0x00007ffb77d80000 - 0x00007ffb77d8c000 	c:\Users\HP\.vscode\extensions\redhat.java-1.34.0-win32-x64\jre\17.0.12-win32-x86_64\bin\vcruntime140_1.dll
0x00007ffb5be60000 - 0x00007ffb5beed000 	c:\Users\HP\.vscode\extensions\redhat.java-1.34.0-win32-x64\jre\17.0.12-win32-x86_64\bin\msvcp140.dll
0x00007ffb015e0000 - 0x00007ffb0224a000 	c:\Users\HP\.vscode\extensions\redhat.java-1.34.0-win32-x64\jre\17.0.12-win32-x86_64\bin\server\jvm.dll
0x00007ffb81340000 - 0x00007ffb813f2000 	C:\WINDOWS\System32\ADVAPI32.dll
0x00007ffb80510000 - 0x00007ffb805b9000 	C:\WINDOWS\System32\sechost.dll
0x00007ffb7fa30000 - 0x00007ffb7fa58000 	C:\WINDOWS\System32\bcrypt.dll
0x00007ffb81b10000 - 0x00007ffb81c24000 	C:\WINDOWS\System32\RPCRT4.dll
0x00007ffb80690000 - 0x00007ffb80701000 	C:\WINDOWS\System32\WS2_32.dll
0x00007ffb7e350000 - 0x00007ffb7e39d000 	C:\WINDOWS\SYSTEM32\POWRPROF.dll
0x00007ffb77e50000 - 0x00007ffb77e84000 	C:\WINDOWS\SYSTEM32\WINMM.dll
0x00007ffb76c00000 - 0x00007ffb76c0a000 	C:\WINDOWS\SYSTEM32\VERSION.dll
0x00007ffb7e330000 - 0x00007ffb7e343000 	C:\WINDOWS\SYSTEM32\UMPDC.dll
0x00007ffb7e1d0000 - 0x00007ffb7e1e8000 	C:\WINDOWS\SYSTEM32\kernel.appcore.dll
0x00007ffb77d00000 - 0x00007ffb77d0a000 	c:\Users\HP\.vscode\extensions\redhat.java-1.34.0-win32-x64\jre\17.0.12-win32-x86_64\bin\jimage.dll
0x00007ffb7ca50000 - 0x00007ffb7cc82000 	C:\WINDOWS\SYSTEM32\DBGHELP.DLL
0x00007ffb815f0000 - 0x00007ffb8197d000 	C:\WINDOWS\System32\combase.dll
0x00007ffb81d30000 - 0x00007ffb81e07000 	C:\WINDOWS\System32\OLEAUT32.dll
0x00007ffb56f30000 - 0x00007ffb56f62000 	C:\WINDOWS\SYSTEM32\dbgcore.DLL
0x00007ffb7f380000 - 0x00007ffb7f3fb000 	C:\WINDOWS\System32\bcryptPrimitives.dll
0x00007ffb67020000 - 0x00007ffb6702e000 	c:\Users\HP\.vscode\extensions\redhat.java-1.34.0-win32-x64\jre\17.0.12-win32-x86_64\bin\instrument.dll
0x00007ffb66fd0000 - 0x00007ffb66ff5000 	c:\Users\HP\.vscode\extensions\redhat.java-1.34.0-win32-x64\jre\17.0.12-win32-x86_64\bin\java.dll
0x00007ffb630c0000 - 0x00007ffb630d8000 	c:\Users\HP\.vscode\extensions\redhat.java-1.34.0-win32-x64\jre\17.0.12-win32-x86_64\bin\zip.dll
0x00007ffb7fc40000 - 0x00007ffb804a8000 	C:\WINDOWS\System32\SHELL32.dll
0x00007ffb7d070000 - 0x00007ffb7d96e000 	C:\WINDOWS\SYSTEM32\windows.storage.dll
0x00007ffb7cf30000 - 0x00007ffb7d06f000 	C:\WINDOWS\SYSTEM32\wintypes.dll
0x00007ffb81c30000 - 0x00007ffb81d29000 	C:\WINDOWS\System32\SHCORE.dll
0x00007ffb80d30000 - 0x00007ffb80d8e000 	C:\WINDOWS\System32\shlwapi.dll
0x00007ffb7f0a0000 - 0x00007ffb7f0c1000 	C:\WINDOWS\SYSTEM32\profapi.dll
0x00007ffb63060000 - 0x00007ffb63079000 	C:\Users\HP\.vscode\extensions\redhat.java-1.34.0-win32-x64\jre\17.0.12-win32-x86_64\bin\net.dll
0x00007ffb78080000 - 0x00007ffb781b6000 	C:\WINDOWS\SYSTEM32\WINHTTP.dll
0x00007ffb7e6b0000 - 0x00007ffb7e719000 	C:\WINDOWS\system32\mswsock.dll
0x00007ffb61f80000 - 0x00007ffb61f96000 	C:\Users\HP\.vscode\extensions\redhat.java-1.34.0-win32-x64\jre\17.0.12-win32-x86_64\bin\nio.dll
0x00007ffb66fc0000 - 0x00007ffb66fd0000 	c:\Users\HP\.vscode\extensions\redhat.java-1.34.0-win32-x64\jre\17.0.12-win32-x86_64\bin\verify.dll
0x00007ffb5dbd0000 - 0x00007ffb5dc15000 	C:\Users\HP\AppData\Roaming\Code\User\globalStorage\redhat.java\1.34.0\config_win\org.eclipse.equinox.launcher\org.eclipse.equinox.launcher.win32.win32.x86_64_1.2.1100.v20240722-2106\eclipse_11904.dll
0x00007ffb80f00000 - 0x00007ffb810a5000 	C:\WINDOWS\System32\ole32.dll
0x00007ffb7ea00000 - 0x00007ffb7ea1b000 	C:\WINDOWS\SYSTEM32\CRYPTSP.dll
0x00007ffb7e130000 - 0x00007ffb7e165000 	C:\WINDOWS\system32\rsaenh.dll
0x00007ffb7e750000 - 0x00007ffb7e778000 	C:\WINDOWS\SYSTEM32\USERENV.dll
0x00007ffb7e9e0000 - 0x00007ffb7e9ec000 	C:\WINDOWS\SYSTEM32\CRYPTBASE.dll
0x00007ffb7dbd0000 - 0x00007ffb7dbfd000 	C:\WINDOWS\SYSTEM32\IPHLPAPI.DLL
0x00007ffb7fb80000 - 0x00007ffb7fb89000 	C:\WINDOWS\System32\NSI.dll
0x00007ffb78500000 - 0x00007ffb78519000 	C:\WINDOWS\SYSTEM32\dhcpcsvc6.DLL
0x00007ffb77ce0000 - 0x00007ffb77cff000 	C:\WINDOWS\SYSTEM32\dhcpcsvc.DLL
0x00007ffb7dc40000 - 0x00007ffb7dd38000 	C:\WINDOWS\SYSTEM32\DNSAPI.dll
0x00007ffb62d00000 - 0x00007ffb62d45000 	C:\Users\HP\AppData\Local\Temp\jna-2312\jna2252347404618875404.dll
0x00007ffb80d90000 - 0x00007ffb80d98000 	C:\WINDOWS\System32\PSAPI.DLL

dbghelp: loaded successfully - version: 4.0.5 - missing functions: none
symbol engine: initialized successfully - sym options: 0x614 - pdb path: .;c:\Users\HP\.vscode\extensions\redhat.java-1.34.0-win32-x64\jre\17.0.12-win32-x86_64\bin;C:\WINDOWS\SYSTEM32;C:\WINDOWS\WinSxS\amd64_microsoft.windows.common-controls_6595b64144ccf1df_6.0.22621.3672_none_2713b9d173822955;c:\Users\HP\.vscode\extensions\redhat.java-1.34.0-win32-x64\jre\17.0.12-win32-x86_64\bin\server;C:\Users\HP\AppData\Roaming\Code\User\globalStorage\redhat.java\1.34.0\config_win\org.eclipse.equinox.launcher\org.eclipse.equinox.launcher.win32.win32.x86_64_1.2.1100.v20240722-2106;C:\Users\HP\AppData\Local\Temp\jna-2312

VM Arguments:
jvm_args: --add-modules=ALL-SYSTEM --add-opens=java.base/java.util=ALL-UNNAMED --add-opens=java.base/java.lang=ALL-UNNAMED --add-opens=java.base/sun.nio.fs=ALL-UNNAMED -Declipse.application=org.eclipse.jdt.ls.core.id1 -Dosgi.bundles.defaultStartLevel=4 -Declipse.product=org.eclipse.jdt.ls.core.product -Djava.import.generatesMetadataFilesAtProjectRoot=false -DDetectVMInstallationsJob.disabled=true -Dfile.encoding=utf8 -XX:+UseParallelGC -XX:GCTimeRatio=4 -XX:AdaptiveSizePolicyWeight=90 -Dsun.zip.disableMemoryMapping=true -Xmx1G -Xms100m -Xlog:disable -javaagent:c:\Users\HP\.vscode\extensions\redhat.java-1.34.0-win32-x64\lombok\lombok-1.18.33.jar -XX:+HeapDumpOnOutOfMemoryError -XX:HeapDumpPath=c:\Users\HP\AppData\Roaming\Code\User\workspaceStorage\fdfb1d2a9fd6f7975dfe5310c4bfaddf\redhat.java -Daether.dependencyCollector.impl=bf 
java_command: c:\Users\HP\.vscode\extensions\redhat.java-1.34.0-win32-x64\server\plugins\org.eclipse.equinox.launcher_1.6.900.v20240613-2009.jar -configuration c:\Users\HP\AppData\Roaming\Code\User\globalStorage\redhat.java\1.34.0\config_win -data c:\Users\HP\AppData\Roaming\Code\User\workspaceStorage\fdfb1d2a9fd6f7975dfe5310c4bfaddf\redhat.java\jdt_ws --pipe=\\.\pipe\lsp-af5b61d1dfd75e3b466bb893f6f43d58-sock
java_class_path (initial): c:\Users\HP\.vscode\extensions\redhat.java-1.34.0-win32-x64\server\plugins\org.eclipse.equinox.launcher_1.6.900.v20240613-2009.jar
Launcher Type: SUN_STANDARD

[Global flags]
    uintx AdaptiveSizePolicyWeight                 = 90                                        {product} {command line}
     intx CICompilerCount                          = 4                                         {product} {ergonomic}
    uintx GCTimeRatio                              = 4                                         {product} {command line}
     bool HeapDumpOnOutOfMemoryError               = true                                   {manageable} {command line}
    ccstr HeapDumpPath                             = c:\Users\HP\AppData\Roaming\Code\User\workspaceStorage\fdfb1d2a9fd6f7975dfe5310c4bfaddf\redhat.java         {manageable} {command line}
   size_t InitialHeapSize                          = 104857600                                 {product} {command line}
   size_t MaxHeapSize                              = 1073741824                                {product} {command line}
   size_t MaxNewSize                               = 357564416                                 {product} {ergonomic}
   size_t MinHeapDeltaBytes                        = 524288                                    {product} {ergonomic}
   size_t MinHeapSize                              = 104857600                                 {product} {command line}
   size_t NewSize                                  = 34603008                                  {product} {ergonomic}
    uintx NonNMethodCodeHeapSize                   = 5839372                                {pd product} {ergonomic}
    uintx NonProfiledCodeHeapSize                  = 122909434                              {pd product} {ergonomic}
   size_t OldSize                                  = 70254592                                  {product} {ergonomic}
    uintx ProfiledCodeHeapSize                     = 122909434                              {pd product} {ergonomic}
    uintx ReservedCodeCacheSize                    = 251658240                              {pd product} {ergonomic}
     bool SegmentedCodeCache                       = true                                      {product} {ergonomic}
   size_t SoftMaxHeapSize                          = 1073741824                             {manageable} {ergonomic}
     bool UseCompressedClassPointers               = true                           {product lp64_product} {ergonomic}
     bool UseCompressedOops                        = true                           {product lp64_product} {ergonomic}
     bool UseLargePagesIndividualAllocation        = false                                  {pd product} {ergonomic}
     bool UseParallelGC                            = true                                      {product} {command line}

Logging:
Log output configuration:
 #0: stdout all=off uptime,level,tags
 #1: stderr all=off uptime,level,tags

Environment Variables:
JAVA_HOME=C:\Program Files\Java\jdk-18.0.2
PATH=C:\Users\HP\AppData\Local\cloud-code\installer\google-cloud-sdk\bin;C:\Users\HP\AppData\Local\Programs\Python\Python312\Scripts\;C:\Users\HP\AppData\Local\Programs\Python\Python312\;C:\Program Files\Common Files\Oracle\Java\javapath;C:\msys64\ucrt64\bin;C:\Users\HP\Desktop\ngrok-v3-stable-windows-amd64;C:\Program Files\nodejs\;C:\ProgramData\chocolatey\bin;C:\Users\HP\Desktop\apache-maven-3.9.9\bin;C:\Users\HP\AppData\Roaming\Microsoft\Windows\Start Menu\Programs\Google Cloud SDK\Google Cloud SDK Shell.lnk;C:\Users\HP\AppData\Roaming\Microsoft\Windows\Start Menu\Programs\Google Cloud SDK\Cloud Tools for PowerShell.lnk;C:\Program Files\Git\cmd;C:\Program Files\Docker\Docker\resources\bin;C:\Windows\System32;C:\Users\HP\AppData\Local\Programs\Python\Python312\Scripts\;C:\Users\HP\AppData\Local\Programs\Python\Python312\;C:\Program Files\MySQL\MySQL Shell 8.0\bin\;C:\Users\HP\.cargo\bin;C:\Users\HP\AppData\Local\Microsoft\WindowsApps;C:\Users\HP\AppData\Local\Programs\Microsoft VS Code\bin;C:\Users\HP\.dotnet\tools;C:\Users\HP\AppData\Local\Microsoft\WinGet\Packages\Schniz.fnm_Microsoft.Winget.Source_8wekyb3d8bbwe;C:\Users\HP\AppData\Roaming\npm;C:\Users\HP\AppData\Local\Google\Cloud SDK\google-cloud-sdk\bin;C:\Users\HP\AppData\Roaming\Microsoft\Windows\Start Menu\Programs\Google Cloud SDK\Cloud Tools for PowerShell.lnk;;C:\Users\HP\AppData\Local\Google\Cloud SDK\google-cloud-sdk\bin;C:\Program Files (x86)\Google\Cloud SDK\google-cloud-sdk\bin;C:\Program Files\Google\Cloud SDK\google-cloud-sdk\bin
USERNAME=HP
OS=Windows_NT
PROCESSOR_IDENTIFIER=Intel64 Family 6 Model 142 Stepping 12, GenuineIntel
TMP=C:\Users\HP\AppData\Local\Temp
TEMP=C:\Users\HP\AppData\Local\Temp



Periodic native trim disabled


---------------  S Y S T E M  ---------------

OS:
 Windows 11 , 64 bit Build 22621 (10.0.22621.3958)
OS uptime: 5 days 4:50 hours
Hyper-V role detected

CPU: total 8 (initial active 8) (4 cores per cpu, 2 threads per core) family 6 model 142 stepping 12 microcode 0xfa, cx8, cmov, fxsr, ht, mmx, 3dnowpref, sse, sse2, sse3, ssse3, sse4.1, sse4.2, popcnt, lzcnt, tsc, tscinvbit, avx, avx2, aes, erms, clmul, bmi1, bmi2, adx, fma, vzeroupper, clflush, clflushopt, hv
Processor Information for all 8 processors :
  Max Mhz: 2304, Current Mhz: 1803, Mhz Limit: 1797

Memory: 4k page, system-wide physical 8029M (303M free)
TotalPageFile size 32605M (AvailPageFile size 0M)
current process WorkingSet (physical memory assigned to process): 194M, peak: 198M
current process commit charge ("private bytes"): 284M, peak: 293M

vm_info: OpenJDK 64-Bit Server VM (17.0.12+7) for windows-amd64 JRE (17.0.12+7), built on Jul 16 2024 22:08:24 by "admin" with MS VC++ 16.10 / 16.11 (VS2019)

END.
