#
# There is insufficient memory for the Java Runtime Environment to continue.
# Native memory allocation (mmap) failed to map 65536 bytes. Error detail: Failed to commit metaspace.
# Possible reasons:
#   The system is out of physical RAM or swap space
#   This process is running with CompressedOops enabled, and the Java Heap may be blocking the growth of the native heap
# Possible solutions:
#   Reduce memory load on the system
#   Increase physical memory or swap space
#   Check if swap backing store is full
#   Decrease Java heap size (-Xmx/-Xms)
#   Decrease number of Java threads
#   Decrease Java thread stack sizes (-Xss)
#   Set larger code cache with -XX:ReservedCodeCacheSize=
#   JVM is running with Unscaled Compressed Oops mode in which the Java heap is
#     placed in the first 4GB address space. The Java Heap base address is the
#     maximum limit for the native heap growth. Please use -XX:HeapBaseMinAddress
#     to set the Java Heap base and to place the Java Heap above 4GB virtual address.
# This output file may be truncated or incomplete.
#
#  Out of Memory Error (virtualSpaceNode.cpp:110), pid=10856, tid=16060
#
# JRE version: OpenJDK Runtime Environment Temurin-17.0.12+7 (17.0.12+7) (build 17.0.12+7)
# Java VM: OpenJDK 64-Bit Server VM Temurin-17.0.12+7 (17.0.12+7, mixed mode, emulated-client, tiered, compressed oops, compressed class ptrs, g1 gc, windows-amd64)
# No core dump will be written. Minidumps are not enabled by default on client versions of Windows
#

---------------  S U M M A R Y ------------

Command Line: -Xmx1024m -Dsts.lsp.client=vscode -Dsts.log.file=/dev/null -XX:TieredStopAtLevel=1 -Xlog:jni+resolve=off -Dspring.config.location=file:c:\Users\HP\.vscode\extensions\vmware.vscode-spring-boot-1.56.0\language-server\BOOT-INF\classes\application.properties org.springframework.ide.vscode.boot.app.BootLanguageServerBootApp

Host: Intel(R) Core(TM) i7-10510U CPU @ 1.80GHz, 8 cores, 7G,  Windows 11 , 64 bit Build 22621 (10.0.22621.3958)
Time: Fri Sep  6 15:16:19 2024 Arabian Standard Time elapsed time: 1.197263 seconds (0d 0h 0m 1s)

---------------  T H R E A D  ---------------

Current thread (0x000002a348ba48f0):  JavaThread "main" [_thread_in_vm, id=16060, stack(0x000000d73b600000,0x000000d73b700000)]

Stack: [0x000000d73b600000,0x000000d73b700000]
Native frames: (J=compiled Java code, j=interpreted, Vv=VM code, C=native code)
V  [jvm.dll+0x67f929]
V  [jvm.dll+0x8371ba]
V  [jvm.dll+0x838c7e]
V  [jvm.dll+0x8392e3]
V  [jvm.dll+0x24834f]
V  [jvm.dll+0x832e6d]
V  [jvm.dll+0x623e9e]
V  [jvm.dll+0x623f0a]
V  [jvm.dll+0x626724]
V  [jvm.dll+0x624846]
V  [jvm.dll+0x23c6df]
V  [jvm.dll+0x62e735]
V  [jvm.dll+0x1ebe7b]
V  [jvm.dll+0x1ec3b5]
V  [jvm.dll+0x1ece72]
V  [jvm.dll+0x1e2261]
V  [jvm.dll+0x54468e]
V  [jvm.dll+0x1f2ce7]
V  [jvm.dll+0x7b056b]
V  [jvm.dll+0x7b1939]
V  [jvm.dll+0x7b1c88]
V  [jvm.dll+0x2404de]
V  [jvm.dll+0x3833fe]
C  0x000002a34b84993b

The last pc belongs to new (printed below).
Java frames: (J=compiled Java code, j=interpreted, Vv=VM code)
j  java.util.Collections.singletonMap(Ljava/lang/Object;Ljava/lang/Object;)Ljava/util/Map;+0 java.base@17.0.12
j  java.time.format.DateTimeFormatterBuilder.appendText(Ljava/time/temporal/TemporalField;Ljava/util/Map;)Ljava/time/format/DateTimeFormatterBuilder;+28 java.base@17.0.12
j  java.time.format.DateTimeFormatter.<clinit>()V+952 java.base@17.0.12
v  ~StubRoutines::call_stub
j  ch.qos.logback.core.util.CachingDateFormatter.<init>(Ljava/lang/String;Ljava/time/ZoneId;Ljava/util/Locale;)V+38
j  ch.qos.logback.classic.pattern.DateConverter.start()V+135
j  ch.qos.logback.core.pattern.ConverterUtil.startConverters(Lch/qos/logback/core/pattern/Converter;)V+47
j  ch.qos.logback.core.pattern.PatternLayoutBase.start()V+108
j  ch.qos.logback.classic.encoder.PatternLayoutEncoder.start()V+33
j  ch.qos.logback.core.model.processor.ImplicitModelHandler.postHandleComplex(Lch/qos/logback/core/model/processor/ModelInterpretationContext;Lch/qos/logback/core/model/Model;Lch/qos/logback/core/joran/action/ImplicitModelDataForComplexProperty;)V+72
j  ch.qos.logback.core.model.processor.ImplicitModelHandler.postHandle(Lch/qos/logback/core/model/processor/ModelInterpretationContext;Lch/qos/logback/core/model/Model;)V+47
j  ch.qos.logback.core.model.processor.DefaultProcessor.secondPhaseTraverse(Lch/qos/logback/core/model/Model;Lch/qos/logback/core/model/processor/ModelFilter;)I+154
j  ch.qos.logback.core.model.processor.DefaultProcessor.secondPhaseTraverse(Lch/qos/logback/core/model/Model;Lch/qos/logback/core/model/processor/ModelFilter;)I+133
j  ch.qos.logback.core.model.processor.DefaultProcessor.secondPhaseTraverse(Lch/qos/logback/core/model/Model;Lch/qos/logback/core/model/processor/ModelFilter;)I+133
j  ch.qos.logback.core.model.processor.DefaultProcessor$$Lambda$92+0x0000000100114190.traverse(Lch/qos/logback/core/model/Model;Lch/qos/logback/core/model/processor/ModelFilter;)I+6
j  ch.qos.logback.core.model.processor.DefaultProcessor.traversalLoop(Lch/qos/logback/core/model/processor/DefaultProcessor$TraverseMethod;Lch/qos/logback/core/model/Model;Lch/qos/logback/core/model/processor/ModelFilter;Ljava/lang/String;)V+16
j  ch.qos.logback.core.model.processor.DefaultProcessor.process(Lch/qos/logback/core/model/Model;)V+44
j  ch.qos.logback.core.joran.GenericXMLConfigurator.processModel(Lch/qos/logback/core/model/Model;)V+55
j  ch.qos.logback.core.joran.GenericXMLConfigurator.doConfigure(Lorg/xml/sax/InputSource;)V+80
j  ch.qos.logback.core.joran.GenericXMLConfigurator.doConfigure(Ljava/io/InputStream;Ljava/lang/String;)V+16
j  ch.qos.logback.core.joran.GenericXMLConfigurator.doConfigure(Ljava/net/URL;)V+31
j  ch.qos.logback.classic.util.DefaultJoranConfigurator.configureByResource(Ljava/net/URL;)V+46
j  ch.qos.logback.classic.util.DefaultJoranConfigurator.configure(Lch/qos/logback/classic/LoggerContext;)Lch/qos/logback/classic/spi/Configurator$ExecutionStatus;+12
j  ch.qos.logback.classic.util.ContextInitializer.invokeConfigure(Lch/qos/logback/classic/spi/Configurator;)Lch/qos/logback/classic/spi/Configurator$ExecutionStatus;+42
j  ch.qos.logback.classic.util.ContextInitializer.autoConfig(Ljava/lang/ClassLoader;)V+207
j  ch.qos.logback.classic.util.ContextInitializer.autoConfig()V+6
j  ch.qos.logback.classic.spi.LogbackServiceProvider.initializeLoggerContext()V+11
j  ch.qos.logback.classic.spi.LogbackServiceProvider.initialize()V+21
j  org.slf4j.LoggerFactory.bind()V+37
j  org.slf4j.LoggerFactory.performInitialization()V+0
j  org.slf4j.LoggerFactory.getProvider()Lorg/slf4j/spi/SLF4JServiceProvider;+21
j  org.slf4j.LoggerFactory.getILoggerFactory()Lorg/slf4j/ILoggerFactory;+0
j  org.slf4j.LoggerFactory.getLogger(Ljava/lang/String;)Lorg/slf4j/Logger;+0
j  reactor.util.Loggers$Slf4JLoggerFactory.apply(Ljava/lang/String;)Lreactor/util/Logger;+5
j  reactor.util.Loggers$Slf4JLoggerFactory.apply(Ljava/lang/Object;)Ljava/lang/Object;+5
j  reactor.util.Loggers.useSl4jLoggers()V+21
j  reactor.util.Loggers.resetLoggerFactory()V+0
j  reactor.util.Loggers.<clinit>()V+0
v  ~StubRoutines::call_stub
j  reactor.core.publisher.Hooks.<clinit>()V+19
v  ~StubRoutines::call_stub
j  org.springframework.ide.vscode.boot.app.BootLanguageServerBootApp.main([Ljava/lang/String;)V+0
v  ~StubRoutines::call_stub
new  187 new  [0x000002a34b8497a0, 0x000002a34b8499c0]  544 bytes
[MachCode]
  0x000002a34b8497a0: 4883 ec08 | c5fa 1104 | 24eb 1f48 | 83ec 10c5 | fb11 0424 | eb14 4883 | ec10 4889 | 0424 48c7 
  0x000002a34b8497c0: 4424 0800 | 0000 00eb | 0150 410f | b755 010f | cac1 ea10 | 488b 4de8 | 488b 4908 | 488b 4908 
  0x000002a34b8497e0: 488b 4108 | 807c 1004 | 070f 85d6 | 0000 0066 | 8b54 d148 | 488b 4928 | 488b 4cd1 | 0851 80b9 
  0x000002a34b849800: 3301 0000 | 040f 85b9 | 0000 008b | 5108 f7c2 | 0100 0000 | 0f85 aa00 | 0000 498b | 8708 0100 
  0x000002a34b849820: 0048 8d1c | 1049 3b9f | 1801 0000 | 0f87 9200 | 0000 4989 | 9f08 0100 | 00e9 0000 | 0000 4883 
  0x000002a34b849840: ea10 0f84 | 0f00 0000 | 33c9 c1ea | 0348 894c | d008 48ff | ca75 f648 | c700 0100 | 0000 5933 
  0x000002a34b849860: f689 700c | 48c1 e903 | 8948 0849 | bad9 b5ba | e0fa 7f00 | 0041 803a | 000f 8440 | 0000 0050 
  0x000002a34b849880: 488b c848 | 83ec 20f7 | c40f 0000 | 000f 841a | 0000 0048 | 83ec 0849 | bab0 4c70 | e0fa 7f00 
  0x000002a34b8498a0: 0041 ffd2 | 4883 c408 | e90d 0000 | 0049 bab0 | 4c70 e0fa | 7f00 0041 | ffd2 4883 | c420 58e9 
  0x000002a34b8498c0: cd00 0000 | 5948 8b55 | e848 8b52 | 0848 8b52 | 0845 0fb7 | 4501 410f | c841 c1e8 | 10e8 0500 
  0x000002a34b8498e0: 0000 e9aa | 0000 0048 | 8d44 2408 | 4c89 6dc0 | 498b cfc5 | f877 4989 | afa8 0200 | 0049 8987 
  0x000002a34b849900: 9802 0000 | 4883 ec20 | f7c4 0f00 | 0000 0f84 | 1a00 0000 | 4883 ec08 | 49ba b033 | 3ae0 fa7f 
  0x000002a34b849920: 0000 41ff | d248 83c4 | 08e9 0d00 | 0000 49ba | b033 3ae0 | fa7f 0000 | 41ff d248 | 83c4 2049 
  0x000002a34b849940: c787 9802 | 0000 0000 | 0000 49c7 | 87a8 0200 | 0000 0000 | 0049 c787 | a002 0000 | 0000 0000 
  0x000002a34b849960: c5f8 7749 | 817f 0800 | 0000 000f | 8405 0000 | 00e9 8a75 | feff 498b | 87f0 0200 | 0049 c787 
  0x000002a34b849980: f002 0000 | 0000 0000 | 4c8b 6dc0 | 4c8b 75c8 | c341 0fb6 | 5d03 4983 | c503 49ba | 9022 bde0 
  0x000002a34b8499a0: fa7f 0000 | 41ff 24da | 0000 0000 | 0000 0000 | 0000 0000 | 0000 0000 | 0000 0000 | 0000 0000 
[/MachCode]

---------------  P R O C E S S  ---------------

Threads class SMR info:
_java_thread_list=0x000002a353d16360, length=13, elements={
0x000002a348ba48f0, 0x000002a3539ef380, 0x000002a3539f08b0, 0x000002a353a1c7f0,
0x000002a353a1d380, 0x000002a353b22090, 0x000002a353b22960, 0x000002a353b23230,
0x000002a353b23b40, 0x000002a353d34340, 0x000002a353d3a880, 0x000002a353d49210,
0x000002a353d4e5e0
}

Java Threads: ( => current thread )
=>0x000002a348ba48f0 JavaThread "main" [_thread_in_vm, id=16060, stack(0x000000d73b600000,0x000000d73b700000)]
  0x000002a3539ef380 JavaThread "Reference Handler" daemon [_thread_blocked, id=24616, stack(0x000000d73bd00000,0x000000d73be00000)]
  0x000002a3539f08b0 JavaThread "Finalizer" daemon [_thread_blocked, id=27116, stack(0x000000d73be00000,0x000000d73bf00000)]
  0x000002a353a1c7f0 JavaThread "Signal Dispatcher" daemon [_thread_blocked, id=28716, stack(0x000000d73bf00000,0x000000d73c000000)]
  0x000002a353a1d380 JavaThread "Attach Listener" daemon [_thread_blocked, id=8968, stack(0x000000d73c000000,0x000000d73c100000)]
  0x000002a353b22090 JavaThread "Service Thread" daemon [_thread_blocked, id=14956, stack(0x000000d73c100000,0x000000d73c200000)]
  0x000002a353b22960 JavaThread "Monitor Deflation Thread" daemon [_thread_blocked, id=22276, stack(0x000000d73c200000,0x000000d73c300000)]
  0x000002a353b23230 JavaThread "C1 CompilerThread0" daemon [_thread_blocked, id=31064, stack(0x000000d73c300000,0x000000d73c400000)]
  0x000002a353b23b40 JavaThread "Sweeper thread" daemon [_thread_blocked, id=1156, stack(0x000000d73c400000,0x000000d73c500000)]
  0x000002a353d34340 JavaThread "C1 CompilerThread1" daemon [_thread_blocked, id=32440, stack(0x000000d73c500000,0x000000d73c600000)]
  0x000002a353d3a880 JavaThread "C1 CompilerThread2" daemon [_thread_blocked, id=29388, stack(0x000000d73c600000,0x000000d73c700000)]
  0x000002a353d49210 JavaThread "Notification Thread" daemon [_thread_blocked, id=31504, stack(0x000000d73c700000,0x000000d73c800000)]
  0x000002a353d4e5e0 JavaThread "Common-Cleaner" daemon [_thread_blocked, id=25740, stack(0x000000d73c900000,0x000000d73ca00000)]

Other Threads:
  0x000002a3539da120 VMThread "VM Thread" [stack: 0x000000d73bc00000,0x000000d73bd00000] [id=8512]
  0x000002a353d4bb10 WatcherThread [stack: 0x000000d73c800000,0x000000d73c900000] [id=12488]
  0x000002a348be3d40 GCTaskThread "GC Thread#0" [stack: 0x000000d73b700000,0x000000d73b800000] [id=5256]
  0x000002a3589e0c70 GCTaskThread "GC Thread#1" [stack: 0x000000d73ca00000,0x000000d73cb00000] [id=17604]
  0x000002a3589e0f30 GCTaskThread "GC Thread#2" [stack: 0x000000d73cb00000,0x000000d73cc00000] [id=5772]
  0x000002a358a2cb00 GCTaskThread "GC Thread#3" [stack: 0x000000d73cc00000,0x000000d73cd00000] [id=11364]
  0x000002a348becba0 ConcurrentGCThread "G1 Main Marker" [stack: 0x000000d73b800000,0x000000d73b900000] [id=32668]
  0x000002a348bedc70 ConcurrentGCThread "G1 Conc#0" [stack: 0x000000d73b900000,0x000000d73ba00000] [id=18584]
  0x000002a348c45a20 ConcurrentGCThread "G1 Refine#0" [stack: 0x000000d73ba00000,0x000000d73bb00000] [id=33328]
  0x000002a3538524b0 ConcurrentGCThread "G1 Service" [stack: 0x000000d73bb00000,0x000000d73bc00000] [id=18904]

Threads with active compile tasks:

VM state: not at safepoint (normal execution)

VM Mutex/Monitor currently owned by a thread:  ([mutex/lock_event])
[0x000002a346921010] Metaspace_lock - owner thread: 0x000002a348ba48f0

Heap address: 0x00000000c0000000, size: 1024 MB, Compressed Oops mode: 32-bit

CDS archive(s) not mapped
Compressed class space mapped at: 0x0000000100000000-0x0000000140000000, reserved size: 1073741824
Narrow klass base: 0x0000000000000000, Narrow klass shift: 3, Narrow klass range: 0x140000000

GC Precious Log:
 CPUs: 8 total, 8 available
 Memory: 8029M
 Large Page Support: Disabled
 NUMA Support: Disabled
 Compressed Oops: Enabled (32-bit)
 Heap Region Size: 1M
 Heap Min Capacity: 8M
 Heap Initial Capacity: 126M
 Heap Max Capacity: 1G
 Pre-touch: Disabled
 Parallel Workers: 8
 Concurrent Workers: 2
 Concurrent Refinement Workers: 8
 Periodic GC: Disabled

Heap:
 garbage-first heap   total 129024K, used 22763K [0x00000000c0000000, 0x0000000100000000)
  region size 1024K, 11 young (11264K), 3 survivors (3072K)
 Metaspace       used 10160K, committed 10304K, reserved 1114112K
  class space    used 1212K, committed 1280K, reserved 1048576K

Heap Regions: E=young(eden), S=young(survivor), O=old, HS=humongous(starts), HC=humongous(continues), CS=collection set, F=free, OA=open archive, CA=closed archive, TAMS=top-at-mark-start (previous, next)
|   0|0x00000000c0000000, 0x00000000c0100000, 0x00000000c0100000|100%|HS|  |TAMS 0x00000000c0000000, 0x00000000c0000000| Complete 
|   1|0x00000000c0100000, 0x00000000c0200000, 0x00000000c0200000|100%|HC|  |TAMS 0x00000000c0100000, 0x00000000c0100000| Complete 
|   2|0x00000000c0200000, 0x00000000c0300000, 0x00000000c0300000|100%|HC|  |TAMS 0x00000000c0200000, 0x00000000c0200000| Complete 
|   3|0x00000000c0300000, 0x00000000c0400000, 0x00000000c0400000|100%|HC|  |TAMS 0x00000000c0300000, 0x00000000c0300000| Complete 
|   4|0x00000000c0400000, 0x00000000c0500000, 0x00000000c0500000|100%|HS|  |TAMS 0x00000000c0400000, 0x00000000c0400000| Complete 
|   5|0x00000000c0500000, 0x00000000c0600000, 0x00000000c0600000|100%|HC|  |TAMS 0x00000000c0500000, 0x00000000c0500000| Complete 
|   6|0x00000000c0600000, 0x00000000c0700000, 0x00000000c0700000|100%| O|  |TAMS 0x00000000c0600000, 0x00000000c0600000| Untracked 
|   7|0x00000000c0700000, 0x00000000c0800000, 0x00000000c0800000|100%| O|  |TAMS 0x00000000c0700000, 0x00000000c0700000| Untracked 
|   8|0x00000000c0800000, 0x00000000c0900000, 0x00000000c0900000|100%| O|  |TAMS 0x00000000c0800000, 0x00000000c0800000| Untracked 
|   9|0x00000000c0900000, 0x00000000c0a00000, 0x00000000c0a00000|100%| O|  |TAMS 0x00000000c0900000, 0x00000000c0900000| Untracked 
|  10|0x00000000c0a00000, 0x00000000c0b00000, 0x00000000c0b00000|100%| O|  |TAMS 0x00000000c0a00000, 0x00000000c0a00000| Untracked 
|  11|0x00000000c0b00000, 0x00000000c0c00000, 0x00000000c0c00000|100%| O|  |TAMS 0x00000000c0b00000, 0x00000000c0b00000| Untracked 
|  12|0x00000000c0c00000, 0x00000000c0c3ac00, 0x00000000c0d00000| 22%| O|  |TAMS 0x00000000c0c00000, 0x00000000c0c00000| Untracked 
|  13|0x00000000c0d00000, 0x00000000c0d00000, 0x00000000c0e00000|  0%| F|  |TAMS 0x00000000c0d00000, 0x00000000c0d00000| Untracked 
|  14|0x00000000c0e00000, 0x00000000c0e00000, 0x00000000c0f00000|  0%| F|  |TAMS 0x00000000c0e00000, 0x00000000c0e00000| Untracked 
|  15|0x00000000c0f00000, 0x00000000c0f00000, 0x00000000c1000000|  0%| F|  |TAMS 0x00000000c0f00000, 0x00000000c0f00000| Untracked 
|  16|0x00000000c1000000, 0x00000000c1000000, 0x00000000c1100000|  0%| F|  |TAMS 0x00000000c1000000, 0x00000000c1000000| Untracked 
|  17|0x00000000c1100000, 0x00000000c1100000, 0x00000000c1200000|  0%| F|  |TAMS 0x00000000c1100000, 0x00000000c1100000| Untracked 
|  18|0x00000000c1200000, 0x00000000c1200000, 0x00000000c1300000|  0%| F|  |TAMS 0x00000000c1200000, 0x00000000c1200000| Untracked 
|  19|0x00000000c1300000, 0x00000000c1300000, 0x00000000c1400000|  0%| F|  |TAMS 0x00000000c1300000, 0x00000000c1300000| Untracked 
|  20|0x00000000c1400000, 0x00000000c1400000, 0x00000000c1500000|  0%| F|  |TAMS 0x00000000c1400000, 0x00000000c1400000| Untracked 
|  21|0x00000000c1500000, 0x00000000c1500000, 0x00000000c1600000|  0%| F|  |TAMS 0x00000000c1500000, 0x00000000c1500000| Untracked 
|  22|0x00000000c1600000, 0x00000000c1600000, 0x00000000c1700000|  0%| F|  |TAMS 0x00000000c1600000, 0x00000000c1600000| Untracked 
|  23|0x00000000c1700000, 0x00000000c1700000, 0x00000000c1800000|  0%| F|  |TAMS 0x00000000c1700000, 0x00000000c1700000| Untracked 
|  24|0x00000000c1800000, 0x00000000c1800000, 0x00000000c1900000|  0%| F|  |TAMS 0x00000000c1800000, 0x00000000c1800000| Untracked 
|  25|0x00000000c1900000, 0x00000000c1900000, 0x00000000c1a00000|  0%| F|  |TAMS 0x00000000c1900000, 0x00000000c1900000| Untracked 
|  26|0x00000000c1a00000, 0x00000000c1a00000, 0x00000000c1b00000|  0%| F|  |TAMS 0x00000000c1a00000, 0x00000000c1a00000| Untracked 
|  27|0x00000000c1b00000, 0x00000000c1b00000, 0x00000000c1c00000|  0%| F|  |TAMS 0x00000000c1b00000, 0x00000000c1b00000| Untracked 
|  28|0x00000000c1c00000, 0x00000000c1c00000, 0x00000000c1d00000|  0%| F|  |TAMS 0x00000000c1c00000, 0x00000000c1c00000| Untracked 
|  29|0x00000000c1d00000, 0x00000000c1d00000, 0x00000000c1e00000|  0%| F|  |TAMS 0x00000000c1d00000, 0x00000000c1d00000| Untracked 
|  30|0x00000000c1e00000, 0x00000000c1e00000, 0x00000000c1f00000|  0%| F|  |TAMS 0x00000000c1e00000, 0x00000000c1e00000| Untracked 
|  31|0x00000000c1f00000, 0x00000000c1f00000, 0x00000000c2000000|  0%| F|  |TAMS 0x00000000c1f00000, 0x00000000c1f00000| Untracked 
|  32|0x00000000c2000000, 0x00000000c2000000, 0x00000000c2100000|  0%| F|  |TAMS 0x00000000c2000000, 0x00000000c2000000| Untracked 
|  33|0x00000000c2100000, 0x00000000c2100000, 0x00000000c2200000|  0%| F|  |TAMS 0x00000000c2100000, 0x00000000c2100000| Untracked 
|  34|0x00000000c2200000, 0x00000000c2200000, 0x00000000c2300000|  0%| F|  |TAMS 0x00000000c2200000, 0x00000000c2200000| Untracked 
|  35|0x00000000c2300000, 0x00000000c2300000, 0x00000000c2400000|  0%| F|  |TAMS 0x00000000c2300000, 0x00000000c2300000| Untracked 
|  36|0x00000000c2400000, 0x00000000c2400000, 0x00000000c2500000|  0%| F|  |TAMS 0x00000000c2400000, 0x00000000c2400000| Untracked 
|  37|0x00000000c2500000, 0x00000000c2500000, 0x00000000c2600000|  0%| F|  |TAMS 0x00000000c2500000, 0x00000000c2500000| Untracked 
|  38|0x00000000c2600000, 0x00000000c2600000, 0x00000000c2700000|  0%| F|  |TAMS 0x00000000c2600000, 0x00000000c2600000| Untracked 
|  39|0x00000000c2700000, 0x00000000c2700000, 0x00000000c2800000|  0%| F|  |TAMS 0x00000000c2700000, 0x00000000c2700000| Untracked 
|  40|0x00000000c2800000, 0x00000000c2800000, 0x00000000c2900000|  0%| F|  |TAMS 0x00000000c2800000, 0x00000000c2800000| Untracked 
|  41|0x00000000c2900000, 0x00000000c2900000, 0x00000000c2a00000|  0%| F|  |TAMS 0x00000000c2900000, 0x00000000c2900000| Untracked 
|  42|0x00000000c2a00000, 0x00000000c2a00000, 0x00000000c2b00000|  0%| F|  |TAMS 0x00000000c2a00000, 0x00000000c2a00000| Untracked 
|  43|0x00000000c2b00000, 0x00000000c2b00000, 0x00000000c2c00000|  0%| F|  |TAMS 0x00000000c2b00000, 0x00000000c2b00000| Untracked 
|  44|0x00000000c2c00000, 0x00000000c2c00000, 0x00000000c2d00000|  0%| F|  |TAMS 0x00000000c2c00000, 0x00000000c2c00000| Untracked 
|  45|0x00000000c2d00000, 0x00000000c2d00000, 0x00000000c2e00000|  0%| F|  |TAMS 0x00000000c2d00000, 0x00000000c2d00000| Untracked 
|  46|0x00000000c2e00000, 0x00000000c2e00000, 0x00000000c2f00000|  0%| F|  |TAMS 0x00000000c2e00000, 0x00000000c2e00000| Untracked 
|  47|0x00000000c2f00000, 0x00000000c2f00000, 0x00000000c3000000|  0%| F|  |TAMS 0x00000000c2f00000, 0x00000000c2f00000| Untracked 
|  48|0x00000000c3000000, 0x00000000c3000000, 0x00000000c3100000|  0%| F|  |TAMS 0x00000000c3000000, 0x00000000c3000000| Untracked 
|  49|0x00000000c3100000, 0x00000000c3100000, 0x00000000c3200000|  0%| F|  |TAMS 0x00000000c3100000, 0x00000000c3100000| Untracked 
|  50|0x00000000c3200000, 0x00000000c3200000, 0x00000000c3300000|  0%| F|  |TAMS 0x00000000c3200000, 0x00000000c3200000| Untracked 
|  51|0x00000000c3300000, 0x00000000c3300000, 0x00000000c3400000|  0%| F|  |TAMS 0x00000000c3300000, 0x00000000c3300000| Untracked 
|  52|0x00000000c3400000, 0x00000000c3400000, 0x00000000c3500000|  0%| F|  |TAMS 0x00000000c3400000, 0x00000000c3400000| Untracked 
|  53|0x00000000c3500000, 0x00000000c3500000, 0x00000000c3600000|  0%| F|  |TAMS 0x00000000c3500000, 0x00000000c3500000| Untracked 
|  54|0x00000000c3600000, 0x00000000c3600000, 0x00000000c3700000|  0%| F|  |TAMS 0x00000000c3600000, 0x00000000c3600000| Untracked 
|  55|0x00000000c3700000, 0x00000000c3700000, 0x00000000c3800000|  0%| F|  |TAMS 0x00000000c3700000, 0x00000000c3700000| Untracked 
|  56|0x00000000c3800000, 0x00000000c3800000, 0x00000000c3900000|  0%| F|  |TAMS 0x00000000c3800000, 0x00000000c3800000| Untracked 
|  57|0x00000000c3900000, 0x00000000c3900000, 0x00000000c3a00000|  0%| F|  |TAMS 0x00000000c3900000, 0x00000000c3900000| Untracked 
|  58|0x00000000c3a00000, 0x00000000c3a00000, 0x00000000c3b00000|  0%| F|  |TAMS 0x00000000c3a00000, 0x00000000c3a00000| Untracked 
|  59|0x00000000c3b00000, 0x00000000c3b00000, 0x00000000c3c00000|  0%| F|  |TAMS 0x00000000c3b00000, 0x00000000c3b00000| Untracked 
|  60|0x00000000c3c00000, 0x00000000c3c00000, 0x00000000c3d00000|  0%| F|  |TAMS 0x00000000c3c00000, 0x00000000c3c00000| Untracked 
|  61|0x00000000c3d00000, 0x00000000c3d00000, 0x00000000c3e00000|  0%| F|  |TAMS 0x00000000c3d00000, 0x00000000c3d00000| Untracked 
|  62|0x00000000c3e00000, 0x00000000c3e00000, 0x00000000c3f00000|  0%| F|  |TAMS 0x00000000c3e00000, 0x00000000c3e00000| Untracked 
|  63|0x00000000c3f00000, 0x00000000c3f00000, 0x00000000c4000000|  0%| F|  |TAMS 0x00000000c3f00000, 0x00000000c3f00000| Untracked 
|  64|0x00000000c4000000, 0x00000000c4000000, 0x00000000c4100000|  0%| F|  |TAMS 0x00000000c4000000, 0x00000000c4000000| Untracked 
|  65|0x00000000c4100000, 0x00000000c4100000, 0x00000000c4200000|  0%| F|  |TAMS 0x00000000c4100000, 0x00000000c4100000| Untracked 
|  66|0x00000000c4200000, 0x00000000c4200000, 0x00000000c4300000|  0%| F|  |TAMS 0x00000000c4200000, 0x00000000c4200000| Untracked 
|  67|0x00000000c4300000, 0x00000000c4300000, 0x00000000c4400000|  0%| F|  |TAMS 0x00000000c4300000, 0x00000000c4300000| Untracked 
|  68|0x00000000c4400000, 0x00000000c4400000, 0x00000000c4500000|  0%| F|  |TAMS 0x00000000c4400000, 0x00000000c4400000| Untracked 
|  69|0x00000000c4500000, 0x00000000c4500000, 0x00000000c4600000|  0%| F|  |TAMS 0x00000000c4500000, 0x00000000c4500000| Untracked 
|  70|0x00000000c4600000, 0x00000000c4600000, 0x00000000c4700000|  0%| F|  |TAMS 0x00000000c4600000, 0x00000000c4600000| Untracked 
|  71|0x00000000c4700000, 0x00000000c4700000, 0x00000000c4800000|  0%| F|  |TAMS 0x00000000c4700000, 0x00000000c4700000| Untracked 
|  72|0x00000000c4800000, 0x00000000c4800000, 0x00000000c4900000|  0%| F|  |TAMS 0x00000000c4800000, 0x00000000c4800000| Untracked 
|  73|0x00000000c4900000, 0x00000000c4900000, 0x00000000c4a00000|  0%| F|  |TAMS 0x00000000c4900000, 0x00000000c4900000| Untracked 
|  74|0x00000000c4a00000, 0x00000000c4a00000, 0x00000000c4b00000|  0%| F|  |TAMS 0x00000000c4a00000, 0x00000000c4a00000| Untracked 
|  75|0x00000000c4b00000, 0x00000000c4b00000, 0x00000000c4c00000|  0%| F|  |TAMS 0x00000000c4b00000, 0x00000000c4b00000| Untracked 
|  76|0x00000000c4c00000, 0x00000000c4c00000, 0x00000000c4d00000|  0%| F|  |TAMS 0x00000000c4c00000, 0x00000000c4c00000| Untracked 
|  77|0x00000000c4d00000, 0x00000000c4d00000, 0x00000000c4e00000|  0%| F|  |TAMS 0x00000000c4d00000, 0x00000000c4d00000| Untracked 
|  78|0x00000000c4e00000, 0x00000000c4e00000, 0x00000000c4f00000|  0%| F|  |TAMS 0x00000000c4e00000, 0x00000000c4e00000| Untracked 
|  79|0x00000000c4f00000, 0x00000000c4f00000, 0x00000000c5000000|  0%| F|  |TAMS 0x00000000c4f00000, 0x00000000c4f00000| Untracked 
|  80|0x00000000c5000000, 0x00000000c5000000, 0x00000000c5100000|  0%| F|  |TAMS 0x00000000c5000000, 0x00000000c5000000| Untracked 
|  81|0x00000000c5100000, 0x00000000c5100000, 0x00000000c5200000|  0%| F|  |TAMS 0x00000000c5100000, 0x00000000c5100000| Untracked 
|  82|0x00000000c5200000, 0x00000000c5200000, 0x00000000c5300000|  0%| F|  |TAMS 0x00000000c5200000, 0x00000000c5200000| Untracked 
|  83|0x00000000c5300000, 0x00000000c5300000, 0x00000000c5400000|  0%| F|  |TAMS 0x00000000c5300000, 0x00000000c5300000| Untracked 
|  84|0x00000000c5400000, 0x00000000c5400000, 0x00000000c5500000|  0%| F|  |TAMS 0x00000000c5400000, 0x00000000c5400000| Untracked 
|  85|0x00000000c5500000, 0x00000000c5500000, 0x00000000c5600000|  0%| F|  |TAMS 0x00000000c5500000, 0x00000000c5500000| Untracked 
|  86|0x00000000c5600000, 0x00000000c5600000, 0x00000000c5700000|  0%| F|  |TAMS 0x00000000c5600000, 0x00000000c5600000| Untracked 
|  87|0x00000000c5700000, 0x00000000c5700000, 0x00000000c5800000|  0%| F|  |TAMS 0x00000000c5700000, 0x00000000c5700000| Untracked 
|  88|0x00000000c5800000, 0x00000000c5800000, 0x00000000c5900000|  0%| F|  |TAMS 0x00000000c5800000, 0x00000000c5800000| Untracked 
|  89|0x00000000c5900000, 0x00000000c5900000, 0x00000000c5a00000|  0%| F|  |TAMS 0x00000000c5900000, 0x00000000c5900000| Untracked 
|  90|0x00000000c5a00000, 0x00000000c5a00000, 0x00000000c5b00000|  0%| F|  |TAMS 0x00000000c5a00000, 0x00000000c5a00000| Untracked 
|  91|0x00000000c5b00000, 0x00000000c5b00000, 0x00000000c5c00000|  0%| F|  |TAMS 0x00000000c5b00000, 0x00000000c5b00000| Untracked 
|  92|0x00000000c5c00000, 0x00000000c5c00000, 0x00000000c5d00000|  0%| F|  |TAMS 0x00000000c5c00000, 0x00000000c5c00000| Untracked 
|  93|0x00000000c5d00000, 0x00000000c5d00000, 0x00000000c5e00000|  0%| F|  |TAMS 0x00000000c5d00000, 0x00000000c5d00000| Untracked 
|  94|0x00000000c5e00000, 0x00000000c5e00000, 0x00000000c5f00000|  0%| F|  |TAMS 0x00000000c5e00000, 0x00000000c5e00000| Untracked 
|  95|0x00000000c5f00000, 0x00000000c5f00000, 0x00000000c6000000|  0%| F|  |TAMS 0x00000000c5f00000, 0x00000000c5f00000| Untracked 
|  96|0x00000000c6000000, 0x00000000c6000000, 0x00000000c6100000|  0%| F|  |TAMS 0x00000000c6000000, 0x00000000c6000000| Untracked 
|  97|0x00000000c6100000, 0x00000000c6100000, 0x00000000c6200000|  0%| F|  |TAMS 0x00000000c6100000, 0x00000000c6100000| Untracked 
|  98|0x00000000c6200000, 0x00000000c6200000, 0x00000000c6300000|  0%| F|  |TAMS 0x00000000c6200000, 0x00000000c6200000| Untracked 
|  99|0x00000000c6300000, 0x00000000c6300000, 0x00000000c6400000|  0%| F|  |TAMS 0x00000000c6300000, 0x00000000c6300000| Untracked 
| 100|0x00000000c6400000, 0x00000000c6500000, 0x00000000c6500000|100%| S|CS|TAMS 0x00000000c6400000, 0x00000000c6400000| Complete 
| 101|0x00000000c6500000, 0x00000000c6600000, 0x00000000c6600000|100%| S|CS|TAMS 0x00000000c6500000, 0x00000000c6500000| Complete 
| 102|0x00000000c6600000, 0x00000000c6700000, 0x00000000c6700000|100%| S|CS|TAMS 0x00000000c6600000, 0x00000000c6600000| Complete 
| 103|0x00000000c6700000, 0x00000000c6700000, 0x00000000c6800000|  0%| F|  |TAMS 0x00000000c6700000, 0x00000000c6700000| Untracked 
| 104|0x00000000c6800000, 0x00000000c6800000, 0x00000000c6900000|  0%| F|  |TAMS 0x00000000c6800000, 0x00000000c6800000| Untracked 
| 105|0x00000000c6900000, 0x00000000c6900000, 0x00000000c6a00000|  0%| F|  |TAMS 0x00000000c6900000, 0x00000000c6900000| Untracked 
| 106|0x00000000c6a00000, 0x00000000c6a00000, 0x00000000c6b00000|  0%| F|  |TAMS 0x00000000c6a00000, 0x00000000c6a00000| Untracked 
| 107|0x00000000c6b00000, 0x00000000c6b00000, 0x00000000c6c00000|  0%| F|  |TAMS 0x00000000c6b00000, 0x00000000c6b00000| Untracked 
| 108|0x00000000c6c00000, 0x00000000c6c00000, 0x00000000c6d00000|  0%| F|  |TAMS 0x00000000c6c00000, 0x00000000c6c00000| Untracked 
| 109|0x00000000c6d00000, 0x00000000c6d00000, 0x00000000c6e00000|  0%| F|  |TAMS 0x00000000c6d00000, 0x00000000c6d00000| Untracked 
| 110|0x00000000c6e00000, 0x00000000c6e00000, 0x00000000c6f00000|  0%| F|  |TAMS 0x00000000c6e00000, 0x00000000c6e00000| Untracked 
| 111|0x00000000c6f00000, 0x00000000c6f00000, 0x00000000c7000000|  0%| F|  |TAMS 0x00000000c6f00000, 0x00000000c6f00000| Untracked 
| 112|0x00000000c7000000, 0x00000000c7000000, 0x00000000c7100000|  0%| F|  |TAMS 0x00000000c7000000, 0x00000000c7000000| Untracked 
| 113|0x00000000c7100000, 0x00000000c7100000, 0x00000000c7200000|  0%| F|  |TAMS 0x00000000c7100000, 0x00000000c7100000| Untracked 
| 114|0x00000000c7200000, 0x00000000c7200000, 0x00000000c7300000|  0%| F|  |TAMS 0x00000000c7200000, 0x00000000c7200000| Untracked 
| 115|0x00000000c7300000, 0x00000000c7300000, 0x00000000c7400000|  0%| F|  |TAMS 0x00000000c7300000, 0x00000000c7300000| Untracked 
| 116|0x00000000c7400000, 0x00000000c7400000, 0x00000000c7500000|  0%| F|  |TAMS 0x00000000c7400000, 0x00000000c7400000| Untracked 
| 117|0x00000000c7500000, 0x00000000c7500000, 0x00000000c7600000|  0%| F|  |TAMS 0x00000000c7500000, 0x00000000c7500000| Untracked 
| 118|0x00000000c7600000, 0x00000000c7671250, 0x00000000c7700000| 44%| E|  |TAMS 0x00000000c7600000, 0x00000000c7600000| Complete 
| 119|0x00000000c7700000, 0x00000000c7800000, 0x00000000c7800000|100%| E|CS|TAMS 0x00000000c7700000, 0x00000000c7700000| Complete 
| 120|0x00000000c7800000, 0x00000000c7900000, 0x00000000c7900000|100%| E|CS|TAMS 0x00000000c7800000, 0x00000000c7800000| Complete 
| 121|0x00000000c7900000, 0x00000000c7a00000, 0x00000000c7a00000|100%| E|CS|TAMS 0x00000000c7900000, 0x00000000c7900000| Complete 
| 122|0x00000000c7a00000, 0x00000000c7b00000, 0x00000000c7b00000|100%| E|CS|TAMS 0x00000000c7a00000, 0x00000000c7a00000| Complete 
| 123|0x00000000c7b00000, 0x00000000c7c00000, 0x00000000c7c00000|100%| E|CS|TAMS 0x00000000c7b00000, 0x00000000c7b00000| Complete 
| 124|0x00000000c7c00000, 0x00000000c7d00000, 0x00000000c7d00000|100%| E|CS|TAMS 0x00000000c7c00000, 0x00000000c7c00000| Complete 
| 125|0x00000000c7d00000, 0x00000000c7e00000, 0x00000000c7e00000|100%| E|CS|TAMS 0x00000000c7d00000, 0x00000000c7d00000| Complete 

Card table byte_map: [0x000002a34eb40000,0x000002a34ed40000] _byte_map_base: 0x000002a34e540000

Marking Bits (Prev, Next): (CMBitMap*) 0x000002a348be4270, (CMBitMap*) 0x000002a348be42b0
 Prev Bits: [0x000002a34ef40000, 0x000002a34ff40000)
 Next Bits: [0x000002a34ff40000, 0x000002a350f40000)

Polling page: 0x000002a346b60000

Metaspace:

Usage:
  Non-class:      8.74 MB used.
      Class:      1.18 MB used.
       Both:      9.92 MB used.

Virtual space:
  Non-class space:       64.00 MB reserved,       8.81 MB ( 14%) committed,  1 nodes.
      Class space:        1.00 GB reserved,       1.25 MB ( <1%) committed,  1 nodes.
             Both:        1.06 GB reserved,      10.06 MB ( <1%) committed. 

Chunk freelists:
   Non-Class:  6.48 MB
       Class:  14.59 MB
        Both:  21.08 MB

MaxMetaspaceSize: unlimited
CompressedClassSpaceSize: 1.00 GB
Initial GC threshold: 21.00 MB
Current GC threshold: 21.00 MB
CDS: off
MetaspaceReclaimPolicy: balanced
 - commit_granule_bytes: 65536.
 - commit_granule_words: 8192.
 - virtual_space_node_default_size: 8388608.
 - enlarge_chunks_in_place: 1.
 - new_chunks_are_fully_committed: 0.
 - uncommit_free_chunks: 1.
 - use_allocation_guard: 0.
 - handle_deallocations: 1.


Internal statistics:

num_allocs_failed_limit: 0.
num_arena_births: 92.
num_arena_deaths: 0.
num_vsnodes_births: 2.
num_vsnodes_deaths: 0.
num_space_committed: 161.
num_space_uncommitted: 0.
num_chunks_returned_to_freelist: 0.
num_chunks_taken_from_freelist: 216.
num_chunk_merges: 0.
num_chunk_splits: 144.
num_chunks_enlarged: 111.
num_inconsistent_stats: 0.

CodeCache: size=49152Kb used=3680Kb max_used=3680Kb free=45471Kb
 bounds [0x000002a34b830000, 0x000002a34bbd0000, 0x000002a34e830000]
 total_blobs=1368 nmethods=957 adapters=337
 compilation: enabled
              stopped_count=0, restarted_count=0
 full_count=0

Compilation events (20 events):
Event: 1.162 Thread 0x000002a353d34340  948       1       java.io.BufferedInputStream::read1 (108 bytes)
Event: 1.162 Thread 0x000002a353b23230 nmethod 947 0x000002a34bbc1010 code [0x000002a34bbc1200, 0x000002a34bbc1718]
Event: 1.162 Thread 0x000002a353d34340 nmethod 948 0x000002a34bbc1910 code [0x000002a34bbc1b00, 0x000002a34bbc1f98]
Event: 1.162 Thread 0x000002a353d3a880 nmethod 943 0x000002a34bbc2190 code [0x000002a34bbc2500, 0x000002a34bbc3698]
Event: 1.166 Thread 0x000002a353d3a880  949       1       java.io.DataInputStream::readShort (6 bytes)
Event: 1.166 Thread 0x000002a353d34340  950       1       java.io.DataInputStream::readFully (9 bytes)
Event: 1.166 Thread 0x000002a353d3a880 nmethod 949 0x000002a34bbc4090 code [0x000002a34bbc4220, 0x000002a34bbc4308]
Event: 1.166 Thread 0x000002a353d34340 nmethod 950 0x000002a34bbc4390 code [0x000002a34bbc4520, 0x000002a34bbc4608]
Event: 1.170 Thread 0x000002a353d34340  951       1       java.util.concurrent.ConcurrentHashMap::put (8 bytes)
Event: 1.170 Thread 0x000002a353d34340 nmethod 951 0x000002a34bbc4710 code [0x000002a34bbc48a0, 0x000002a34bbc4988]
Event: 1.170 Thread 0x000002a353b23230  952       1       java.util.HashSet::add (20 bytes)
Event: 1.171 Thread 0x000002a353d3a880  953       1       java.util.Arrays$ArrayItr::hasNext (18 bytes)
Event: 1.171 Thread 0x000002a353d34340  954       1       java.util.Arrays$ArrayItr::next (36 bytes)
Event: 1.171 Thread 0x000002a353d3a880 nmethod 953 0x000002a34bbc4a10 code [0x000002a34bbc4ba0, 0x000002a34bbc4c98]
Event: 1.171 Thread 0x000002a353d34340 nmethod 954 0x000002a34bbc4d10 code [0x000002a34bbc4ec0, 0x000002a34bbc5048]
Event: 1.171 Thread 0x000002a353b23230 nmethod 952 0x000002a34bbc5190 code [0x000002a34bbc5340, 0x000002a34bbc54d8]
Event: 1.172 Thread 0x000002a353b23230  955       1       java.util.concurrent.ConcurrentHashMap$KeyIterator::next (34 bytes)
Event: 1.172 Thread 0x000002a353b23230 nmethod 955 0x000002a34bbc5610 code [0x000002a34bbc57c0, 0x000002a34bbc59b8]
Event: 1.179 Thread 0x000002a353b23230  956       1       java.lang.Enum::<init> (15 bytes)
Event: 1.179 Thread 0x000002a353b23230 nmethod 956 0x000002a34bbc7590 code [0x000002a34bbc7720, 0x000002a34bbc7838]

GC Heap History (2 events):
Event: 0.988 GC heap before
{Heap before GC invocations=0 (full 0):
 garbage-first heap   total 129024K, used 28672K [0x00000000c0000000, 0x0000000100000000)
  region size 1024K, 23 young (23552K), 0 survivors (0K)
 Metaspace       used 7904K, committed 8064K, reserved 1114112K
  class space    used 851K, committed 960K, reserved 1048576K
}
Event: 0.996 GC heap after
{Heap after GC invocations=1 (full 0):
 garbage-first heap   total 129024K, used 15595K [0x00000000c0000000, 0x0000000100000000)
  region size 1024K, 3 young (3072K), 3 survivors (3072K)
 Metaspace       used 7904K, committed 8064K, reserved 1114112K
  class space    used 851K, committed 960K, reserved 1048576K
}

Dll operation events (5 events):
Event: 0.016 Loaded shared library c:\Users\HP\.vscode\extensions\redhat.java-1.34.0-win32-x64\jre\17.0.12-win32-x86_64\bin\java.dll
Event: 0.373 Loaded shared library C:\Users\HP\.vscode\extensions\redhat.java-1.34.0-win32-x64\jre\17.0.12-win32-x86_64\bin\net.dll
Event: 0.376 Loaded shared library C:\Users\HP\.vscode\extensions\redhat.java-1.34.0-win32-x64\jre\17.0.12-win32-x86_64\bin\nio.dll
Event: 0.386 Loaded shared library C:\Users\HP\.vscode\extensions\redhat.java-1.34.0-win32-x64\jre\17.0.12-win32-x86_64\bin\zip.dll
Event: 0.669 Loaded shared library C:\Users\HP\.vscode\extensions\redhat.java-1.34.0-win32-x64\jre\17.0.12-win32-x86_64\bin\jimage.dll

Deoptimization events (0 events):
No events

Classes loaded (20 events):
Event: 1.184 Loading class java/util/Locale$Category done
Event: 1.184 Loading class java/time/format/DateTimeFormatterBuilder$CompositePrinterParser
Event: 1.184 Loading class java/time/format/DateTimeFormatterBuilder$CompositePrinterParser done
Event: 1.184 Loading class java/time/format/DecimalStyle
Event: 1.184 Loading class java/time/format/DecimalStyle done
Event: 1.184 Loading class java/time/format/DateTimeFormatterBuilder$SettingsParser
Event: 1.184 Loading class java/time/format/DateTimeFormatterBuilder$SettingsParser done
Event: 1.184 Loading class java/time/format/DateTimeFormatterBuilder$OffsetIdPrinterParser
Event: 1.184 Loading class java/time/format/DateTimeFormatterBuilder$OffsetIdPrinterParser done
Event: 1.184 Loading class java/time/format/DateTimeFormatterBuilder$FractionPrinterParser
Event: 1.184 Loading class java/time/format/DateTimeFormatterBuilder$FractionPrinterParser done
Event: 1.185 Loading class java/time/format/DateTimeFormatterBuilder$ZoneIdPrinterParser
Event: 1.185 Loading class java/time/format/DateTimeFormatterBuilder$ZoneIdPrinterParser done
Event: 1.185 Loading class java/time/format/DateTimeFormatterBuilder$StringLiteralPrinterParser
Event: 1.185 Loading class java/time/format/DateTimeFormatterBuilder$StringLiteralPrinterParser done
Event: 1.185 Loading class java/time/format/DateTimeFormatterBuilder$InstantPrinterParser
Event: 1.185 Loading class java/time/format/DateTimeFormatterBuilder$InstantPrinterParser done
Event: 1.185 Loading class java/time/format/TextStyle
Event: 1.185 Loading class java/time/format/TextStyle done
Event: 1.185 Loading class java/util/Collections$SingletonMap

Classes unloaded (0 events):
No events

Classes redefined (0 events):
No events

Internal exceptions (9 events):
Event: 0.750 Thread 0x000002a348ba48f0 Exception <a 'java/lang/ClassNotFoundException'{0x00000000c6d21938}: javax/smartcardio/CardPermission> (0x00000000c6d21938) 
thrown [s\src\hotspot\share\classfile\systemDictionary.cpp, line 256]
Event: 0.765 Thread 0x000002a348ba48f0 Exception <a 'java/io/FileNotFoundException'{0x00000000c6d2fdc0}> (0x00000000c6d2fdc0) 
thrown [s\src\hotspot\share\prims\jni.cpp, line 516]
Event: 0.801 Thread 0x000002a348ba48f0 Exception <a 'java/lang/NoSuchMethodError'{0x00000000c6c3b9c8}: 'java.lang.Object java.lang.invoke.DirectMethodHandle$Holder.invokeSpecial(java.lang.Object, java.lang.Object, java.lang.Object, long, java.lang.Object)'> (0x00000000c6c3b9c8) 
thrown [s\src\hotspot\share\interpreter\linkResolver.cpp, line 759]
Event: 0.801 Thread 0x000002a348ba48f0 Exception <a 'java/lang/NoSuchMethodError'{0x00000000c6c3f668}: 'java.lang.Object java.lang.invoke.Invokers$Holder.linkToTargetMethod(java.lang.Object, long, java.lang.Object, java.lang.Object)'> (0x00000000c6c3f668) 
thrown [s\src\hotspot\share\interpreter\linkResolver.cpp, line 759]
Event: 0.833 Thread 0x000002a348ba48f0 Exception <a 'java/lang/NoSuchMethodError'{0x00000000c6b27b80}: 'void java.lang.invoke.DirectMethodHandle$Holder.invokeStatic(java.lang.Object, java.lang.Object, java.lang.Object)'> (0x00000000c6b27b80) 
thrown [s\src\hotspot\share\interpreter\linkResolver.cpp, line 759]
Event: 1.022 Thread 0x000002a348ba48f0 Exception <a 'java/lang/NoSuchMethodError'{0x00000000c7c0ff78}: 'void java.lang.invoke.DirectMethodHandle$Holder.invokeSpecialIFC(java.lang.Object, java.lang.Object, java.lang.Object, java.lang.Object, java.lang.Object)'> (0x00000000c7c0ff78) 
thrown [s\src\hotspot\share\interpreter\linkResolver.cpp, line 759]
Event: 1.024 Thread 0x000002a348ba48f0 Exception <a 'java/lang/NoSuchMethodError'{0x00000000c7c18350}: 'void java.lang.invoke.DirectMethodHandle$Holder.invokeStatic(java.lang.Object, java.lang.Object, java.lang.Object, java.lang.Object)'> (0x00000000c7c18350) 
thrown [s\src\hotspot\share\interpreter\linkResolver.cpp, line 759]
Event: 1.026 Thread 0x000002a348ba48f0 Exception <a 'java/lang/NoSuchMethodError'{0x00000000c7c23c30}: 'int java.lang.invoke.DirectMethodHandle$Holder.invokeSpecial(java.lang.Object, java.lang.Object, java.lang.Object)'> (0x00000000c7c23c30) 
thrown [s\src\hotspot\share\interpreter\linkResolver.cpp, line 759]
Event: 1.048 Thread 0x000002a348ba48f0 Exception <a 'java/lang/NoSuchMethodError'{0x00000000c7b63b50}: 'java.lang.Object java.lang.invoke.DirectMethodHandle$Holder.invokeStaticInit(java.lang.Object, java.lang.Object, java.lang.Object)'> (0x00000000c7b63b50) 
thrown [s\src\hotspot\share\interpreter\linkResolver.cpp, line 759]

VM Operations (12 events):
Event: 0.389 Executing VM operation: HandshakeAllThreads
Event: 0.389 Executing VM operation: HandshakeAllThreads done
Event: 0.654 Executing VM operation: HandshakeAllThreads
Event: 0.654 Executing VM operation: HandshakeAllThreads done
Event: 0.699 Executing VM operation: HandshakeAllThreads
Event: 0.699 Executing VM operation: HandshakeAllThreads done
Event: 0.720 Executing VM operation: HandshakeAllThreads
Event: 0.720 Executing VM operation: HandshakeAllThreads done
Event: 0.988 Executing VM operation: G1CollectForAllocation
Event: 0.996 Executing VM operation: G1CollectForAllocation done
Event: 1.144 Executing VM operation: HandshakeAllThreads
Event: 1.144 Executing VM operation: HandshakeAllThreads done

Events (13 events):
Event: 0.069 Thread 0x000002a348ba48f0 Thread added: 0x000002a348ba48f0
Event: 0.092 Thread 0x000002a3539ef380 Thread added: 0x000002a3539ef380
Event: 0.092 Thread 0x000002a3539f08b0 Thread added: 0x000002a3539f08b0
Event: 0.124 Thread 0x000002a353a1c7f0 Thread added: 0x000002a353a1c7f0
Event: 0.124 Thread 0x000002a353a1d380 Thread added: 0x000002a353a1d380
Event: 0.124 Thread 0x000002a353b22090 Thread added: 0x000002a353b22090
Event: 0.124 Thread 0x000002a353b22960 Thread added: 0x000002a353b22960
Event: 0.124 Thread 0x000002a353b23230 Thread added: 0x000002a353b23230
Event: 0.125 Thread 0x000002a353b23b40 Thread added: 0x000002a353b23b40
Event: 0.346 Thread 0x000002a353d34340 Thread added: 0x000002a353d34340
Event: 0.346 Thread 0x000002a353d3a880 Thread added: 0x000002a353d3a880
Event: 0.350 Thread 0x000002a353d49210 Thread added: 0x000002a353d49210
Event: 0.356 Thread 0x000002a353d4e5e0 Thread added: 0x000002a353d4e5e0


Dynamic libraries:
0x00007ff79d630000 - 0x00007ff79d63e000 	c:\Users\HP\.vscode\extensions\redhat.java-1.34.0-win32-x64\jre\17.0.12-win32-x86_64\bin\java.exe
0x00007ffb81e50000 - 0x00007ffb82067000 	C:\WINDOWS\SYSTEM32\ntdll.dll
0x00007ffb81270000 - 0x00007ffb81334000 	C:\WINDOWS\System32\KERNEL32.DLL
0x00007ffb7f400000 - 0x00007ffb7f7ad000 	C:\WINDOWS\System32\KERNELBASE.dll
0x00007ffb7fa60000 - 0x00007ffb7fb71000 	C:\WINDOWS\System32\ucrtbase.dll
0x00007ffb79410000 - 0x00007ffb79427000 	c:\Users\HP\.vscode\extensions\redhat.java-1.34.0-win32-x64\jre\17.0.12-win32-x86_64\bin\jli.dll
0x00007ffb66fa0000 - 0x00007ffb66fbb000 	c:\Users\HP\.vscode\extensions\redhat.java-1.34.0-win32-x64\jre\17.0.12-win32-x86_64\bin\VCRUNTIME140.dll
0x00007ffb81440000 - 0x00007ffb815ee000 	C:\WINDOWS\System32\USER32.dll
0x00007ffb7f350000 - 0x00007ffb7f376000 	C:\WINDOWS\System32\win32u.dll
0x00007ffb81ae0000 - 0x00007ffb81b09000 	C:\WINDOWS\System32\GDI32.dll
0x00007ffb7f170000 - 0x00007ffb7f289000 	C:\WINDOWS\System32\gdi32full.dll
0x00007ffb7f820000 - 0x00007ffb7f8ba000 	C:\WINDOWS\System32\msvcp_win.dll
0x00007ffb5d780000 - 0x00007ffb5da13000 	C:\WINDOWS\WinSxS\amd64_microsoft.windows.common-controls_6595b64144ccf1df_6.0.22621.3672_none_2713b9d173822955\COMCTL32.dll
0x00007ffb7fb90000 - 0x00007ffb7fc37000 	C:\WINDOWS\System32\msvcrt.dll
0x00007ffb81400000 - 0x00007ffb81431000 	C:\WINDOWS\System32\IMM32.DLL
0x00007ffb7a690000 - 0x00007ffb7a69c000 	c:\Users\HP\.vscode\extensions\redhat.java-1.34.0-win32-x64\jre\17.0.12-win32-x86_64\bin\vcruntime140_1.dll
0x00007ffb21250000 - 0x00007ffb212dd000 	c:\Users\HP\.vscode\extensions\redhat.java-1.34.0-win32-x64\jre\17.0.12-win32-x86_64\bin\msvcp140.dll
0x00007ffae0020000 - 0x00007ffae0c8a000 	c:\Users\HP\.vscode\extensions\redhat.java-1.34.0-win32-x64\jre\17.0.12-win32-x86_64\bin\server\jvm.dll
0x00007ffb81340000 - 0x00007ffb813f2000 	C:\WINDOWS\System32\ADVAPI32.dll
0x00007ffb80510000 - 0x00007ffb805b9000 	C:\WINDOWS\System32\sechost.dll
0x00007ffb7fa30000 - 0x00007ffb7fa58000 	C:\WINDOWS\System32\bcrypt.dll
0x00007ffb81b10000 - 0x00007ffb81c24000 	C:\WINDOWS\System32\RPCRT4.dll
0x00007ffb80690000 - 0x00007ffb80701000 	C:\WINDOWS\System32\WS2_32.dll
0x00007ffb7e350000 - 0x00007ffb7e39d000 	C:\WINDOWS\SYSTEM32\POWRPROF.dll
0x00007ffb77e50000 - 0x00007ffb77e84000 	C:\WINDOWS\SYSTEM32\WINMM.dll
0x00007ffb76c00000 - 0x00007ffb76c0a000 	C:\WINDOWS\SYSTEM32\VERSION.dll
0x00007ffb7e330000 - 0x00007ffb7e343000 	C:\WINDOWS\SYSTEM32\UMPDC.dll
0x00007ffb7e1d0000 - 0x00007ffb7e1e8000 	C:\WINDOWS\SYSTEM32\kernel.appcore.dll
0x00007ffb78910000 - 0x00007ffb7891a000 	c:\Users\HP\.vscode\extensions\redhat.java-1.34.0-win32-x64\jre\17.0.12-win32-x86_64\bin\jimage.dll
0x00007ffb7ca50000 - 0x00007ffb7cc82000 	C:\WINDOWS\SYSTEM32\DBGHELP.DLL
0x00007ffb815f0000 - 0x00007ffb8197d000 	C:\WINDOWS\System32\combase.dll
0x00007ffb81d30000 - 0x00007ffb81e07000 	C:\WINDOWS\System32\OLEAUT32.dll
0x00007ffb56f30000 - 0x00007ffb56f62000 	C:\WINDOWS\SYSTEM32\dbgcore.DLL
0x00007ffb7f380000 - 0x00007ffb7f3fb000 	C:\WINDOWS\System32\bcryptPrimitives.dll
0x00007ffb5ce50000 - 0x00007ffb5ce75000 	c:\Users\HP\.vscode\extensions\redhat.java-1.34.0-win32-x64\jre\17.0.12-win32-x86_64\bin\java.dll
0x00007ffb640f0000 - 0x00007ffb64108000 	c:\Users\HP\.vscode\extensions\redhat.java-1.34.0-win32-x64\jre\17.0.12-win32-x86_64\bin\zip.dll
0x00007ffb7fc40000 - 0x00007ffb804a8000 	C:\WINDOWS\System32\SHELL32.dll
0x00007ffb7d070000 - 0x00007ffb7d96e000 	C:\WINDOWS\SYSTEM32\windows.storage.dll
0x00007ffb7cf30000 - 0x00007ffb7d06f000 	C:\WINDOWS\SYSTEM32\wintypes.dll
0x00007ffb81c30000 - 0x00007ffb81d29000 	C:\WINDOWS\System32\SHCORE.dll
0x00007ffb80d30000 - 0x00007ffb80d8e000 	C:\WINDOWS\System32\shlwapi.dll
0x00007ffb7f0a0000 - 0x00007ffb7f0c1000 	C:\WINDOWS\SYSTEM32\profapi.dll
0x00007ffb5d050000 - 0x00007ffb5d069000 	C:\Users\HP\.vscode\extensions\redhat.java-1.34.0-win32-x64\jre\17.0.12-win32-x86_64\bin\net.dll
0x00007ffb78080000 - 0x00007ffb781b6000 	C:\WINDOWS\SYSTEM32\WINHTTP.dll
0x00007ffb7e6b0000 - 0x00007ffb7e719000 	C:\WINDOWS\system32\mswsock.dll
0x00007ffb51a90000 - 0x00007ffb51aa6000 	C:\Users\HP\.vscode\extensions\redhat.java-1.34.0-win32-x64\jre\17.0.12-win32-x86_64\bin\nio.dll

dbghelp: loaded successfully - version: 4.0.5 - missing functions: none
symbol engine: initialized successfully - sym options: 0x614 - pdb path: .;c:\Users\HP\.vscode\extensions\redhat.java-1.34.0-win32-x64\jre\17.0.12-win32-x86_64\bin;C:\WINDOWS\SYSTEM32;C:\WINDOWS\WinSxS\amd64_microsoft.windows.common-controls_6595b64144ccf1df_6.0.22621.3672_none_2713b9d173822955;c:\Users\HP\.vscode\extensions\redhat.java-1.34.0-win32-x64\jre\17.0.12-win32-x86_64\bin\server

VM Arguments:
jvm_args: -Xmx1024m -Dsts.lsp.client=vscode -Dsts.log.file=/dev/null -XX:TieredStopAtLevel=1 -Xlog:jni+resolve=off -Dspring.config.location=file:c:\Users\HP\.vscode\extensions\vmware.vscode-spring-boot-1.56.0\language-server\BOOT-INF\classes\application.properties 
java_command: org.springframework.ide.vscode.boot.app.BootLanguageServerBootApp
java_class_path (initial): c:\Users\HP\.vscode\extensions\vmware.vscode-spring-boot-1.56.0\language-server\BOOT-INF\classes;c:\Users\HP\.vscode\extensions\vmware.vscode-spring-boot-1.56.0\language-server\BOOT-INF\lib\annotations-24.1.0.jar;c:\Users\HP\.vscode\extensions\vmware.vscode-spring-boot-1.56.0\language-server\BOOT-INF\lib\antlr4-runtime-4.13.1.jar;c:\Users\HP\.vscode\extensions\vmware.vscode-spring-boot-1.56.0\language-server\BOOT-INF\lib\asm-9.7.jar;c:\Users\HP\.vscode\extensions\vmware.vscode-spring-boot-1.56.0\language-server\BOOT-INF\lib\asm-analysis-9.7.jar;c:\Users\HP\.vscode\extensions\vmware.vscode-spring-boot-1.56.0\language-server\BOOT-INF\lib\asm-tree-9.7.jar;c:\Users\HP\.vscode\extensions\vmware.vscode-spring-boot-1.56.0\language-server\BOOT-INF\lib\asm-util-9.7.jar;c:\Users\HP\.vscode\extensions\vmware.vscode-spring-boot-1.56.0\language-server\BOOT-INF\lib\caffeine-3.1.8.jar;c:\Users\HP\.vscode\extensions\vmware.vscode-spring-boot-1.56.0\language-server\BOOT-INF\lib\checker-qual-3.12.0.jar;c:\Users\HP\.vscode\extensions\vmware.vscode-spring-boot-1.56.0\language-server\BOOT-INF\lib\classgraph-4.8.149.jar;c:\Users\HP\.vscode\extensions\vmware.vscode-spring-boot-1.56.0\language-server\BOOT-INF\lib\commons-codec-1.16.1.jar;c:\Users\HP\.vscode\extensions\vmware.vscode-spring-boot-1.56.0\language-server\BOOT-INF\lib\commons-compress-1.26.2.jar;c:\Users\HP\.vscode\extensions\vmware.vscode-spring-boot-1.56.0\language-server\BOOT-INF\lib\commons-io-2.16.1.jar;c:\Users\HP\.vscode\extensions\vmware.vscode-spring-boot-1.56.0\language-server\BOOT-INF\lib\commons-java-1.56.0-SNAPSHOT.jar;c:\Users\HP\.vscode\extensions\vmware.vscode-spring-boot-1.56.0\language-server\BOOT-INF\lib\commons-lang3-3.14.0.jar;c:\Users\HP\.vscode\extensions\vmware.vscode-spring-boot-1.56.0\language-server\BOOT-INF\lib\commons-language-server-1.56.0-SNAPSHOT.jar;c:\Users\HP\.vscode\extensions\vmware.vscode-spring-boot-1.56.0\language-server\BOOT-INF\lib\commons-lsp-extensions-1.56
Launcher Type: SUN_STANDARD

[Global flags]
     intx CICompilerCount                          = 4                                         {product} {ergonomic}
     uint ConcGCThreads                            = 2                                         {product} {ergonomic}
     uint G1ConcRefinementThreads                  = 8                                         {product} {ergonomic}
   size_t G1HeapRegionSize                         = 1048576                                   {product} {ergonomic}
    uintx GCDrainStackTargetSize                   = 64                                        {product} {ergonomic}
   size_t InitialHeapSize                          = 132120576                                 {product} {ergonomic}
   size_t MarkStackSize                            = 4194304                                   {product} {ergonomic}
   size_t MaxHeapSize                              = 1073741824                                {product} {command line}
   size_t MaxNewSize                               = 643825664                                 {product} {ergonomic}
   size_t MinHeapDeltaBytes                        = 1048576                                   {product} {ergonomic}
   size_t MinHeapSize                              = 8388608                                   {product} {ergonomic}
    uintx NonProfiledCodeHeapSize                  = 0                                      {pd product} {ergonomic}
     bool ProfileInterpreter                       = false                                  {pd product} {command line}
    uintx ProfiledCodeHeapSize                     = 0                                      {pd product} {ergonomic}
   size_t SoftMaxHeapSize                          = 1073741824                             {manageable} {ergonomic}
     intx TieredStopAtLevel                        = 1                                         {product} {command line}
     bool UseCompressedClassPointers               = true                           {product lp64_product} {ergonomic}
     bool UseCompressedOops                        = true                           {product lp64_product} {ergonomic}
     bool UseG1GC                                  = true                                      {product} {ergonomic}
     bool UseLargePagesIndividualAllocation        = false                                  {pd product} {ergonomic}

Logging:
Log output configuration:
 #0: stdout all=warning,jni+resolve=off uptime,level,tags
 #1: stderr all=off uptime,level,tags

Environment Variables:
JAVA_HOME=C:\Program Files\Java\jdk-18.0.2
PATH=C:\Users\HP\AppData\Local\cloud-code\installer\google-cloud-sdk\bin;C:\Users\HP\AppData\Local\Programs\Python\Python312\Scripts\;C:\Users\HP\AppData\Local\Programs\Python\Python312\;C:\Program Files\Common Files\Oracle\Java\javapath;C:\msys64\ucrt64\bin;C:\Users\HP\Desktop\ngrok-v3-stable-windows-amd64;C:\Program Files\nodejs\;C:\ProgramData\chocolatey\bin;C:\Users\HP\Desktop\apache-maven-3.9.9\bin;C:\Users\HP\AppData\Roaming\Microsoft\Windows\Start Menu\Programs\Google Cloud SDK\Google Cloud SDK Shell.lnk;C:\Users\HP\AppData\Roaming\Microsoft\Windows\Start Menu\Programs\Google Cloud SDK\Cloud Tools for PowerShell.lnk;C:\Program Files\Git\cmd;C:\Program Files\Docker\Docker\resources\bin;C:\Windows\System32;C:\Users\HP\AppData\Local\Programs\Python\Python312\Scripts\;C:\Users\HP\AppData\Local\Programs\Python\Python312\;C:\Program Files\MySQL\MySQL Shell 8.0\bin\;C:\Users\HP\.cargo\bin;C:\Users\HP\AppData\Local\Microsoft\WindowsApps;C:\Users\HP\AppData\Local\Programs\Microsoft VS Code\bin;C:\Users\HP\.dotnet\tools;C:\Users\HP\AppData\Local\Microsoft\WinGet\Packages\Schniz.fnm_Microsoft.Winget.Source_8wekyb3d8bbwe;C:\Users\HP\AppData\Roaming\npm;C:\Users\HP\AppData\Local\Google\Cloud SDK\google-cloud-sdk\bin;C:\Users\HP\AppData\Roaming\Microsoft\Windows\Start Menu\Programs\Google Cloud SDK\Cloud Tools for PowerShell.lnk;;C:\Users\HP\AppData\Local\Google\Cloud SDK\google-cloud-sdk\bin;C:\Program Files (x86)\Google\Cloud SDK\google-cloud-sdk\bin;C:\Program Files\Google\Cloud SDK\google-cloud-sdk\bin
USERNAME=HP
OS=Windows_NT
PROCESSOR_IDENTIFIER=Intel64 Family 6 Model 142 Stepping 12, GenuineIntel
TMP=C:\Users\HP\AppData\Local\Temp
TEMP=C:\Users\HP\AppData\Local\Temp



Periodic native trim disabled


---------------  S Y S T E M  ---------------

OS:
 Windows 11 , 64 bit Build 22621 (10.0.22621.3958)
OS uptime: 8 days 20:04 hours
Hyper-V role detected

CPU: total 8 (initial active 8) (4 cores per cpu, 2 threads per core) family 6 model 142 stepping 12 microcode 0xfa, cx8, cmov, fxsr, ht, mmx, 3dnowpref, sse, sse2, sse3, ssse3, sse4.1, sse4.2, popcnt, lzcnt, tsc, tscinvbit, avx, avx2, aes, erms, clmul, bmi1, bmi2, adx, fma, vzeroupper, clflush, clflushopt, hv
Processor Information for all 8 processors :
  Max Mhz: 2304, Current Mhz: 1803, Mhz Limit: 1797

Memory: 4k page, system-wide physical 8029M (465M free)
TotalPageFile size 32605M (AvailPageFile size 1M)
current process WorkingSet (physical memory assigned to process): 80M, peak: 80M
current process commit charge ("private bytes"): 214M, peak: 214M

vm_info: OpenJDK 64-Bit Server VM (17.0.12+7) for windows-amd64 JRE (17.0.12+7), built on Jul 16 2024 22:08:24 by "admin" with MS VC++ 16.10 / 16.11 (VS2019)

END.
