#
# There is insufficient memory for the Java Runtime Environment to continue.
# Native memory allocation (malloc) failed to allocate 2097152 bytes. Error detail: AllocateHeap
# Possible reasons:
#   The system is out of physical RAM or swap space
#   This process is running with CompressedOops enabled, and the Java Heap may be blocking the growth of the native heap
# Possible solutions:
#   Reduce memory load on the system
#   Increase physical memory or swap space
#   Check if swap backing store is full
#   Decrease Java heap size (-Xmx/-Xms)
#   Decrease number of Java threads
#   Decrease Java thread stack sizes (-Xss)
#   Set larger code cache with -XX:ReservedCodeCacheSize=
#   JVM is running with Unscaled Compressed Oops mode in which the Java heap is
#     placed in the first 4GB address space. The Java Heap base address is the
#     maximum limit for the native heap growth. Please use -XX:HeapBaseMinAddress
#     to set the Java Heap base and to place the Java Heap above 4GB virtual address.
# This output file may be truncated or incomplete.
#
#  Out of Memory Error (allocation.cpp:44), pid=19696, tid=6320
#
# JRE version: OpenJDK Runtime Environment Temurin-17.0.12+7 (17.0.12+7) (build 17.0.12+7)
# Java VM: OpenJDK 64-Bit Server VM Temurin-17.0.12+7 (17.0.12+7, mixed mode, emulated-client, tiered, compressed oops, compressed class ptrs, g1 gc, windows-amd64)
# No core dump will be written. Minidumps are not enabled by default on client versions of Windows
#

---------------  S U M M A R Y ------------

Command Line: -Xmx1024m -Dsts.lsp.client=vscode -Dsts.log.file=/dev/null -XX:TieredStopAtLevel=1 -Xlog:jni+resolve=off -Dspring.config.location=file:c:\Users\HP\.vscode\extensions\vmware.vscode-spring-boot-1.56.0\language-server\BOOT-INF\classes\application.properties org.springframework.ide.vscode.boot.app.BootLanguageServerBootApp

Host: Intel(R) Core(TM) i7-10510U CPU @ 1.80GHz, 8 cores, 7G,  Windows 11 , 64 bit Build 22621 (10.0.22621.3958)
Time: Fri Sep  6 15:15:44 2024 Arabian Standard Time elapsed time: 7235.032438 seconds (0d 2h 0m 35s)

---------------  T H R E A D  ---------------

Current thread (0x000002c8f6c99ac0):  VMThread "VM Thread" [stack: 0x000000d585d00000,0x000000d585e00000] [id=6320]

Stack: [0x000000d585d00000,0x000000d585e00000]
Native frames: (J=compiled Java code, j=interpreted, Vv=VM code, C=native code)
V  [jvm.dll+0x67f929]
V  [jvm.dll+0x8371ba]
V  [jvm.dll+0x838c7e]
V  [jvm.dll+0x8392e3]
V  [jvm.dll+0x24834f]
V  [jvm.dll+0xa70d3]
V  [jvm.dll+0x2f9101]
V  [jvm.dll+0x2f4d00]
V  [jvm.dll+0x2dd82f]
V  [jvm.dll+0x3201f7]
V  [jvm.dll+0x83d7dd]
V  [jvm.dll+0x83e522]
V  [jvm.dll+0x83ea4f]
V  [jvm.dll+0x83ee34]
V  [jvm.dll+0x83ef00]
V  [jvm.dll+0x7e65dc]
V  [jvm.dll+0x67e7f7]
C  [ucrtbase.dll+0x29333]
C  [KERNEL32.DLL+0x1257d]
C  [ntdll.dll+0x5af28]

VM_Operation (0x000000d5875fea50): G1CollectFull, mode: safepoint, requested by thread 0x000002c8fc925c60


---------------  P R O C E S S  ---------------

Threads class SMR info:
_java_thread_list=0x000002c8fbf9e1f0, length=27, elements={
0x000002c8f6c9cdc0, 0x000002c8f6c9db50, 0x000002c8f6cdd540, 0x000002c8f6cc9650,
0x000002c8fb00c080, 0x000002c8fb00c950, 0x000002c8fb00d220, 0x000002c8fb00db30,
0x000002c8fb2202f0, 0x000002c8fb22beb0, 0x000002c8fc5ac570, 0x000002c8fc925c60,
0x000002c8fc5a8850, 0x000002c8e9dbe980, 0x000002c8fc178900, 0x000002c8fc977bf0,
0x000002c8fc4ec4d0, 0x000002c8fbaa9d50, 0x000002c8fbaa8e20, 0x000002c8fbaaa260,
0x000002c8fbaab6a0, 0x000002c8fbaac0c0, 0x000002c8fbaaac80, 0x000002c8fbaaa770,
0x000002c8fbaa9330, 0x000002c8fbaa9840, 0x000002c8fbc22110
}

Java Threads: ( => current thread )
  0x000002c8f6c9cdc0 JavaThread "Reference Handler" daemon [_thread_blocked, id=20320, stack(0x000000d585e00000,0x000000d585f00000)]
  0x000002c8f6c9db50 JavaThread "Finalizer" daemon [_thread_blocked, id=20256, stack(0x000000d585f00000,0x000000d586000000)]
  0x000002c8f6cdd540 JavaThread "Signal Dispatcher" daemon [_thread_blocked, id=15384, stack(0x000000d586000000,0x000000d586100000)]
  0x000002c8f6cc9650 JavaThread "Attach Listener" daemon [_thread_blocked, id=21972, stack(0x000000d586100000,0x000000d586200000)]
  0x000002c8fb00c080 JavaThread "Service Thread" daemon [_thread_blocked, id=32032, stack(0x000000d586200000,0x000000d586300000)]
  0x000002c8fb00c950 JavaThread "Monitor Deflation Thread" daemon [_thread_blocked, id=12872, stack(0x000000d586300000,0x000000d586400000)]
  0x000002c8fb00d220 JavaThread "C1 CompilerThread0" daemon [_thread_blocked, id=26512, stack(0x000000d586400000,0x000000d586500000)]
  0x000002c8fb00db30 JavaThread "Sweeper thread" daemon [_thread_blocked, id=24020, stack(0x000000d586500000,0x000000d586600000)]
  0x000002c8fb2202f0 JavaThread "Notification Thread" daemon [_thread_blocked, id=12208, stack(0x000000d586900000,0x000000d586a00000)]
  0x000002c8fb22beb0 JavaThread "Common-Cleaner" daemon [_thread_blocked, id=30372, stack(0x000000d586b00000,0x000000d586c00000)]
  0x000002c8fc5ac570 JavaThread "boundedElastic-evictor-1" daemon [_thread_blocked, id=17632, stack(0x000000d587100000,0x000000d587200000)]
  0x000002c8fc925c60 JavaThread "pool-13-thread-1" [_thread_blocked, id=10272, stack(0x000000d587500000,0x000000d587600000)]
  0x000002c8fc5a8850 JavaThread "LanguageServerApp-lifecycle" [_thread_blocked, id=28660, stack(0x000000d587600000,0x000000d587700000)]
  0x000002c8e9dbe980 JavaThread "DestroyJavaVM" [_thread_blocked, id=1876, stack(0x000000d585700000,0x000000d585800000)]
  0x000002c8fc178900 JavaThread "pool-14-thread-1" [_thread_in_native, id=27540, stack(0x000000d587700000,0x000000d587800000)]
  0x000002c8fc977bf0 JavaThread "Simple-Language-Server main thread" daemon [_thread_blocked, id=14064, stack(0x000000d587800000,0x000000d587900000)]
  0x000002c8fc4ec4d0 JavaThread "pool-8-thread-1" [_thread_blocked, id=10536, stack(0x000000d587900000,0x000000d587a00000)]
  0x000002c8fbaa9d50 JavaThread "parallel-1" daemon [_thread_blocked, id=24284, stack(0x000000d587a00000,0x000000d587b00000)]
  0x000002c8fbaa8e20 JavaThread "parallel-2" daemon [_thread_blocked, id=11356, stack(0x000000d587b00000,0x000000d587c00000)]
  0x000002c8fbaaa260 JavaThread "parallel-3" daemon [_thread_blocked, id=26008, stack(0x000000d587c00000,0x000000d587d00000)]
  0x000002c8fbaab6a0 JavaThread "parallel-4" daemon [_thread_blocked, id=31368, stack(0x000000d587d00000,0x000000d587e00000)]
  0x000002c8fbaac0c0 JavaThread "parallel-5" daemon [_thread_blocked, id=10360, stack(0x000000d587e00000,0x000000d587f00000)]
  0x000002c8fbaaac80 JavaThread "parallel-6" daemon [_thread_blocked, id=5344, stack(0x000000d587f00000,0x000000d588000000)]
  0x000002c8fbaaa770 JavaThread "parallel-7" daemon [_thread_blocked, id=23736, stack(0x000000d588000000,0x000000d588100000)]
  0x000002c8fbaa9330 JavaThread "pool-6-thread-1" [_thread_blocked, id=26712, stack(0x000000d588400000,0x000000d588500000)]
  0x000002c8fbaa9840 JavaThread "parallel-8" daemon [_thread_blocked, id=16348, stack(0x000000d588500000,0x000000d588600000)]
  0x000002c8fbc22110 JavaThread "Reconciler-1" daemon [_thread_blocked, id=14708, stack(0x000000d588600000,0x000000d588700000)]

Other Threads:
=>0x000002c8f6c99ac0 VMThread "VM Thread" [stack: 0x000000d585d00000,0x000000d585e00000] [id=6320]
  0x000002c8fb2207d0 WatcherThread [stack: 0x000000d586a00000,0x000000d586b00000] [id=14744]
  0x000002c8e9f02b20 GCTaskThread "GC Thread#0" [stack: 0x000000d585800000,0x000000d585900000] [id=31936]
  0x000002c8fb0e59a0 GCTaskThread "GC Thread#1" [stack: 0x000000d586700000,0x000000d586800000] [id=17912]
  0x000002c8fb0e5c60 GCTaskThread "GC Thread#2" [stack: 0x000000d586800000,0x000000d586900000] [id=22980]
  0x000002c8fb196fd0 GCTaskThread "GC Thread#3" [stack: 0x000000d586c00000,0x000000d586d00000] [id=23664]
  0x000002c8fbe60e90 GCTaskThread "GC Thread#4" [stack: 0x000000d586e00000,0x000000d586f00000] [id=27360]
  0x000002c8fbc86c90 GCTaskThread "GC Thread#5" [stack: 0x000000d586f00000,0x000000d587000000] [id=1608]
  0x000002c8fc04f460 GCTaskThread "GC Thread#6" [stack: 0x000000d587200000,0x000000d587300000] [id=13396]
  0x000002c8fc04f720 GCTaskThread "GC Thread#7" [stack: 0x000000d587300000,0x000000d587400000] [id=31264]
  0x000002c8e9f0b980 ConcurrentGCThread "G1 Main Marker" [stack: 0x000000d585900000,0x000000d585a00000] [id=25208]
  0x000002c8e9f0c2b0 ConcurrentGCThread "G1 Conc#0" [stack: 0x000000d585a00000,0x000000d585b00000] [id=11296]
  0x000002c8fc15a140 ConcurrentGCThread "G1 Conc#1" [stack: 0x000000d587400000,0x000000d587500000] [id=21696]
  0x000002c8e9f6d2e0 ConcurrentGCThread "G1 Refine#0" [stack: 0x000000d585b00000,0x000000d585c00000] [id=22120]
  0x000002c8e9f6dc20 ConcurrentGCThread "G1 Service" [stack: 0x000000d585c00000,0x000000d585d00000] [id=16032]

Threads with active compile tasks:

VM state: at safepoint (normal execution)

VM Mutex/Monitor currently owned by a thread:  ([mutex/lock_event])
[0x000002c8e9cfd420] Threads_lock - owner thread: 0x000002c8f6c99ac0
[0x000002c8e9cd2d90] Heap_lock - owner thread: 0x000002c8fc925c60

Heap address: 0x00000000c0000000, size: 1024 MB, Compressed Oops mode: 32-bit

CDS archive(s) not mapped
Compressed class space mapped at: 0x0000000100000000-0x0000000140000000, reserved size: 1073741824
Narrow klass base: 0x0000000000000000, Narrow klass shift: 3, Narrow klass range: 0x140000000

GC Precious Log:
 CPUs: 8 total, 8 available
 Memory: 8029M
 Large Page Support: Disabled
 NUMA Support: Disabled
 Compressed Oops: Enabled (32-bit)
 Heap Region Size: 1M
 Heap Min Capacity: 8M
 Heap Initial Capacity: 126M
 Heap Max Capacity: 1G
 Pre-touch: Disabled
 Parallel Workers: 8
 Concurrent Workers: 2
 Concurrent Refinement Workers: 8
 Periodic GC: Disabled

Heap:
 garbage-first heap   total 75776K, used 25449K [0x00000000c0000000, 0x0000000100000000)
  region size 1024K, 1 young (1024K), 0 survivors (0K)
 Metaspace       used 41216K, committed 41600K, reserved 1114112K
  class space    used 5293K, committed 5504K, reserved 1048576K

Heap Regions: E=young(eden), S=young(survivor), O=old, HS=humongous(starts), HC=humongous(continues), CS=collection set, F=free, OA=open archive, CA=closed archive, TAMS=top-at-mark-start (previous, next)
|   0|0x00000000c0000000, 0x00000000c0100000, 0x00000000c0100000|100%|HS|  |TAMS 0x00000000c0100000, 0x00000000c0000000| Untracked 
|   1|0x00000000c0100000, 0x00000000c0200000, 0x00000000c0200000|100%|HC|  |TAMS 0x00000000c0200000, 0x00000000c0100000| Untracked 
|   2|0x00000000c0200000, 0x00000000c0300000, 0x00000000c0300000|100%|HC|  |TAMS 0x00000000c0300000, 0x00000000c0200000| Untracked 
|   3|0x00000000c0300000, 0x00000000c0400000, 0x00000000c0400000|100%|HC|  |TAMS 0x00000000c0400000, 0x00000000c0300000| Untracked 
|   4|0x00000000c0400000, 0x00000000c0500000, 0x00000000c0500000|100%|HS|  |TAMS 0x00000000c0500000, 0x00000000c0400000| Untracked 
|   5|0x00000000c0500000, 0x00000000c0600000, 0x00000000c0600000|100%|HC|  |TAMS 0x00000000c0600000, 0x00000000c0500000| Untracked 
|   6|0x00000000c0600000, 0x00000000c06fffe8, 0x00000000c0700000| 99%| O|  |TAMS 0x00000000c06fffe8, 0x00000000c0600000| Untracked 
|   7|0x00000000c0700000, 0x00000000c0800000, 0x00000000c0800000|100%| O|  |TAMS 0x00000000c0800000, 0x00000000c0700000| Untracked 
|   8|0x00000000c0800000, 0x00000000c0900000, 0x00000000c0900000|100%| O|  |TAMS 0x00000000c0900000, 0x00000000c0800000| Untracked 
|   9|0x00000000c0900000, 0x00000000c09ffff0, 0x00000000c0a00000| 99%| O|  |TAMS 0x00000000c09ffff0, 0x00000000c0900000| Untracked 
|  10|0x00000000c0a00000, 0x00000000c0affff8, 0x00000000c0b00000| 99%| O|  |TAMS 0x00000000c0affff8, 0x00000000c0a00000| Untracked 
|  11|0x00000000c0b00000, 0x00000000c0c00000, 0x00000000c0c00000|100%| O|  |TAMS 0x00000000c0c00000, 0x00000000c0b00000| Untracked 
|  12|0x00000000c0c00000, 0x00000000c0d00000, 0x00000000c0d00000|100%| O|  |TAMS 0x00000000c0d00000, 0x00000000c0c00000| Untracked 
|  13|0x00000000c0d00000, 0x00000000c0e00000, 0x00000000c0e00000|100%| O|  |TAMS 0x00000000c0e00000, 0x00000000c0d00000| Untracked 
|  14|0x00000000c0e00000, 0x00000000c0efffb8, 0x00000000c0f00000| 99%| O|  |TAMS 0x00000000c0efffb8, 0x00000000c0e00000| Untracked 
|  15|0x00000000c0f00000, 0x00000000c0fffff8, 0x00000000c1000000| 99%| O|  |TAMS 0x00000000c0fffff8, 0x00000000c0f00000| Untracked 
|  16|0x00000000c1000000, 0x00000000c10fffe8, 0x00000000c1100000| 99%| O|  |TAMS 0x00000000c10fffe8, 0x00000000c1000000| Untracked 
|  17|0x00000000c1100000, 0x00000000c11ffff0, 0x00000000c1200000| 99%| O|  |TAMS 0x00000000c11ffff0, 0x00000000c1100000| Untracked 
|  18|0x00000000c1200000, 0x00000000c1300000, 0x00000000c1300000|100%| O|  |TAMS 0x00000000c1300000, 0x00000000c1200000| Untracked 
|  19|0x00000000c1300000, 0x00000000c13fffe0, 0x00000000c1400000| 99%| O|  |TAMS 0x00000000c13fffe0, 0x00000000c1300000| Untracked 
|  20|0x00000000c1400000, 0x00000000c14fff88, 0x00000000c1500000| 99%| O|  |TAMS 0x00000000c14fff88, 0x00000000c1400000| Untracked 
|  21|0x00000000c1500000, 0x00000000c15ffff0, 0x00000000c1600000| 99%| O|  |TAMS 0x00000000c15ffff0, 0x00000000c1500000| Untracked 
|  22|0x00000000c1600000, 0x00000000c16ffff8, 0x00000000c1700000| 99%| O|  |TAMS 0x00000000c16ffff8, 0x00000000c1600000| Untracked 
|  23|0x00000000c1700000, 0x00000000c17da8b8, 0x00000000c1800000| 85%| O|  |TAMS 0x00000000c1700000, 0x00000000c1700000| Untracked 
|  24|0x00000000c1800000, 0x00000000c18ffff8, 0x00000000c1900000| 99%| O|  |TAMS 0x00000000c18ffff8, 0x00000000c1800000| Untracked 
|  25|0x00000000c1900000, 0x00000000c1900068, 0x00000000c1a00000|  0%| O|  |TAMS 0x00000000c1900000, 0x00000000c1900000| Untracked 
|  26|0x00000000c1a00000, 0x00000000c1a00000, 0x00000000c1b00000|  0%| F|  |TAMS 0x00000000c1a00000, 0x00000000c1a00000| Untracked 
|  27|0x00000000c1b00000, 0x00000000c1b00000, 0x00000000c1c00000|  0%| F|  |TAMS 0x00000000c1b00000, 0x00000000c1b00000| Untracked 
|  28|0x00000000c1c00000, 0x00000000c1c00000, 0x00000000c1d00000|  0%| F|  |TAMS 0x00000000c1c00000, 0x00000000c1c00000| Untracked 
|  29|0x00000000c1d00000, 0x00000000c1d00000, 0x00000000c1e00000|  0%| F|  |TAMS 0x00000000c1d00000, 0x00000000c1d00000| Untracked 
|  30|0x00000000c1e00000, 0x00000000c1e00000, 0x00000000c1f00000|  0%| F|  |TAMS 0x00000000c1e00000, 0x00000000c1e00000| Untracked 
|  31|0x00000000c1f00000, 0x00000000c1f00000, 0x00000000c2000000|  0%| F|  |TAMS 0x00000000c1f00000, 0x00000000c1f00000| Untracked 
|  32|0x00000000c2000000, 0x00000000c2000000, 0x00000000c2100000|  0%| F|  |TAMS 0x00000000c2000000, 0x00000000c2000000| Untracked 
|  33|0x00000000c2100000, 0x00000000c2100000, 0x00000000c2200000|  0%| F|  |TAMS 0x00000000c2100000, 0x00000000c2100000| Untracked 
|  34|0x00000000c2200000, 0x00000000c2200000, 0x00000000c2300000|  0%| F|  |TAMS 0x00000000c2200000, 0x00000000c2200000| Untracked 
|  35|0x00000000c2300000, 0x00000000c2300000, 0x00000000c2400000|  0%| F|  |TAMS 0x00000000c2300000, 0x00000000c2300000| Untracked 
|  36|0x00000000c2400000, 0x00000000c2400000, 0x00000000c2500000|  0%| F|  |TAMS 0x00000000c2400000, 0x00000000c2400000| Untracked 
|  37|0x00000000c2500000, 0x00000000c2500000, 0x00000000c2600000|  0%| F|  |TAMS 0x00000000c2500000, 0x00000000c2500000| Untracked 
|  38|0x00000000c2600000, 0x00000000c2600000, 0x00000000c2700000|  0%| F|  |TAMS 0x00000000c2600000, 0x00000000c2600000| Untracked 
|  39|0x00000000c2700000, 0x00000000c2700000, 0x00000000c2800000|  0%| F|  |TAMS 0x00000000c2700000, 0x00000000c2700000| Untracked 
|  40|0x00000000c2800000, 0x00000000c2800000, 0x00000000c2900000|  0%| F|  |TAMS 0x00000000c2800000, 0x00000000c2800000| Untracked 
|  41|0x00000000c2900000, 0x00000000c2900000, 0x00000000c2a00000|  0%| F|  |TAMS 0x00000000c2900000, 0x00000000c2900000| Untracked 
|  42|0x00000000c2a00000, 0x00000000c2a00000, 0x00000000c2b00000|  0%| F|  |TAMS 0x00000000c2a00000, 0x00000000c2a00000| Untracked 
|  43|0x00000000c2b00000, 0x00000000c2b00000, 0x00000000c2c00000|  0%| F|  |TAMS 0x00000000c2b00000, 0x00000000c2b00000| Untracked 
|  44|0x00000000c2c00000, 0x00000000c2c00000, 0x00000000c2d00000|  0%| F|  |TAMS 0x00000000c2c00000, 0x00000000c2c00000| Untracked 
|  45|0x00000000c2d00000, 0x00000000c2d00000, 0x00000000c2e00000|  0%| F|  |TAMS 0x00000000c2d00000, 0x00000000c2d00000| Untracked 
|  46|0x00000000c2e00000, 0x00000000c2e00000, 0x00000000c2f00000|  0%| F|  |TAMS 0x00000000c2e00000, 0x00000000c2e00000| Untracked 
|  47|0x00000000c2f00000, 0x00000000c2f00000, 0x00000000c3000000|  0%| F|  |TAMS 0x00000000c2f00000, 0x00000000c2f00000| Untracked 
|  48|0x00000000c3000000, 0x00000000c3000000, 0x00000000c3100000|  0%| F|  |TAMS 0x00000000c3000000, 0x00000000c3000000| Untracked 
|  49|0x00000000c3100000, 0x00000000c3100000, 0x00000000c3200000|  0%| F|  |TAMS 0x00000000c3100000, 0x00000000c3100000| Untracked 
|  50|0x00000000c3200000, 0x00000000c3200000, 0x00000000c3300000|  0%| F|  |TAMS 0x00000000c3200000, 0x00000000c3200000| Untracked 
|  51|0x00000000c3300000, 0x00000000c3300000, 0x00000000c3400000|  0%| F|  |TAMS 0x00000000c3300000, 0x00000000c3300000| Untracked 
|  52|0x00000000c3400000, 0x00000000c3400000, 0x00000000c3500000|  0%| F|  |TAMS 0x00000000c3400000, 0x00000000c3400000| Untracked 
|  53|0x00000000c3500000, 0x00000000c3500000, 0x00000000c3600000|  0%| F|  |TAMS 0x00000000c3500000, 0x00000000c3500000| Untracked 
|  54|0x00000000c3600000, 0x00000000c3600000, 0x00000000c3700000|  0%| F|  |TAMS 0x00000000c3600000, 0x00000000c3600000| Untracked 
|  55|0x00000000c3700000, 0x00000000c3700000, 0x00000000c3800000|  0%| F|  |TAMS 0x00000000c3700000, 0x00000000c3700000| Untracked 
|  56|0x00000000c3800000, 0x00000000c3800000, 0x00000000c3900000|  0%| F|  |TAMS 0x00000000c3800000, 0x00000000c3800000| Untracked 
|  57|0x00000000c3900000, 0x00000000c3900000, 0x00000000c3a00000|  0%| F|  |TAMS 0x00000000c3900000, 0x00000000c3900000| Untracked 
|  58|0x00000000c3a00000, 0x00000000c3a00000, 0x00000000c3b00000|  0%| F|  |TAMS 0x00000000c3a00000, 0x00000000c3a00000| Untracked 
|  59|0x00000000c3b00000, 0x00000000c3b00000, 0x00000000c3c00000|  0%| F|  |TAMS 0x00000000c3b00000, 0x00000000c3b00000| Untracked 
|  60|0x00000000c3c00000, 0x00000000c3c00000, 0x00000000c3d00000|  0%| F|  |TAMS 0x00000000c3c00000, 0x00000000c3c00000| Untracked 
|  61|0x00000000c3d00000, 0x00000000c3d00000, 0x00000000c3e00000|  0%| F|  |TAMS 0x00000000c3d00000, 0x00000000c3d00000| Untracked 
|  62|0x00000000c3e00000, 0x00000000c3e00000, 0x00000000c3f00000|  0%| F|  |TAMS 0x00000000c3e00000, 0x00000000c3e00000| Untracked 
|  63|0x00000000c3f00000, 0x00000000c3f00000, 0x00000000c4000000|  0%| F|  |TAMS 0x00000000c3f00000, 0x00000000c3f00000| Untracked 
|  64|0x00000000c4000000, 0x00000000c4000000, 0x00000000c4100000|  0%| F|  |TAMS 0x00000000c4000000, 0x00000000c4000000| Untracked 
|  65|0x00000000c4100000, 0x00000000c4100000, 0x00000000c4200000|  0%| F|  |TAMS 0x00000000c4100000, 0x00000000c4100000| Untracked 
|  66|0x00000000c4200000, 0x00000000c4200000, 0x00000000c4300000|  0%| F|  |TAMS 0x00000000c4200000, 0x00000000c4200000| Untracked 
|  67|0x00000000c4300000, 0x00000000c4300000, 0x00000000c4400000|  0%| F|  |TAMS 0x00000000c4300000, 0x00000000c4300000| Untracked 
|  84|0x00000000c5400000, 0x00000000c5400000, 0x00000000c5500000|  0%| F|  |TAMS 0x00000000c5400000, 0x00000000c5400000| Untracked 
|  85|0x00000000c5500000, 0x00000000c5500000, 0x00000000c5600000|  0%| F|  |TAMS 0x00000000c5500000, 0x00000000c5500000| Untracked 
|  86|0x00000000c5600000, 0x00000000c5600000, 0x00000000c5700000|  0%| F|  |TAMS 0x00000000c5600000, 0x00000000c5600000| Untracked 
|  87|0x00000000c5700000, 0x00000000c5700000, 0x00000000c5800000|  0%| F|  |TAMS 0x00000000c5700000, 0x00000000c5700000| Untracked 
|  88|0x00000000c5800000, 0x00000000c5800000, 0x00000000c5900000|  0%| F|  |TAMS 0x00000000c5800000, 0x00000000c5800000| Untracked 
| 125|0x00000000c7d00000, 0x00000000c7d17570, 0x00000000c7e00000|  9%| E|  |TAMS 0x00000000c7d00000, 0x00000000c7d00000| Complete 

Card table byte_map: [0x000002c8f1e10000,0x000002c8f2010000] _byte_map_base: 0x000002c8f1810000

Marking Bits (Prev, Next): (CMBitMap*) 0x000002c8e9f03050, (CMBitMap*) 0x000002c8e9f03090
 Prev Bits: [0x000002c8f2210000, 0x000002c8f3210000)
 Next Bits: [0x000002c8f3210000, 0x000002c8f4210000)

Polling page: 0x000002c8e9f70000

Metaspace:

Usage:
  Non-class:     35.08 MB used.
      Class:      5.17 MB used.
       Both:     40.25 MB used.

Virtual space:
  Non-class space:       64.00 MB reserved,      35.25 MB ( 55%) committed,  1 nodes.
      Class space:        1.00 GB reserved,       5.38 MB ( <1%) committed,  1 nodes.
             Both:        1.06 GB reserved,      40.62 MB (  4%) committed. 

Chunk freelists:
   Non-Class:  11.98 MB
       Class:  10.63 MB
        Both:  22.61 MB

MaxMetaspaceSize: unlimited
CompressedClassSpaceSize: 1.00 GB
Initial GC threshold: 21.00 MB
Current GC threshold: 67.75 MB
CDS: off
MetaspaceReclaimPolicy: balanced
 - commit_granule_bytes: 65536.
 - commit_granule_words: 8192.
 - virtual_space_node_default_size: 8388608.
 - enlarge_chunks_in_place: 1.
 - new_chunks_are_fully_committed: 0.
 - uncommit_free_chunks: 1.
 - use_allocation_guard: 0.
 - handle_deallocations: 1.


Internal statistics:

num_allocs_failed_limit: 6.
num_arena_births: 570.
num_arena_deaths: 178.
num_vsnodes_births: 2.
num_vsnodes_deaths: 0.
num_space_committed: 649.
num_space_uncommitted: 0.
num_chunks_returned_to_freelist: 207.
num_chunks_taken_from_freelist: 1866.
num_chunk_merges: 56.
num_chunk_splits: 1226.
num_chunks_enlarged: 925.
num_inconsistent_stats: 0.

CodeCache: size=49152Kb used=7808Kb max_used=9313Kb free=41343Kb
 bounds [0x000002c8ee320000, 0x000002c8eec90000, 0x000002c8f1320000]
 total_blobs=4786 nmethods=4239 adapters=474
 compilation: enabled
              stopped_count=0, restarted_count=0
 full_count=0

Compilation events (20 events):
Event: 4143.421 Thread 0x000002c8fb00d220 4227       1       java.io.FileOutputStream$1::<init> (10 bytes)
Event: 4143.421 Thread 0x000002c8fb00d220 nmethod 4227 0x000002c8ee4a6d90 code [0x000002c8ee4a6f20, 0x000002c8ee4a7038]
Event: 4143.421 Thread 0x000002c8fb00d220 4228       1       java.io.FileOutputStream$1::close (11 bytes)
Event: 4143.424 Thread 0x000002c8fb00d220 nmethod 4228 0x000002c8ee4a6710 code [0x000002c8ee4a68c0, 0x000002c8ee4a6bd8]
Event: 5526.373 Thread 0x000002c8fb00d220 4233   !   1       java.lang.ProcessImpl::<init> (327 bytes)
Event: 5526.708 Thread 0x000002c8fb00d220 nmethod 4233 0x000002c8ee4a3790 code [0x000002c8ee4a3be0, 0x000002c8ee4a4f98]
Event: 5526.708 Thread 0x000002c8fb00d220 4234       1       java.lang.Process::<init> (5 bytes)
Event: 5526.709 Thread 0x000002c8fb00d220 nmethod 4234 0x000002c8ee4a3490 code [0x000002c8ee4a3620, 0x000002c8ee4a36d8]
Event: 5526.709 Thread 0x000002c8fb00d220 4236       1       java.lang.ProcessHandleImpl::getInternal (13 bytes)
Event: 5526.709 Thread 0x000002c8fb00d220 nmethod 4236 0x000002c8ee4a3110 code [0x000002c8ee4a32a0, 0x000002c8ee4a3408]
Event: 5526.709 Thread 0x000002c8fb00d220 4237       1       java.lang.ProcessImpl$2::<init> (20 bytes)
Event: 5526.709 Thread 0x000002c8fb00d220 nmethod 4237 0x000002c8ee4a2d90 code [0x000002c8ee4a2f20, 0x000002c8ee4a3098]
Event: 5526.709 Thread 0x000002c8fb00d220 4238       1       java.lang.ProcessImpl$2::run (5 bytes)
Event: 5526.710 Thread 0x000002c8fb00d220 nmethod 4238 0x000002c8ee4a2a90 code [0x000002c8ee4a2c20, 0x000002c8ee4a2d08]
Event: 5526.710 Thread 0x000002c8fb00d220 4239       1       java.lang.ProcessImpl$2::run (242 bytes)
Event: 5526.717 Thread 0x000002c8fb00d220 nmethod 4239 0x000002c8ee4a1410 code [0x000002c8ee4a16c0, 0x000002c8ee4a2458]
Event: 5526.717 Thread 0x000002c8fb00d220 4240       1       java.io.BufferedOutputStream::<init> (9 bytes)
Event: 5526.717 Thread 0x000002c8fb00d220 nmethod 4240 0x000002c8ee4a0e90 code [0x000002c8ee4a1020, 0x000002c8ee4a12f8]
Event: 5526.717 Thread 0x000002c8fb00d220 4241       1       java.lang.ProcessImpl::waitFor (136 bytes)
Event: 5526.725 Thread 0x000002c8fb00d220 nmethod 4241 0x000002c8ee4a0610 code [0x000002c8ee4a0820, 0x000002c8ee4a0c58]

GC Heap History (20 events):
Event: 7131.673 GC heap after
{Heap after GC invocations=548 (full 539):
 garbage-first heap   total 75776K, used 25449K [0x00000000c0000000, 0x0000000100000000)
  region size 1024K, 0 young (0K), 0 survivors (0K)
 Metaspace       used 41216K, committed 41600K, reserved 1114112K
  class space    used 5293K, committed 5504K, reserved 1048576K
}
Event: 7142.212 GC heap before
{Heap before GC invocations=548 (full 539):
 garbage-first heap   total 75776K, used 25449K [0x00000000c0000000, 0x0000000100000000)
  region size 1024K, 1 young (1024K), 0 survivors (0K)
 Metaspace       used 41216K, committed 41600K, reserved 1114112K
  class space    used 5293K, committed 5504K, reserved 1048576K
}
Event: 7142.254 GC heap after
{Heap after GC invocations=549 (full 540):
 garbage-first heap   total 75776K, used 25449K [0x00000000c0000000, 0x0000000100000000)
  region size 1024K, 0 young (0K), 0 survivors (0K)
 Metaspace       used 41216K, committed 41600K, reserved 1114112K
  class space    used 5293K, committed 5504K, reserved 1048576K
}
Event: 7152.455 GC heap before
{Heap before GC invocations=549 (full 540):
 garbage-first heap   total 75776K, used 25449K [0x00000000c0000000, 0x0000000100000000)
  region size 1024K, 1 young (1024K), 0 survivors (0K)
 Metaspace       used 41216K, committed 41600K, reserved 1114112K
  class space    used 5293K, committed 5504K, reserved 1048576K
}
Event: 7152.474 GC heap after
{Heap after GC invocations=550 (full 541):
 garbage-first heap   total 75776K, used 25449K [0x00000000c0000000, 0x0000000100000000)
  region size 1024K, 0 young (0K), 0 survivors (0K)
 Metaspace       used 41216K, committed 41600K, reserved 1114112K
  class space    used 5293K, committed 5504K, reserved 1048576K
}
Event: 7162.919 GC heap before
{Heap before GC invocations=550 (full 541):
 garbage-first heap   total 75776K, used 25449K [0x00000000c0000000, 0x0000000100000000)
  region size 1024K, 1 young (1024K), 0 survivors (0K)
 Metaspace       used 41216K, committed 41600K, reserved 1114112K
  class space    used 5293K, committed 5504K, reserved 1048576K
}
Event: 7162.953 GC heap after
{Heap after GC invocations=551 (full 542):
 garbage-first heap   total 75776K, used 25449K [0x00000000c0000000, 0x0000000100000000)
  region size 1024K, 0 young (0K), 0 survivors (0K)
 Metaspace       used 41216K, committed 41600K, reserved 1114112K
  class space    used 5293K, committed 5504K, reserved 1048576K
}
Event: 7173.168 GC heap before
{Heap before GC invocations=551 (full 542):
 garbage-first heap   total 75776K, used 25449K [0x00000000c0000000, 0x0000000100000000)
  region size 1024K, 1 young (1024K), 0 survivors (0K)
 Metaspace       used 41216K, committed 41600K, reserved 1114112K
  class space    used 5293K, committed 5504K, reserved 1048576K
}
Event: 7173.188 GC heap after
{Heap after GC invocations=552 (full 543):
 garbage-first heap   total 75776K, used 25449K [0x00000000c0000000, 0x0000000100000000)
  region size 1024K, 0 young (0K), 0 survivors (0K)
 Metaspace       used 41216K, committed 41600K, reserved 1114112K
  class space    used 5293K, committed 5504K, reserved 1048576K
}
Event: 7183.382 GC heap before
{Heap before GC invocations=552 (full 543):
 garbage-first heap   total 75776K, used 25449K [0x00000000c0000000, 0x0000000100000000)
  region size 1024K, 1 young (1024K), 0 survivors (0K)
 Metaspace       used 41216K, committed 41600K, reserved 1114112K
  class space    used 5293K, committed 5504K, reserved 1048576K
}
Event: 7183.411 GC heap after
{Heap after GC invocations=553 (full 544):
 garbage-first heap   total 75776K, used 25449K [0x00000000c0000000, 0x0000000100000000)
  region size 1024K, 0 young (0K), 0 survivors (0K)
 Metaspace       used 41216K, committed 41600K, reserved 1114112K
  class space    used 5293K, committed 5504K, reserved 1048576K
}
Event: 7193.574 GC heap before
{Heap before GC invocations=553 (full 544):
 garbage-first heap   total 75776K, used 25449K [0x00000000c0000000, 0x0000000100000000)
  region size 1024K, 1 young (1024K), 0 survivors (0K)
 Metaspace       used 41216K, committed 41600K, reserved 1114112K
  class space    used 5293K, committed 5504K, reserved 1048576K
}
Event: 7193.596 GC heap after
{Heap after GC invocations=554 (full 545):
 garbage-first heap   total 75776K, used 25449K [0x00000000c0000000, 0x0000000100000000)
  region size 1024K, 0 young (0K), 0 survivors (0K)
 Metaspace       used 41216K, committed 41600K, reserved 1114112K
  class space    used 5293K, committed 5504K, reserved 1048576K
}
Event: 7203.873 GC heap before
{Heap before GC invocations=554 (full 545):
 garbage-first heap   total 75776K, used 25449K [0x00000000c0000000, 0x0000000100000000)
  region size 1024K, 1 young (1024K), 0 survivors (0K)
 Metaspace       used 41216K, committed 41600K, reserved 1114112K
  class space    used 5293K, committed 5504K, reserved 1048576K
}
Event: 7203.906 GC heap after
{Heap after GC invocations=555 (full 546):
 garbage-first heap   total 75776K, used 25449K [0x00000000c0000000, 0x0000000100000000)
  region size 1024K, 0 young (0K), 0 survivors (0K)
 Metaspace       used 41216K, committed 41600K, reserved 1114112K
  class space    used 5293K, committed 5504K, reserved 1048576K
}
Event: 7214.232 GC heap before
{Heap before GC invocations=555 (full 546):
 garbage-first heap   total 75776K, used 25449K [0x00000000c0000000, 0x0000000100000000)
  region size 1024K, 1 young (1024K), 0 survivors (0K)
 Metaspace       used 41216K, committed 41600K, reserved 1114112K
  class space    used 5293K, committed 5504K, reserved 1048576K
}
Event: 7214.270 GC heap after
{Heap after GC invocations=556 (full 547):
 garbage-first heap   total 75776K, used 25449K [0x00000000c0000000, 0x0000000100000000)
  region size 1024K, 0 young (0K), 0 survivors (0K)
 Metaspace       used 41216K, committed 41600K, reserved 1114112K
  class space    used 5293K, committed 5504K, reserved 1048576K
}
Event: 7224.888 GC heap before
{Heap before GC invocations=556 (full 547):
 garbage-first heap   total 75776K, used 25449K [0x00000000c0000000, 0x0000000100000000)
  region size 1024K, 1 young (1024K), 0 survivors (0K)
 Metaspace       used 41216K, committed 41600K, reserved 1114112K
  class space    used 5293K, committed 5504K, reserved 1048576K
}
Event: 7224.931 GC heap after
{Heap after GC invocations=557 (full 548):
 garbage-first heap   total 75776K, used 25449K [0x00000000c0000000, 0x0000000100000000)
  region size 1024K, 0 young (0K), 0 survivors (0K)
 Metaspace       used 41216K, committed 41600K, reserved 1114112K
  class space    used 5293K, committed 5504K, reserved 1048576K
}
Event: 7235.005 GC heap before
{Heap before GC invocations=557 (full 548):
 garbage-first heap   total 75776K, used 25449K [0x00000000c0000000, 0x0000000100000000)
  region size 1024K, 1 young (1024K), 0 survivors (0K)
 Metaspace       used 41216K, committed 41600K, reserved 1114112K
  class space    used 5293K, committed 5504K, reserved 1048576K
}

Dll operation events (8 events):
Event: 0.027 Loaded shared library c:\Users\HP\.vscode\extensions\redhat.java-1.34.0-win32-x64\jre\17.0.12-win32-x86_64\bin\java.dll
Event: 3.056 Loaded shared library C:\Users\HP\.vscode\extensions\redhat.java-1.34.0-win32-x64\jre\17.0.12-win32-x86_64\bin\net.dll
Event: 3.528 Loaded shared library C:\Users\HP\.vscode\extensions\redhat.java-1.34.0-win32-x64\jre\17.0.12-win32-x86_64\bin\nio.dll
Event: 4.980 Loaded shared library C:\Users\HP\.vscode\extensions\redhat.java-1.34.0-win32-x64\jre\17.0.12-win32-x86_64\bin\zip.dll
Event: 18.879 Loaded shared library C:\Users\HP\.vscode\extensions\redhat.java-1.34.0-win32-x64\jre\17.0.12-win32-x86_64\bin\jimage.dll
Event: 20.805 Loaded shared library c:\Users\HP\.vscode\extensions\redhat.java-1.34.0-win32-x64\jre\17.0.12-win32-x86_64\bin\verify.dll
Event: 26.101 Loaded shared library C:\Users\HP\.vscode\extensions\redhat.java-1.34.0-win32-x64\jre\17.0.12-win32-x86_64\bin\management.dll
Event: 26.142 Loaded shared library C:\Users\HP\.vscode\extensions\redhat.java-1.34.0-win32-x64\jre\17.0.12-win32-x86_64\bin\management_ext.dll

Deoptimization events (6 events):
Event: 26.537 Thread 0x000002c8fc178900 DEOPT PACKING pc=0x000002c8ee8f4b81 sp=0x000000d5877fdf00
Event: 26.537 Thread 0x000002c8fc178900 DEOPT UNPACKING pc=0x000002c8ee377143 sp=0x000000d5877fd390 mode 3
Event: 26.549 Thread 0x000002c8fc4ec4d0 DEOPT PACKING pc=0x000002c8ee8d8397 sp=0x000000d5879fec70
Event: 26.549 Thread 0x000002c8fc4ec4d0 DEOPT UNPACKING pc=0x000002c8ee377143 sp=0x000000d5879fe0c8 mode 3
Event: 164.265 Thread 0x000002c8fc178900 DEOPT PACKING pc=0x000002c8ee9c76d4 sp=0x000000d5877ff0e0
Event: 164.265 Thread 0x000002c8fc178900 DEOPT UNPACKING pc=0x000002c8ee377143 sp=0x000000d5877fe588 mode 0

Classes loaded (20 events):
Event: 27.199 Loading class java/util/concurrent/atomic/AtomicLongFieldUpdater
Event: 27.199 Loading class java/util/concurrent/atomic/AtomicLongFieldUpdater done
Event: 27.199 Loading class java/util/concurrent/atomic/AtomicLongFieldUpdater$CASUpdater
Event: 27.200 Loading class java/util/concurrent/atomic/AtomicLongFieldUpdater$CASUpdater done
Event: 27.200 Loading class java/util/concurrent/atomic/AtomicLongFieldUpdater$CASUpdater$1
Event: 27.200 Loading class java/util/concurrent/atomic/AtomicLongFieldUpdater$CASUpdater$1 done
Event: 66.081 Loading class java/lang/ProcessBuilder
Event: 66.082 Loading class java/lang/ProcessBuilder done
Event: 66.082 Loading class java/lang/ProcessImpl
Event: 66.082 Loading class java/lang/ProcessImpl done
Event: 66.094 Loading class java/lang/ProcessImpl$2
Event: 66.094 Loading class java/lang/ProcessImpl$2 done
Event: 66.094 Loading class java/lang/Process$PipeInputStream
Event: 66.094 Loading class java/lang/Process$PipeInputStream done
Event: 66.095 Loading class jdk/internal/event/ProcessStartEvent
Event: 66.095 Loading class jdk/internal/event/ProcessStartEvent done
Event: 66.243 Loading class java/io/FileOutputStream$1
Event: 66.243 Loading class java/io/FileOutputStream$1 done
Event: 738.713 Loading class java/util/logging/LogRecord
Event: 738.764 Loading class java/util/logging/LogRecord done

Classes unloaded (20 events):
Event: 86.725 Thread 0x000002c8f6c99ac0 Unloading class 0x00000001000cdc00 'java/lang/invoke/LambdaForm$MH+0x00000001000cdc00'
Event: 86.725 Thread 0x000002c8f6c99ac0 Unloading class 0x00000001000cd800 'java/lang/invoke/LambdaForm$MH+0x00000001000cd800'
Event: 86.725 Thread 0x000002c8f6c99ac0 Unloading class 0x00000001000cd400 'java/lang/invoke/LambdaForm$MH+0x00000001000cd400'
Event: 86.725 Thread 0x000002c8f6c99ac0 Unloading class 0x00000001000ccc00 'java/lang/invoke/LambdaForm$MH+0x00000001000ccc00'
Event: 86.725 Thread 0x000002c8f6c99ac0 Unloading class 0x00000001000cc800 'java/lang/invoke/LambdaForm$MH+0x00000001000cc800'
Event: 86.725 Thread 0x000002c8f6c99ac0 Unloading class 0x00000001000cc000 'java/lang/invoke/LambdaForm$MH+0x00000001000cc000'
Event: 86.725 Thread 0x000002c8f6c99ac0 Unloading class 0x00000001000cbc00 'java/lang/invoke/LambdaForm$MH+0x00000001000cbc00'
Event: 820.612 Thread 0x000002c8f6c99ac0 Unloading class 0x0000000100410800 'java/lang/invoke/LambdaForm$MH+0x0000000100410800'
Event: 820.612 Thread 0x000002c8f6c99ac0 Unloading class 0x0000000100434400 'java/lang/invoke/LambdaForm$MH+0x0000000100434400'
Event: 820.612 Thread 0x000002c8f6c99ac0 Unloading class 0x0000000100436000 'java/lang/invoke/LambdaForm$MH+0x0000000100436000'
Event: 2459.489 Thread 0x000002c8f6c99ac0 Unloading class 0x0000000100320400 'java/lang/invoke/LambdaForm$MH+0x0000000100320400'
Event: 2459.489 Thread 0x000002c8f6c99ac0 Unloading class 0x00000001000cbc00 'java/lang/invoke/LambdaForm$MH+0x00000001000cbc00'
Event: 2459.489 Thread 0x000002c8f6c99ac0 Unloading class 0x00000001000cc000 'java/lang/invoke/LambdaForm$MH+0x00000001000cc000'
Event: 2459.489 Thread 0x000002c8f6c99ac0 Unloading class 0x00000001003aa000 'java/lang/invoke/LambdaForm$MH+0x00000001003aa000'
Event: 2459.489 Thread 0x000002c8f6c99ac0 Unloading class 0x00000001003ab400 'java/lang/invoke/LambdaForm$MH+0x00000001003ab400'
Event: 2459.489 Thread 0x000002c8f6c99ac0 Unloading class 0x00000001003ac400 'java/lang/invoke/LambdaForm$MH+0x00000001003ac400'
Event: 2459.489 Thread 0x000002c8f6c99ac0 Unloading class 0x00000001003acc00 'java/lang/invoke/LambdaForm$MH+0x00000001003acc00'
Event: 2459.489 Thread 0x000002c8f6c99ac0 Unloading class 0x00000001003b1c00 'java/lang/invoke/LambdaForm$MH+0x00000001003b1c00'
Event: 2459.489 Thread 0x000002c8f6c99ac0 Unloading class 0x00000001003b2c00 'java/lang/invoke/LambdaForm$MH+0x00000001003b2c00'
Event: 2459.490 Thread 0x000002c8f6c99ac0 Unloading class 0x0000000100436000 'java/lang/invoke/LambdaForm$MH+0x0000000100436000'

Classes redefined (0 events):
No events

Internal exceptions (20 events):
Event: 22.953 Thread 0x000002c8e9dbe980 Exception <a 'java/lang/NoSuchMethodError'{0x00000000c3cd0698}: 'int java.lang.invoke.Invokers$Holder.linkToTargetMethod(java.lang.Object, java.lang.Object, java.lang.Object)'> (0x00000000c3cd0698) 
thrown [s\src\hotspot\share\interpreter\linkResolver.cpp, line 759]
Event: 23.053 Thread 0x000002c8e9dbe980 Exception <a 'java/lang/NoSuchMethodError'{0x00000000c3798ba8}: 'java.lang.Object java.lang.invoke.DirectMethodHandle$Holder.invokeStaticInit(java.lang.Object, int, int, int, int)'> (0x00000000c3798ba8) 
thrown [s\src\hotspot\share\interpreter\linkResolver.cpp, line 759]
Event: 23.146 Thread 0x000002c8e9dbe980 Exception <a 'java/lang/NoSuchMethodError'{0x00000000c37d3f30}: 'java.lang.Object java.lang.invoke.DirectMethodHandle$Holder.invokeStaticInit(java.lang.Object, java.lang.Object, int, int, int, int)'> (0x00000000c37d3f30) 
thrown [s\src\hotspot\share\interpreter\linkResolver.cpp, line 759]
Event: 23.424 Thread 0x000002c8e9dbe980 Exception <a 'java/lang/NoSuchMethodError'{0x00000000c577cef0}: 'void java.lang.invoke.DirectMethodHandle$Holder.invokeSpecialIFC(java.lang.Object, java.lang.Object, java.lang.Object)'> (0x00000000c577cef0) 
thrown [s\src\hotspot\share\interpreter\linkResolver.cpp, line 759]
Event: 24.614 Thread 0x000002c8e9dbe980 Exception <a 'java/lang/NoSuchMethodError'{0x00000000c2e83ec8}: 'int java.lang.invoke.DirectMethodHandle$Holder.invokeStaticInit(java.lang.Object, java.lang.Object, int, java.lang.Object)'> (0x00000000c2e83ec8) 
thrown [s\src\hotspot\share\interpreter\linkResolver.cpp, line 759]
Event: 24.889 Thread 0x000002c8e9dbe980 Exception <a 'java/lang/NoSuchMethodError'{0x00000000c7ddea50}: 'void java.lang.invoke.DirectMethodHandle$Holder.invokeSpecial(java.lang.Object, java.lang.Object, java.lang.Object, java.lang.Object, java.lang.Object, java.lang.Object, java.lang.Object)'> (0x00000000c7ddea50) 
thrown [s\src\hotspot\share\interpreter\linkResolver.cpp, line 759]
Event: 25.687 Thread 0x000002c8e9dbe980 Exception <a 'java/lang/NoSuchMethodError'{0x00000000c432edd8}: 'java.lang.Object java.lang.invoke.DirectMethodHandle$Holder.invokeInterface(java.lang.Object, java.lang.Object, int)'> (0x00000000c432edd8) 
thrown [s\src\hotspot\share\interpreter\linkResolver.cpp, line 759]
Event: 25.689 Thread 0x000002c8e9dbe980 Exception <a 'java/lang/IncompatibleClassChangeError'{0x00000000c4345ae0}: Found class java.lang.Object, but interface was expected> (0x00000000c4345ae0) 
thrown [s\src\hotspot\share\interpreter\linkResolver.cpp, line 826]
Event: 26.057 Thread 0x000002c8e9dbe980 Exception <a 'java/lang/NoSuchMethodError'{0x00000000c3d510a8}: 'java.lang.Object java.lang.invoke.DirectMethodHandle$Holder.newInvokeSpecial(java.lang.Object, java.lang.Object, int, java.lang.Object, java.lang.Object)'> (0x00000000c3d510a8) 
thrown [s\src\hotspot\share\interpreter\linkResolver.cpp, line 759]
Event: 26.058 Thread 0x000002c8e9dbe980 Exception <a 'java/lang/NoSuchMethodError'{0x00000000c3d68070}: 'java.lang.Object java.lang.invoke.DirectMethodHandle$Holder.newInvokeSpecial(java.lang.Object, java.lang.Object, java.lang.Object, int)'> (0x00000000c3d68070) 
thrown [s\src\hotspot\share\interpreter\linkResolver.cpp, line 759]
Event: 26.059 Thread 0x000002c8e9dbe980 Exception <a 'java/lang/NoSuchMethodError'{0x00000000c3d6c358}: 'java.lang.Object java.lang.invoke.DirectMethodHandle$Holder.invokeSpecial(java.lang.Object, java.lang.Object, java.lang.Object, java.lang.Object, int)'> (0x00000000c3d6c358) 
thrown [s\src\hotspot\share\interpreter\linkResolver.cpp, line 759]
Event: 26.059 Thread 0x000002c8e9dbe980 Exception <a 'java/lang/NoSuchMethodError'{0x00000000c3d6ff20}: 'java.lang.Object java.lang.invoke.Invokers$Holder.linkToTargetMethod(java.lang.Object, java.lang.Object, int, java.lang.Object)'> (0x00000000c3d6ff20) 
thrown [s\src\hotspot\share\interpreter\linkResolver.cpp, line 759]
Event: 26.443 Thread 0x000002c8fc977bf0 Exception <a 'java/lang/NoSuchMethodError'{0x00000000c32265b0}: 'java.lang.Object java.lang.invoke.DirectMethodHandle$Holder.invokeStatic(java.lang.Object, int, java.lang.Object)'> (0x00000000c32265b0) 
thrown [s\src\hotspot\share\interpreter\linkResolver.cpp, line 759]
Event: 26.474 Thread 0x000002c8fc178900 Exception <a 'java/lang/NoSuchMethodError'{0x00000000c328cd20}: 'java.lang.Object java.lang.invoke.DirectMethodHandle$Holder.invokeStatic(java.lang.Object, java.lang.Object, java.lang.Object, int, java.lang.Object, java.lang.Object)'> (0x00000000c328cd20) 
thrown [s\src\hotspot\share\interpreter\linkResolver.cpp, line 759]
Event: 27.197 Thread 0x000002c8fbc22110 Exception <a 'java/lang/NoSuchMethodError'{0x00000000c435c310}: 'int java.lang.invoke.DirectMethodHandle$Holder.invokeStatic(java.lang.Object)'> (0x00000000c435c310) 
thrown [s\src\hotspot\share\interpreter\linkResolver.cpp, line 759]
Event: 27.197 Thread 0x000002c8fbc22110 Exception <a 'java/lang/NoSuchMethodError'{0x00000000c435f748}: 'int java.lang.invoke.DirectMethodHandle$Holder.invokeStaticInit(java.lang.Object)'> (0x00000000c435f748) 
thrown [s\src\hotspot\share\interpreter\linkResolver.cpp, line 759]
Event: 66.093 Thread 0x000002c8fc925c60 Exception <a 'java/lang/NoSuchMethodError'{0x00000000c43c6ad8}: 'void java.lang.invoke.DirectMethodHandle$Holder.invokeStatic(java.lang.Object, long)'> (0x00000000c43c6ad8) 
thrown [s\src\hotspot\share\interpreter\linkResolver.cpp, line 759]
Event: 66.093 Thread 0x000002c8fc925c60 Exception <a 'java/lang/NoSuchMethodError'{0x00000000c43cbe80}: 'java.lang.Object java.lang.invoke.DirectMethodHandle$Holder.newInvokeSpecial(java.lang.Object, long)'> (0x00000000c43cbe80) 
thrown [s\src\hotspot\share\interpreter\linkResolver.cpp, line 759]
Event: 1188.529 Thread 0x000002c8fbc216f0 Exception <a 'java/lang/NoSuchMethodError'{0x00000000c7d74e08}: 'java.lang.Object java.lang.invoke.DirectMethodHandle$Holder.newInvokeSpecial(java.lang.Object, java.lang.Object, int, java.lang.Object)'> (0x00000000c7d74e08) 
thrown [s\src\hotspot\share\interpreter\linkResolver.cpp, line 759]
Event: 1188.529 Thread 0x000002c8fbc216f0 Exception <a 'java/lang/NoSuchMethodError'{0x00000000c7d78728}: 'java.lang.Object java.lang.invoke.Invokers$Holder.linkToTargetMethod(java.lang.Object, int, java.lang.Object, java.lang.Object)'> (0x00000000c7d78728) 
thrown [s\src\hotspot\share\interpreter\linkResolver.cpp, line 759]

VM Operations (20 events):
Event: 7131.673 Executing VM operation: G1CollectFull done
Event: 7142.212 Executing VM operation: G1CollectFull
Event: 7142.254 Executing VM operation: G1CollectFull done
Event: 7152.455 Executing VM operation: G1CollectFull
Event: 7152.474 Executing VM operation: G1CollectFull done
Event: 7162.919 Executing VM operation: G1CollectFull
Event: 7162.953 Executing VM operation: G1CollectFull done
Event: 7173.168 Executing VM operation: G1CollectFull
Event: 7173.188 Executing VM operation: G1CollectFull done
Event: 7183.382 Executing VM operation: G1CollectFull
Event: 7183.411 Executing VM operation: G1CollectFull done
Event: 7193.574 Executing VM operation: G1CollectFull
Event: 7193.596 Executing VM operation: G1CollectFull done
Event: 7203.873 Executing VM operation: G1CollectFull
Event: 7203.906 Executing VM operation: G1CollectFull done
Event: 7214.232 Executing VM operation: G1CollectFull
Event: 7214.270 Executing VM operation: G1CollectFull done
Event: 7224.888 Executing VM operation: G1CollectFull
Event: 7224.931 Executing VM operation: G1CollectFull done
Event: 7235.005 Executing VM operation: G1CollectFull

Events (20 events):
Event: 1324.164 Thread 0x000002c8fb93d3a0 Thread exited: 0x000002c8fb93d3a0
Event: 1328.101 Thread 0x000002c8fbad07a0 Thread exited: 0x000002c8fbad07a0
Event: 1328.101 Thread 0x000002c8fbaaf230 Thread exited: 0x000002c8fbaaf230
Event: 1968.700 Thread 0x000002c8fbc22b30 Thread added: 0x000002c8fbc22b30
Event: 2028.744 Thread 0x000002c8fbc22b30 Thread exited: 0x000002c8fbc22b30
Event: 2120.875 Thread 0x000002c8fbc20cd0 Thread added: 0x000002c8fbc20cd0
Event: 2124.089 Thread 0x000002c8fbc202b0 Thread added: 0x000002c8fbc202b0
Event: 2184.117 Thread 0x000002c8fbc202b0 Thread exited: 0x000002c8fbc202b0
Event: 2184.137 Thread 0x000002c8fbc20cd0 Thread exited: 0x000002c8fbc20cd0
Event: 2469.206 Thread 0x000002c8fbc1fda0 Thread exited: 0x000002c8fbc1fda0
Event: 2533.771 Thread 0x000002c8fbc22620 Thread added: 0x000002c8fbc22620
Event: 2593.780 Thread 0x000002c8fbc22620 Thread exited: 0x000002c8fbc22620
Event: 3787.373 Thread 0x000002c8fbc1e450 Thread added: 0x000002c8fbc1e450
Event: 3787.386 Thread 0x000002c8fbc202b0 Thread added: 0x000002c8fbc202b0
Event: 3850.318 Thread 0x000002c8fbc1e450 Thread exited: 0x000002c8fbc1e450
Event: 3850.335 Thread 0x000002c8fbc202b0 Thread exited: 0x000002c8fbc202b0
Event: 4786.014 Thread 0x000002c8fbc211e0 Thread added: 0x000002c8fbc211e0
Event: 4786.861 Thread 0x000002c8fbc21c00 Thread added: 0x000002c8fbc21c00
Event: 4846.944 Thread 0x000002c8fbc211e0 Thread exited: 0x000002c8fbc211e0
Event: 4847.557 Thread 0x000002c8fbc21c00 Thread exited: 0x000002c8fbc21c00


Dynamic libraries:
0x00007ff79d630000 - 0x00007ff79d63e000 	c:\Users\HP\.vscode\extensions\redhat.java-1.34.0-win32-x64\jre\17.0.12-win32-x86_64\bin\java.exe
0x00007ffb81e50000 - 0x00007ffb82067000 	C:\WINDOWS\SYSTEM32\ntdll.dll
0x00007ffb81270000 - 0x00007ffb81334000 	C:\WINDOWS\System32\KERNEL32.DLL
0x00007ffb7f400000 - 0x00007ffb7f7ad000 	C:\WINDOWS\System32\KERNELBASE.dll
0x00007ffb7fa60000 - 0x00007ffb7fb71000 	C:\WINDOWS\System32\ucrtbase.dll
0x00007ffb79410000 - 0x00007ffb79427000 	c:\Users\HP\.vscode\extensions\redhat.java-1.34.0-win32-x64\jre\17.0.12-win32-x86_64\bin\jli.dll
0x00007ffb81440000 - 0x00007ffb815ee000 	C:\WINDOWS\System32\USER32.dll
0x00007ffb66fa0000 - 0x00007ffb66fbb000 	c:\Users\HP\.vscode\extensions\redhat.java-1.34.0-win32-x64\jre\17.0.12-win32-x86_64\bin\VCRUNTIME140.dll
0x00007ffb5d780000 - 0x00007ffb5da13000 	C:\WINDOWS\WinSxS\amd64_microsoft.windows.common-controls_6595b64144ccf1df_6.0.22621.3672_none_2713b9d173822955\COMCTL32.dll
0x00007ffb7fb90000 - 0x00007ffb7fc37000 	C:\WINDOWS\System32\msvcrt.dll
0x00007ffb7f350000 - 0x00007ffb7f376000 	C:\WINDOWS\System32\win32u.dll
0x00007ffb81ae0000 - 0x00007ffb81b09000 	C:\WINDOWS\System32\GDI32.dll
0x00007ffb7f170000 - 0x00007ffb7f289000 	C:\WINDOWS\System32\gdi32full.dll
0x00007ffb7f820000 - 0x00007ffb7f8ba000 	C:\WINDOWS\System32\msvcp_win.dll
0x00007ffb81400000 - 0x00007ffb81431000 	C:\WINDOWS\System32\IMM32.DLL
0x00007ffb7a690000 - 0x00007ffb7a69c000 	c:\Users\HP\.vscode\extensions\redhat.java-1.34.0-win32-x64\jre\17.0.12-win32-x86_64\bin\vcruntime140_1.dll
0x00007ffb21250000 - 0x00007ffb212dd000 	c:\Users\HP\.vscode\extensions\redhat.java-1.34.0-win32-x64\jre\17.0.12-win32-x86_64\bin\msvcp140.dll
0x00007ffae0020000 - 0x00007ffae0c8a000 	c:\Users\HP\.vscode\extensions\redhat.java-1.34.0-win32-x64\jre\17.0.12-win32-x86_64\bin\server\jvm.dll
0x00007ffb81340000 - 0x00007ffb813f2000 	C:\WINDOWS\System32\ADVAPI32.dll
0x00007ffb80510000 - 0x00007ffb805b9000 	C:\WINDOWS\System32\sechost.dll
0x00007ffb7fa30000 - 0x00007ffb7fa58000 	C:\WINDOWS\System32\bcrypt.dll
0x00007ffb81b10000 - 0x00007ffb81c24000 	C:\WINDOWS\System32\RPCRT4.dll
0x00007ffb80690000 - 0x00007ffb80701000 	C:\WINDOWS\System32\WS2_32.dll
0x00007ffb7e350000 - 0x00007ffb7e39d000 	C:\WINDOWS\SYSTEM32\POWRPROF.dll
0x00007ffb77e50000 - 0x00007ffb77e84000 	C:\WINDOWS\SYSTEM32\WINMM.dll
0x00007ffb76c00000 - 0x00007ffb76c0a000 	C:\WINDOWS\SYSTEM32\VERSION.dll
0x00007ffb7e330000 - 0x00007ffb7e343000 	C:\WINDOWS\SYSTEM32\UMPDC.dll
0x00007ffb7e1d0000 - 0x00007ffb7e1e8000 	C:\WINDOWS\SYSTEM32\kernel.appcore.dll
0x00007ffb78910000 - 0x00007ffb7891a000 	c:\Users\HP\.vscode\extensions\redhat.java-1.34.0-win32-x64\jre\17.0.12-win32-x86_64\bin\jimage.dll
0x00007ffb7ca50000 - 0x00007ffb7cc82000 	C:\WINDOWS\SYSTEM32\DBGHELP.DLL
0x00007ffb815f0000 - 0x00007ffb8197d000 	C:\WINDOWS\System32\combase.dll
0x00007ffb81d30000 - 0x00007ffb81e07000 	C:\WINDOWS\System32\OLEAUT32.dll
0x00007ffb56f30000 - 0x00007ffb56f62000 	C:\WINDOWS\SYSTEM32\dbgcore.DLL
0x00007ffb7f380000 - 0x00007ffb7f3fb000 	C:\WINDOWS\System32\bcryptPrimitives.dll
0x00007ffb5ce50000 - 0x00007ffb5ce75000 	c:\Users\HP\.vscode\extensions\redhat.java-1.34.0-win32-x64\jre\17.0.12-win32-x86_64\bin\java.dll
0x00007ffb640f0000 - 0x00007ffb64108000 	c:\Users\HP\.vscode\extensions\redhat.java-1.34.0-win32-x64\jre\17.0.12-win32-x86_64\bin\zip.dll
0x00007ffb7fc40000 - 0x00007ffb804a8000 	C:\WINDOWS\System32\SHELL32.dll
0x00007ffb7d070000 - 0x00007ffb7d96e000 	C:\WINDOWS\SYSTEM32\windows.storage.dll
0x00007ffb7cf30000 - 0x00007ffb7d06f000 	C:\WINDOWS\SYSTEM32\wintypes.dll
0x00007ffb81c30000 - 0x00007ffb81d29000 	C:\WINDOWS\System32\SHCORE.dll
0x00007ffb80d30000 - 0x00007ffb80d8e000 	C:\WINDOWS\System32\shlwapi.dll
0x00007ffb7f0a0000 - 0x00007ffb7f0c1000 	C:\WINDOWS\SYSTEM32\profapi.dll
0x00007ffb5d050000 - 0x00007ffb5d069000 	C:\Users\HP\.vscode\extensions\redhat.java-1.34.0-win32-x64\jre\17.0.12-win32-x86_64\bin\net.dll
0x00007ffb78080000 - 0x00007ffb781b6000 	C:\WINDOWS\SYSTEM32\WINHTTP.dll
0x00007ffb7e6b0000 - 0x00007ffb7e719000 	C:\WINDOWS\system32\mswsock.dll
0x00007ffb51a90000 - 0x00007ffb51aa6000 	C:\Users\HP\.vscode\extensions\redhat.java-1.34.0-win32-x64\jre\17.0.12-win32-x86_64\bin\nio.dll
0x00007ffb5f8f0000 - 0x00007ffb5f900000 	c:\Users\HP\.vscode\extensions\redhat.java-1.34.0-win32-x64\jre\17.0.12-win32-x86_64\bin\verify.dll
0x00007ffb7ea00000 - 0x00007ffb7ea1b000 	C:\WINDOWS\SYSTEM32\CRYPTSP.dll
0x00007ffb7e130000 - 0x00007ffb7e165000 	C:\WINDOWS\system32\rsaenh.dll
0x00007ffb7e750000 - 0x00007ffb7e778000 	C:\WINDOWS\SYSTEM32\USERENV.dll
0x00007ffb7e9e0000 - 0x00007ffb7e9ec000 	C:\WINDOWS\SYSTEM32\CRYPTBASE.dll
0x00007ffb7dbd0000 - 0x00007ffb7dbfd000 	C:\WINDOWS\SYSTEM32\IPHLPAPI.DLL
0x00007ffb7fb80000 - 0x00007ffb7fb89000 	C:\WINDOWS\System32\NSI.dll
0x00007ffb78500000 - 0x00007ffb78519000 	C:\WINDOWS\SYSTEM32\dhcpcsvc6.DLL
0x00007ffb77ce0000 - 0x00007ffb77cff000 	C:\WINDOWS\SYSTEM32\dhcpcsvc.DLL
0x00007ffb7dc40000 - 0x00007ffb7dd38000 	C:\WINDOWS\SYSTEM32\DNSAPI.dll
0x00007ffb5bb50000 - 0x00007ffb5bb59000 	C:\Users\HP\.vscode\extensions\redhat.java-1.34.0-win32-x64\jre\17.0.12-win32-x86_64\bin\management.dll
0x00007ffb5ba20000 - 0x00007ffb5ba2b000 	C:\Users\HP\.vscode\extensions\redhat.java-1.34.0-win32-x64\jre\17.0.12-win32-x86_64\bin\management_ext.dll
0x00007ffb80d90000 - 0x00007ffb80d98000 	C:\WINDOWS\System32\PSAPI.DLL

dbghelp: loaded successfully - version: 4.0.5 - missing functions: none
symbol engine: initialized successfully - sym options: 0x614 - pdb path: .;c:\Users\HP\.vscode\extensions\redhat.java-1.34.0-win32-x64\jre\17.0.12-win32-x86_64\bin;C:\WINDOWS\SYSTEM32;C:\WINDOWS\WinSxS\amd64_microsoft.windows.common-controls_6595b64144ccf1df_6.0.22621.3672_none_2713b9d173822955;c:\Users\HP\.vscode\extensions\redhat.java-1.34.0-win32-x64\jre\17.0.12-win32-x86_64\bin\server

VM Arguments:
jvm_args: -Xmx1024m -Dsts.lsp.client=vscode -Dsts.log.file=/dev/null -XX:TieredStopAtLevel=1 -Xlog:jni+resolve=off -Dspring.config.location=file:c:\Users\HP\.vscode\extensions\vmware.vscode-spring-boot-1.56.0\language-server\BOOT-INF\classes\application.properties 
java_command: org.springframework.ide.vscode.boot.app.BootLanguageServerBootApp
java_class_path (initial): c:\Users\HP\.vscode\extensions\vmware.vscode-spring-boot-1.56.0\language-server\BOOT-INF\classes;c:\Users\HP\.vscode\extensions\vmware.vscode-spring-boot-1.56.0\language-server\BOOT-INF\lib\annotations-24.1.0.jar;c:\Users\HP\.vscode\extensions\vmware.vscode-spring-boot-1.56.0\language-server\BOOT-INF\lib\antlr4-runtime-4.13.1.jar;c:\Users\HP\.vscode\extensions\vmware.vscode-spring-boot-1.56.0\language-server\BOOT-INF\lib\asm-9.7.jar;c:\Users\HP\.vscode\extensions\vmware.vscode-spring-boot-1.56.0\language-server\BOOT-INF\lib\asm-analysis-9.7.jar;c:\Users\HP\.vscode\extensions\vmware.vscode-spring-boot-1.56.0\language-server\BOOT-INF\lib\asm-tree-9.7.jar;c:\Users\HP\.vscode\extensions\vmware.vscode-spring-boot-1.56.0\language-server\BOOT-INF\lib\asm-util-9.7.jar;c:\Users\HP\.vscode\extensions\vmware.vscode-spring-boot-1.56.0\language-server\BOOT-INF\lib\caffeine-3.1.8.jar;c:\Users\HP\.vscode\extensions\vmware.vscode-spring-boot-1.56.0\language-server\BOOT-INF\lib\checker-qual-3.12.0.jar;c:\Users\HP\.vscode\extensions\vmware.vscode-spring-boot-1.56.0\language-server\BOOT-INF\lib\classgraph-4.8.149.jar;c:\Users\HP\.vscode\extensions\vmware.vscode-spring-boot-1.56.0\language-server\BOOT-INF\lib\commons-codec-1.16.1.jar;c:\Users\HP\.vscode\extensions\vmware.vscode-spring-boot-1.56.0\language-server\BOOT-INF\lib\commons-compress-1.26.2.jar;c:\Users\HP\.vscode\extensions\vmware.vscode-spring-boot-1.56.0\language-server\BOOT-INF\lib\commons-io-2.16.1.jar;c:\Users\HP\.vscode\extensions\vmware.vscode-spring-boot-1.56.0\language-server\BOOT-INF\lib\commons-java-1.56.0-SNAPSHOT.jar;c:\Users\HP\.vscode\extensions\vmware.vscode-spring-boot-1.56.0\language-server\BOOT-INF\lib\commons-lang3-3.14.0.jar;c:\Users\HP\.vscode\extensions\vmware.vscode-spring-boot-1.56.0\language-server\BOOT-INF\lib\commons-language-server-1.56.0-SNAPSHOT.jar;c:\Users\HP\.vscode\extensions\vmware.vscode-spring-boot-1.56.0\language-server\BOOT-INF\lib\commons-lsp-extensions-1.56
Launcher Type: SUN_STANDARD

[Global flags]
     intx CICompilerCount                          = 4                                         {product} {ergonomic}
     uint ConcGCThreads                            = 2                                         {product} {ergonomic}
     uint G1ConcRefinementThreads                  = 8                                         {product} {ergonomic}
   size_t G1HeapRegionSize                         = 1048576                                   {product} {ergonomic}
    uintx GCDrainStackTargetSize                   = 64                                        {product} {ergonomic}
   size_t InitialHeapSize                          = 132120576                                 {product} {ergonomic}
   size_t MarkStackSize                            = 4194304                                   {product} {ergonomic}
   size_t MaxHeapSize                              = 1073741824                                {product} {command line}
   size_t MaxNewSize                               = 643825664                                 {product} {ergonomic}
   size_t MinHeapDeltaBytes                        = 1048576                                   {product} {ergonomic}
   size_t MinHeapSize                              = 8388608                                   {product} {ergonomic}
    uintx NonProfiledCodeHeapSize                  = 0                                      {pd product} {ergonomic}
     bool ProfileInterpreter                       = false                                  {pd product} {command line}
    uintx ProfiledCodeHeapSize                     = 0                                      {pd product} {ergonomic}
   size_t SoftMaxHeapSize                          = 1073741824                             {manageable} {ergonomic}
     intx TieredStopAtLevel                        = 1                                         {product} {command line}
     bool UseCompressedClassPointers               = true                           {product lp64_product} {ergonomic}
     bool UseCompressedOops                        = true                           {product lp64_product} {ergonomic}
     bool UseG1GC                                  = true                                      {product} {ergonomic}
     bool UseLargePagesIndividualAllocation        = false                                  {pd product} {ergonomic}

Logging:
Log output configuration:
 #0: stdout all=warning,jni+resolve=off uptime,level,tags
 #1: stderr all=off uptime,level,tags

Environment Variables:
JAVA_HOME=C:\Program Files\Java\jdk-18.0.2
PATH=C:\Users\HP\AppData\Local\cloud-code\installer\google-cloud-sdk\bin;C:\Users\HP\AppData\Local\Programs\Python\Python312\Scripts\;C:\Users\HP\AppData\Local\Programs\Python\Python312\;C:\Program Files\Common Files\Oracle\Java\javapath;C:\msys64\ucrt64\bin;C:\Users\HP\Desktop\ngrok-v3-stable-windows-amd64;C:\Program Files\nodejs\;C:\ProgramData\chocolatey\bin;C:\Users\HP\Desktop\apache-maven-3.9.9\bin;C:\Users\HP\AppData\Roaming\Microsoft\Windows\Start Menu\Programs\Google Cloud SDK\Google Cloud SDK Shell.lnk;C:\Users\HP\AppData\Roaming\Microsoft\Windows\Start Menu\Programs\Google Cloud SDK\Cloud Tools for PowerShell.lnk;C:\Program Files\Git\cmd;C:\Program Files\Docker\Docker\resources\bin;C:\Windows\System32;C:\Users\HP\AppData\Local\Programs\Python\Python312\Scripts\;C:\Users\HP\AppData\Local\Programs\Python\Python312\;C:\Program Files\MySQL\MySQL Shell 8.0\bin\;C:\Users\HP\.cargo\bin;C:\Users\HP\AppData\Local\Microsoft\WindowsApps;C:\Users\HP\AppData\Local\Programs\Microsoft VS Code\bin;C:\Users\HP\.dotnet\tools;C:\Users\HP\AppData\Local\Microsoft\WinGet\Packages\Schniz.fnm_Microsoft.Winget.Source_8wekyb3d8bbwe;C:\Users\HP\AppData\Roaming\npm;C:\Users\HP\AppData\Local\Google\Cloud SDK\google-cloud-sdk\bin;C:\Users\HP\AppData\Roaming\Microsoft\Windows\Start Menu\Programs\Google Cloud SDK\Cloud Tools for PowerShell.lnk;;C:\Users\HP\AppData\Local\Google\Cloud SDK\google-cloud-sdk\bin;C:\Program Files (x86)\Google\Cloud SDK\google-cloud-sdk\bin;C:\Program Files\Google\Cloud SDK\google-cloud-sdk\bin
USERNAME=HP
OS=Windows_NT
PROCESSOR_IDENTIFIER=Intel64 Family 6 Model 142 Stepping 12, GenuineIntel
TMP=C:\Users\HP\AppData\Local\Temp
TEMP=C:\Users\HP\AppData\Local\Temp



Periodic native trim disabled


---------------  S Y S T E M  ---------------

OS:
 Windows 11 , 64 bit Build 22621 (10.0.22621.3958)
OS uptime: 8 days 20:04 hours
Hyper-V role detected

CPU: total 8 (initial active 8) (4 cores per cpu, 2 threads per core) family 6 model 142 stepping 12 microcode 0xfa, cx8, cmov, fxsr, ht, mmx, 3dnowpref, sse, sse2, sse3, ssse3, sse4.1, sse4.2, popcnt, lzcnt, tsc, tscinvbit, avx, avx2, aes, erms, clmul, bmi1, bmi2, adx, fma, vzeroupper, clflush, clflushopt, hv
Processor Information for all 8 processors :
  Max Mhz: 2304, Current Mhz: 1803, Mhz Limit: 1797

Memory: 4k page, system-wide physical 8029M (309M free)
TotalPageFile size 32605M (AvailPageFile size 19M)
current process WorkingSet (physical memory assigned to process): 44M, peak: 172M
current process commit charge ("private bytes"): 217M, peak: 232M

vm_info: OpenJDK 64-Bit Server VM (17.0.12+7) for windows-amd64 JRE (17.0.12+7), built on Jul 16 2024 22:08:24 by "admin" with MS VC++ 16.10 / 16.11 (VS2019)

END.
